[2022-10-13T05:13:22.463+0000] {processor.py:156} INFO - Started process (PID=227) to work on /home/airflow/.local/lib/python3.7/site-packages/airflow/example_dags/example_branch_python_dop_operator_3.py
[2022-10-13T05:13:22.463+0000] {processor.py:758} INFO - Processing file /home/airflow/.local/lib/python3.7/site-packages/airflow/example_dags/example_branch_python_dop_operator_3.py for tasks to queue
[2022-10-13T05:13:22.463+0000] {logging_mixin.py:117} INFO - [2022-10-13T05:13:22.463+0000] {dagbag.py:525} INFO - Filling up the DagBag from /home/airflow/.local/lib/python3.7/site-packages/airflow/example_dags/example_branch_python_dop_operator_3.py
[2022-10-13T05:13:22.480+0000] {processor.py:768} INFO - DAG(s) dict_keys(['example_branch_dop_operator_v3']) retrieved from /home/airflow/.local/lib/python3.7/site-packages/airflow/example_dags/example_branch_python_dop_operator_3.py
[2022-10-13T05:13:22.493+0000] {logging_mixin.py:117} INFO - [2022-10-13T05:13:22.493+0000] {dag.py:2573} INFO - Sync 1 DAGs
[2022-10-13T05:13:22.511+0000] {logging_mixin.py:117} INFO - [2022-10-13T05:13:22.511+0000] {dag.py:3328} INFO - Setting next_dagrun for example_branch_dop_operator_v3 to 2022-10-13T05:12:00+00:00, run_after=2022-10-13T05:13:00+00:00
[2022-10-13T05:13:22.521+0000] {processor.py:178} INFO - Processing /home/airflow/.local/lib/python3.7/site-packages/airflow/example_dags/example_branch_python_dop_operator_3.py took 0.061 seconds
[2022-10-13T05:13:53.232+0000] {processor.py:156} INFO - Started process (PID=434) to work on /home/airflow/.local/lib/python3.7/site-packages/airflow/example_dags/example_branch_python_dop_operator_3.py
[2022-10-13T05:13:53.233+0000] {processor.py:758} INFO - Processing file /home/airflow/.local/lib/python3.7/site-packages/airflow/example_dags/example_branch_python_dop_operator_3.py for tasks to queue
[2022-10-13T05:13:53.233+0000] {logging_mixin.py:117} INFO - [2022-10-13T05:13:53.233+0000] {dagbag.py:525} INFO - Filling up the DagBag from /home/airflow/.local/lib/python3.7/site-packages/airflow/example_dags/example_branch_python_dop_operator_3.py
[2022-10-13T05:13:53.247+0000] {processor.py:768} INFO - DAG(s) dict_keys(['example_branch_dop_operator_v3']) retrieved from /home/airflow/.local/lib/python3.7/site-packages/airflow/example_dags/example_branch_python_dop_operator_3.py
[2022-10-13T05:13:53.268+0000] {logging_mixin.py:117} INFO - [2022-10-13T05:13:53.268+0000] {dag.py:2573} INFO - Sync 1 DAGs
[2022-10-13T05:13:53.357+0000] {logging_mixin.py:117} INFO - [2022-10-13T05:13:53.357+0000] {dag.py:3328} INFO - Setting next_dagrun for example_branch_dop_operator_v3 to 2022-10-13T05:12:00+00:00, run_after=2022-10-13T05:13:00+00:00
[2022-10-13T05:13:53.369+0000] {processor.py:178} INFO - Processing /home/airflow/.local/lib/python3.7/site-packages/airflow/example_dags/example_branch_python_dop_operator_3.py took 0.138 seconds
[2022-10-13T05:14:24.215+0000] {processor.py:156} INFO - Started process (PID=642) to work on /home/airflow/.local/lib/python3.7/site-packages/airflow/example_dags/example_branch_python_dop_operator_3.py
[2022-10-13T05:14:24.215+0000] {processor.py:758} INFO - Processing file /home/airflow/.local/lib/python3.7/site-packages/airflow/example_dags/example_branch_python_dop_operator_3.py for tasks to queue
[2022-10-13T05:14:24.216+0000] {logging_mixin.py:117} INFO - [2022-10-13T05:14:24.216+0000] {dagbag.py:525} INFO - Filling up the DagBag from /home/airflow/.local/lib/python3.7/site-packages/airflow/example_dags/example_branch_python_dop_operator_3.py
[2022-10-13T05:14:24.229+0000] {processor.py:768} INFO - DAG(s) dict_keys(['example_branch_dop_operator_v3']) retrieved from /home/airflow/.local/lib/python3.7/site-packages/airflow/example_dags/example_branch_python_dop_operator_3.py
[2022-10-13T05:14:24.319+0000] {logging_mixin.py:117} INFO - [2022-10-13T05:14:24.319+0000] {dag.py:2573} INFO - Sync 1 DAGs
[2022-10-13T05:14:24.335+0000] {logging_mixin.py:117} INFO - [2022-10-13T05:14:24.335+0000] {dag.py:3328} INFO - Setting next_dagrun for example_branch_dop_operator_v3 to 2022-10-13T05:13:00+00:00, run_after=2022-10-13T05:14:00+00:00
[2022-10-13T05:14:24.345+0000] {processor.py:178} INFO - Processing /home/airflow/.local/lib/python3.7/site-packages/airflow/example_dags/example_branch_python_dop_operator_3.py took 0.132 seconds
[2022-10-13T05:14:55.045+0000] {processor.py:156} INFO - Started process (PID=849) to work on /home/airflow/.local/lib/python3.7/site-packages/airflow/example_dags/example_branch_python_dop_operator_3.py
[2022-10-13T05:14:55.045+0000] {processor.py:758} INFO - Processing file /home/airflow/.local/lib/python3.7/site-packages/airflow/example_dags/example_branch_python_dop_operator_3.py for tasks to queue
[2022-10-13T05:14:55.046+0000] {logging_mixin.py:117} INFO - [2022-10-13T05:14:55.046+0000] {dagbag.py:525} INFO - Filling up the DagBag from /home/airflow/.local/lib/python3.7/site-packages/airflow/example_dags/example_branch_python_dop_operator_3.py
[2022-10-13T05:14:55.059+0000] {processor.py:768} INFO - DAG(s) dict_keys(['example_branch_dop_operator_v3']) retrieved from /home/airflow/.local/lib/python3.7/site-packages/airflow/example_dags/example_branch_python_dop_operator_3.py
[2022-10-13T05:14:55.147+0000] {logging_mixin.py:117} INFO - [2022-10-13T05:14:55.147+0000] {dag.py:2573} INFO - Sync 1 DAGs
[2022-10-13T05:14:55.162+0000] {logging_mixin.py:117} INFO - [2022-10-13T05:14:55.162+0000] {dag.py:3328} INFO - Setting next_dagrun for example_branch_dop_operator_v3 to 2022-10-13T05:13:00+00:00, run_after=2022-10-13T05:14:00+00:00
[2022-10-13T05:14:55.175+0000] {processor.py:178} INFO - Processing /home/airflow/.local/lib/python3.7/site-packages/airflow/example_dags/example_branch_python_dop_operator_3.py took 0.132 seconds
[2022-10-13T05:15:25.745+0000] {processor.py:156} INFO - Started process (PID=1047) to work on /home/airflow/.local/lib/python3.7/site-packages/airflow/example_dags/example_branch_python_dop_operator_3.py
[2022-10-13T05:15:25.745+0000] {processor.py:758} INFO - Processing file /home/airflow/.local/lib/python3.7/site-packages/airflow/example_dags/example_branch_python_dop_operator_3.py for tasks to queue
[2022-10-13T05:15:25.746+0000] {logging_mixin.py:117} INFO - [2022-10-13T05:15:25.746+0000] {dagbag.py:525} INFO - Filling up the DagBag from /home/airflow/.local/lib/python3.7/site-packages/airflow/example_dags/example_branch_python_dop_operator_3.py
[2022-10-13T05:15:25.760+0000] {processor.py:768} INFO - DAG(s) dict_keys(['example_branch_dop_operator_v3']) retrieved from /home/airflow/.local/lib/python3.7/site-packages/airflow/example_dags/example_branch_python_dop_operator_3.py
[2022-10-13T05:15:25.847+0000] {logging_mixin.py:117} INFO - [2022-10-13T05:15:25.847+0000] {dag.py:2573} INFO - Sync 1 DAGs
[2022-10-13T05:15:25.862+0000] {logging_mixin.py:117} INFO - [2022-10-13T05:15:25.862+0000] {dag.py:3328} INFO - Setting next_dagrun for example_branch_dop_operator_v3 to 2022-10-13T05:14:00+00:00, run_after=2022-10-13T05:15:00+00:00
[2022-10-13T05:15:25.873+0000] {processor.py:178} INFO - Processing /home/airflow/.local/lib/python3.7/site-packages/airflow/example_dags/example_branch_python_dop_operator_3.py took 0.130 seconds
[2022-10-13T05:15:56.510+0000] {processor.py:156} INFO - Started process (PID=1254) to work on /home/airflow/.local/lib/python3.7/site-packages/airflow/example_dags/example_branch_python_dop_operator_3.py
[2022-10-13T05:15:56.511+0000] {processor.py:758} INFO - Processing file /home/airflow/.local/lib/python3.7/site-packages/airflow/example_dags/example_branch_python_dop_operator_3.py for tasks to queue
[2022-10-13T05:15:56.511+0000] {logging_mixin.py:117} INFO - [2022-10-13T05:15:56.511+0000] {dagbag.py:525} INFO - Filling up the DagBag from /home/airflow/.local/lib/python3.7/site-packages/airflow/example_dags/example_branch_python_dop_operator_3.py
[2022-10-13T05:15:56.594+0000] {processor.py:768} INFO - DAG(s) dict_keys(['example_branch_dop_operator_v3']) retrieved from /home/airflow/.local/lib/python3.7/site-packages/airflow/example_dags/example_branch_python_dop_operator_3.py
[2022-10-13T05:15:56.611+0000] {logging_mixin.py:117} INFO - [2022-10-13T05:15:56.611+0000] {dag.py:2573} INFO - Sync 1 DAGs
[2022-10-13T05:15:56.627+0000] {logging_mixin.py:117} INFO - [2022-10-13T05:15:56.627+0000] {dag.py:3328} INFO - Setting next_dagrun for example_branch_dop_operator_v3 to 2022-10-13T05:14:00+00:00, run_after=2022-10-13T05:15:00+00:00
[2022-10-13T05:15:56.637+0000] {processor.py:178} INFO - Processing /home/airflow/.local/lib/python3.7/site-packages/airflow/example_dags/example_branch_python_dop_operator_3.py took 0.129 seconds
[2022-10-13T05:16:26.985+0000] {processor.py:156} INFO - Started process (PID=1459) to work on /home/airflow/.local/lib/python3.7/site-packages/airflow/example_dags/example_branch_python_dop_operator_3.py
[2022-10-13T05:16:26.986+0000] {processor.py:758} INFO - Processing file /home/airflow/.local/lib/python3.7/site-packages/airflow/example_dags/example_branch_python_dop_operator_3.py for tasks to queue
[2022-10-13T05:16:26.986+0000] {logging_mixin.py:117} INFO - [2022-10-13T05:16:26.986+0000] {dagbag.py:525} INFO - Filling up the DagBag from /home/airflow/.local/lib/python3.7/site-packages/airflow/example_dags/example_branch_python_dop_operator_3.py
[2022-10-13T05:16:27.000+0000] {processor.py:768} INFO - DAG(s) dict_keys(['example_branch_dop_operator_v3']) retrieved from /home/airflow/.local/lib/python3.7/site-packages/airflow/example_dags/example_branch_python_dop_operator_3.py
[2022-10-13T05:16:27.022+0000] {logging_mixin.py:117} INFO - [2022-10-13T05:16:27.022+0000] {dag.py:2573} INFO - Sync 1 DAGs
[2022-10-13T05:16:27.040+0000] {logging_mixin.py:117} INFO - [2022-10-13T05:16:27.040+0000] {dag.py:3328} INFO - Setting next_dagrun for example_branch_dop_operator_v3 to 2022-10-13T05:15:00+00:00, run_after=2022-10-13T05:16:00+00:00
[2022-10-13T05:16:27.050+0000] {processor.py:178} INFO - Processing /home/airflow/.local/lib/python3.7/site-packages/airflow/example_dags/example_branch_python_dop_operator_3.py took 0.067 seconds
[2022-10-13T05:16:57.537+0000] {processor.py:156} INFO - Started process (PID=1661) to work on /home/airflow/.local/lib/python3.7/site-packages/airflow/example_dags/example_branch_python_dop_operator_3.py
[2022-10-13T05:16:57.537+0000] {processor.py:758} INFO - Processing file /home/airflow/.local/lib/python3.7/site-packages/airflow/example_dags/example_branch_python_dop_operator_3.py for tasks to queue
[2022-10-13T05:16:57.538+0000] {logging_mixin.py:117} INFO - [2022-10-13T05:16:57.538+0000] {dagbag.py:525} INFO - Filling up the DagBag from /home/airflow/.local/lib/python3.7/site-packages/airflow/example_dags/example_branch_python_dop_operator_3.py
[2022-10-13T05:16:57.554+0000] {processor.py:768} INFO - DAG(s) dict_keys(['example_branch_dop_operator_v3']) retrieved from /home/airflow/.local/lib/python3.7/site-packages/airflow/example_dags/example_branch_python_dop_operator_3.py
[2022-10-13T05:16:57.578+0000] {logging_mixin.py:117} INFO - [2022-10-13T05:16:57.578+0000] {dag.py:2573} INFO - Sync 1 DAGs
[2022-10-13T05:16:57.597+0000] {logging_mixin.py:117} INFO - [2022-10-13T05:16:57.597+0000] {dag.py:3328} INFO - Setting next_dagrun for example_branch_dop_operator_v3 to 2022-10-13T05:15:00+00:00, run_after=2022-10-13T05:16:00+00:00
[2022-10-13T05:16:57.609+0000] {processor.py:178} INFO - Processing /home/airflow/.local/lib/python3.7/site-packages/airflow/example_dags/example_branch_python_dop_operator_3.py took 0.074 seconds
[2022-10-13T05:17:28.223+0000] {processor.py:156} INFO - Started process (PID=1873) to work on /home/airflow/.local/lib/python3.7/site-packages/airflow/example_dags/example_branch_python_dop_operator_3.py
[2022-10-13T05:17:28.224+0000] {processor.py:758} INFO - Processing file /home/airflow/.local/lib/python3.7/site-packages/airflow/example_dags/example_branch_python_dop_operator_3.py for tasks to queue
[2022-10-13T05:17:28.224+0000] {logging_mixin.py:117} INFO - [2022-10-13T05:17:28.224+0000] {dagbag.py:525} INFO - Filling up the DagBag from /home/airflow/.local/lib/python3.7/site-packages/airflow/example_dags/example_branch_python_dop_operator_3.py
[2022-10-13T05:17:28.238+0000] {processor.py:768} INFO - DAG(s) dict_keys(['example_branch_dop_operator_v3']) retrieved from /home/airflow/.local/lib/python3.7/site-packages/airflow/example_dags/example_branch_python_dop_operator_3.py
[2022-10-13T05:17:28.260+0000] {logging_mixin.py:117} INFO - [2022-10-13T05:17:28.260+0000] {dag.py:2573} INFO - Sync 1 DAGs
[2022-10-13T05:17:28.278+0000] {logging_mixin.py:117} INFO - [2022-10-13T05:17:28.278+0000] {dag.py:3328} INFO - Setting next_dagrun for example_branch_dop_operator_v3 to 2022-10-13T05:16:00+00:00, run_after=2022-10-13T05:17:00+00:00
[2022-10-13T05:17:28.289+0000] {processor.py:178} INFO - Processing /home/airflow/.local/lib/python3.7/site-packages/airflow/example_dags/example_branch_python_dop_operator_3.py took 0.067 seconds
[2022-10-13T05:17:58.902+0000] {processor.py:156} INFO - Started process (PID=2080) to work on /home/airflow/.local/lib/python3.7/site-packages/airflow/example_dags/example_branch_python_dop_operator_3.py
[2022-10-13T05:17:58.903+0000] {processor.py:758} INFO - Processing file /home/airflow/.local/lib/python3.7/site-packages/airflow/example_dags/example_branch_python_dop_operator_3.py for tasks to queue
[2022-10-13T05:17:58.903+0000] {logging_mixin.py:117} INFO - [2022-10-13T05:17:58.903+0000] {dagbag.py:525} INFO - Filling up the DagBag from /home/airflow/.local/lib/python3.7/site-packages/airflow/example_dags/example_branch_python_dop_operator_3.py
[2022-10-13T05:17:58.918+0000] {processor.py:768} INFO - DAG(s) dict_keys(['example_branch_dop_operator_v3']) retrieved from /home/airflow/.local/lib/python3.7/site-packages/airflow/example_dags/example_branch_python_dop_operator_3.py
[2022-10-13T05:17:58.985+0000] {logging_mixin.py:117} INFO - [2022-10-13T05:17:58.985+0000] {dag.py:2573} INFO - Sync 1 DAGs
[2022-10-13T05:17:59.005+0000] {logging_mixin.py:117} INFO - [2022-10-13T05:17:59.005+0000] {dag.py:3328} INFO - Setting next_dagrun for example_branch_dop_operator_v3 to 2022-10-13T05:16:00+00:00, run_after=2022-10-13T05:17:00+00:00
[2022-10-13T05:17:59.016+0000] {processor.py:178} INFO - Processing /home/airflow/.local/lib/python3.7/site-packages/airflow/example_dags/example_branch_python_dop_operator_3.py took 0.116 seconds
[2022-10-13T05:18:29.545+0000] {processor.py:156} INFO - Started process (PID=2278) to work on /home/airflow/.local/lib/python3.7/site-packages/airflow/example_dags/example_branch_python_dop_operator_3.py
[2022-10-13T05:18:29.546+0000] {processor.py:758} INFO - Processing file /home/airflow/.local/lib/python3.7/site-packages/airflow/example_dags/example_branch_python_dop_operator_3.py for tasks to queue
[2022-10-13T05:18:29.546+0000] {logging_mixin.py:117} INFO - [2022-10-13T05:18:29.546+0000] {dagbag.py:525} INFO - Filling up the DagBag from /home/airflow/.local/lib/python3.7/site-packages/airflow/example_dags/example_branch_python_dop_operator_3.py
[2022-10-13T05:18:29.560+0000] {processor.py:768} INFO - DAG(s) dict_keys(['example_branch_dop_operator_v3']) retrieved from /home/airflow/.local/lib/python3.7/site-packages/airflow/example_dags/example_branch_python_dop_operator_3.py
[2022-10-13T05:18:29.582+0000] {logging_mixin.py:117} INFO - [2022-10-13T05:18:29.582+0000] {dag.py:2573} INFO - Sync 1 DAGs
[2022-10-13T05:18:29.599+0000] {logging_mixin.py:117} INFO - [2022-10-13T05:18:29.599+0000] {dag.py:3328} INFO - Setting next_dagrun for example_branch_dop_operator_v3 to 2022-10-13T05:17:00+00:00, run_after=2022-10-13T05:18:00+00:00
[2022-10-13T05:18:29.610+0000] {processor.py:178} INFO - Processing /home/airflow/.local/lib/python3.7/site-packages/airflow/example_dags/example_branch_python_dop_operator_3.py took 0.066 seconds
[2022-10-13T05:19:00.134+0000] {processor.py:156} INFO - Started process (PID=2485) to work on /home/airflow/.local/lib/python3.7/site-packages/airflow/example_dags/example_branch_python_dop_operator_3.py
[2022-10-13T05:19:00.134+0000] {processor.py:758} INFO - Processing file /home/airflow/.local/lib/python3.7/site-packages/airflow/example_dags/example_branch_python_dop_operator_3.py for tasks to queue
[2022-10-13T05:19:00.134+0000] {logging_mixin.py:117} INFO - [2022-10-13T05:19:00.134+0000] {dagbag.py:525} INFO - Filling up the DagBag from /home/airflow/.local/lib/python3.7/site-packages/airflow/example_dags/example_branch_python_dop_operator_3.py
[2022-10-13T05:19:00.148+0000] {processor.py:768} INFO - DAG(s) dict_keys(['example_branch_dop_operator_v3']) retrieved from /home/airflow/.local/lib/python3.7/site-packages/airflow/example_dags/example_branch_python_dop_operator_3.py
[2022-10-13T05:19:00.170+0000] {logging_mixin.py:117} INFO - [2022-10-13T05:19:00.170+0000] {dag.py:2573} INFO - Sync 1 DAGs
[2022-10-13T05:19:00.187+0000] {logging_mixin.py:117} INFO - [2022-10-13T05:19:00.186+0000] {dag.py:3328} INFO - Setting next_dagrun for example_branch_dop_operator_v3 to 2022-10-13T05:18:00+00:00, run_after=2022-10-13T05:19:00+00:00
[2022-10-13T05:19:00.197+0000] {processor.py:178} INFO - Processing /home/airflow/.local/lib/python3.7/site-packages/airflow/example_dags/example_branch_python_dop_operator_3.py took 0.065 seconds
