[2022-10-13T05:13:22.766+0000] {processor.py:156} INFO - Started process (PID=267) to work on /home/airflow/.local/lib/python3.7/site-packages/airflow/example_dags/example_task_group.py
[2022-10-13T05:13:22.767+0000] {processor.py:758} INFO - Processing file /home/airflow/.local/lib/python3.7/site-packages/airflow/example_dags/example_task_group.py for tasks to queue
[2022-10-13T05:13:22.767+0000] {logging_mixin.py:117} INFO - [2022-10-13T05:13:22.767+0000] {dagbag.py:525} INFO - Filling up the DagBag from /home/airflow/.local/lib/python3.7/site-packages/airflow/example_dags/example_task_group.py
[2022-10-13T05:13:22.778+0000] {processor.py:768} INFO - DAG(s) dict_keys(['example_task_group']) retrieved from /home/airflow/.local/lib/python3.7/site-packages/airflow/example_dags/example_task_group.py
[2022-10-13T05:13:22.792+0000] {logging_mixin.py:117} INFO - [2022-10-13T05:13:22.792+0000] {dag.py:2573} INFO - Sync 1 DAGs
[2022-10-13T05:13:22.807+0000] {logging_mixin.py:117} INFO - [2022-10-13T05:13:22.807+0000] {dag.py:3328} INFO - Setting next_dagrun for example_task_group to 2022-10-12T05:13:22.806996+00:00, run_after=2022-10-13T05:13:22.806996+00:00
[2022-10-13T05:13:22.817+0000] {processor.py:178} INFO - Processing /home/airflow/.local/lib/python3.7/site-packages/airflow/example_dags/example_task_group.py took 0.053 seconds
[2022-10-13T05:13:53.848+0000] {processor.py:156} INFO - Started process (PID=474) to work on /home/airflow/.local/lib/python3.7/site-packages/airflow/example_dags/example_task_group.py
[2022-10-13T05:13:53.849+0000] {processor.py:758} INFO - Processing file /home/airflow/.local/lib/python3.7/site-packages/airflow/example_dags/example_task_group.py for tasks to queue
[2022-10-13T05:13:53.849+0000] {logging_mixin.py:117} INFO - [2022-10-13T05:13:53.849+0000] {dagbag.py:525} INFO - Filling up the DagBag from /home/airflow/.local/lib/python3.7/site-packages/airflow/example_dags/example_task_group.py
[2022-10-13T05:13:53.859+0000] {processor.py:768} INFO - DAG(s) dict_keys(['example_task_group']) retrieved from /home/airflow/.local/lib/python3.7/site-packages/airflow/example_dags/example_task_group.py
[2022-10-13T05:13:53.880+0000] {logging_mixin.py:117} INFO - [2022-10-13T05:13:53.880+0000] {dag.py:2573} INFO - Sync 1 DAGs
[2022-10-13T05:13:53.894+0000] {logging_mixin.py:117} INFO - [2022-10-13T05:13:53.894+0000] {dag.py:3328} INFO - Setting next_dagrun for example_task_group to 2022-10-12T05:13:53.894393+00:00, run_after=2022-10-13T05:13:53.894393+00:00
[2022-10-13T05:13:53.973+0000] {processor.py:178} INFO - Processing /home/airflow/.local/lib/python3.7/site-packages/airflow/example_dags/example_task_group.py took 0.126 seconds
[2022-10-13T05:14:24.866+0000] {processor.py:156} INFO - Started process (PID=682) to work on /home/airflow/.local/lib/python3.7/site-packages/airflow/example_dags/example_task_group.py
[2022-10-13T05:14:24.866+0000] {processor.py:758} INFO - Processing file /home/airflow/.local/lib/python3.7/site-packages/airflow/example_dags/example_task_group.py for tasks to queue
[2022-10-13T05:14:24.867+0000] {logging_mixin.py:117} INFO - [2022-10-13T05:14:24.867+0000] {dagbag.py:525} INFO - Filling up the DagBag from /home/airflow/.local/lib/python3.7/site-packages/airflow/example_dags/example_task_group.py
[2022-10-13T05:14:24.875+0000] {processor.py:768} INFO - DAG(s) dict_keys(['example_task_group']) retrieved from /home/airflow/.local/lib/python3.7/site-packages/airflow/example_dags/example_task_group.py
[2022-10-13T05:14:24.899+0000] {logging_mixin.py:117} INFO - [2022-10-13T05:14:24.899+0000] {dag.py:2573} INFO - Sync 1 DAGs
[2022-10-13T05:14:24.981+0000] {logging_mixin.py:117} INFO - [2022-10-13T05:14:24.981+0000] {dag.py:3328} INFO - Setting next_dagrun for example_task_group to 2022-10-12T05:14:24.981012+00:00, run_after=2022-10-13T05:14:24.981012+00:00
[2022-10-13T05:14:24.990+0000] {processor.py:178} INFO - Processing /home/airflow/.local/lib/python3.7/site-packages/airflow/example_dags/example_task_group.py took 0.126 seconds
[2022-10-13T05:14:55.681+0000] {processor.py:156} INFO - Started process (PID=889) to work on /home/airflow/.local/lib/python3.7/site-packages/airflow/example_dags/example_task_group.py
[2022-10-13T05:14:55.681+0000] {processor.py:758} INFO - Processing file /home/airflow/.local/lib/python3.7/site-packages/airflow/example_dags/example_task_group.py for tasks to queue
[2022-10-13T05:14:55.681+0000] {logging_mixin.py:117} INFO - [2022-10-13T05:14:55.681+0000] {dagbag.py:525} INFO - Filling up the DagBag from /home/airflow/.local/lib/python3.7/site-packages/airflow/example_dags/example_task_group.py
[2022-10-13T05:14:55.690+0000] {processor.py:768} INFO - DAG(s) dict_keys(['example_task_group']) retrieved from /home/airflow/.local/lib/python3.7/site-packages/airflow/example_dags/example_task_group.py
[2022-10-13T05:14:55.784+0000] {logging_mixin.py:117} INFO - [2022-10-13T05:14:55.784+0000] {dag.py:2573} INFO - Sync 1 DAGs
[2022-10-13T05:14:55.798+0000] {logging_mixin.py:117} INFO - [2022-10-13T05:14:55.798+0000] {dag.py:3328} INFO - Setting next_dagrun for example_task_group to 2022-10-12T05:14:55.797990+00:00, run_after=2022-10-13T05:14:55.797990+00:00
[2022-10-13T05:14:55.808+0000] {processor.py:178} INFO - Processing /home/airflow/.local/lib/python3.7/site-packages/airflow/example_dags/example_task_group.py took 0.129 seconds
[2022-10-13T05:15:26.368+0000] {processor.py:156} INFO - Started process (PID=1087) to work on /home/airflow/.local/lib/python3.7/site-packages/airflow/example_dags/example_task_group.py
[2022-10-13T05:15:26.369+0000] {processor.py:758} INFO - Processing file /home/airflow/.local/lib/python3.7/site-packages/airflow/example_dags/example_task_group.py for tasks to queue
[2022-10-13T05:15:26.369+0000] {logging_mixin.py:117} INFO - [2022-10-13T05:15:26.369+0000] {dagbag.py:525} INFO - Filling up the DagBag from /home/airflow/.local/lib/python3.7/site-packages/airflow/example_dags/example_task_group.py
[2022-10-13T05:15:26.378+0000] {processor.py:768} INFO - DAG(s) dict_keys(['example_task_group']) retrieved from /home/airflow/.local/lib/python3.7/site-packages/airflow/example_dags/example_task_group.py
[2022-10-13T05:15:26.469+0000] {logging_mixin.py:117} INFO - [2022-10-13T05:15:26.469+0000] {dag.py:2573} INFO - Sync 1 DAGs
[2022-10-13T05:15:26.482+0000] {logging_mixin.py:117} INFO - [2022-10-13T05:15:26.482+0000] {dag.py:3328} INFO - Setting next_dagrun for example_task_group to 2022-10-12T05:15:26.482702+00:00, run_after=2022-10-13T05:15:26.482702+00:00
[2022-10-13T05:15:26.494+0000] {processor.py:178} INFO - Processing /home/airflow/.local/lib/python3.7/site-packages/airflow/example_dags/example_task_group.py took 0.127 seconds
[2022-10-13T05:15:57.149+0000] {processor.py:156} INFO - Started process (PID=1294) to work on /home/airflow/.local/lib/python3.7/site-packages/airflow/example_dags/example_task_group.py
[2022-10-13T05:15:57.149+0000] {processor.py:758} INFO - Processing file /home/airflow/.local/lib/python3.7/site-packages/airflow/example_dags/example_task_group.py for tasks to queue
[2022-10-13T05:15:57.150+0000] {logging_mixin.py:117} INFO - [2022-10-13T05:15:57.150+0000] {dagbag.py:525} INFO - Filling up the DagBag from /home/airflow/.local/lib/python3.7/site-packages/airflow/example_dags/example_task_group.py
[2022-10-13T05:15:57.229+0000] {processor.py:768} INFO - DAG(s) dict_keys(['example_task_group']) retrieved from /home/airflow/.local/lib/python3.7/site-packages/airflow/example_dags/example_task_group.py
[2022-10-13T05:15:57.249+0000] {logging_mixin.py:117} INFO - [2022-10-13T05:15:57.249+0000] {dag.py:2573} INFO - Sync 1 DAGs
[2022-10-13T05:15:57.264+0000] {logging_mixin.py:117} INFO - [2022-10-13T05:15:57.264+0000] {dag.py:3328} INFO - Setting next_dagrun for example_task_group to 2022-10-12T05:15:57.263960+00:00, run_after=2022-10-13T05:15:57.263960+00:00
[2022-10-13T05:15:57.274+0000] {processor.py:178} INFO - Processing /home/airflow/.local/lib/python3.7/site-packages/airflow/example_dags/example_task_group.py took 0.127 seconds
[2022-10-13T05:16:27.361+0000] {processor.py:156} INFO - Started process (PID=1499) to work on /home/airflow/.local/lib/python3.7/site-packages/airflow/example_dags/example_task_group.py
[2022-10-13T05:16:27.361+0000] {processor.py:758} INFO - Processing file /home/airflow/.local/lib/python3.7/site-packages/airflow/example_dags/example_task_group.py for tasks to queue
[2022-10-13T05:16:27.361+0000] {logging_mixin.py:117} INFO - [2022-10-13T05:16:27.361+0000] {dagbag.py:525} INFO - Filling up the DagBag from /home/airflow/.local/lib/python3.7/site-packages/airflow/example_dags/example_task_group.py
[2022-10-13T05:16:27.371+0000] {processor.py:768} INFO - DAG(s) dict_keys(['example_task_group']) retrieved from /home/airflow/.local/lib/python3.7/site-packages/airflow/example_dags/example_task_group.py
[2022-10-13T05:16:27.395+0000] {logging_mixin.py:117} INFO - [2022-10-13T05:16:27.394+0000] {dag.py:2573} INFO - Sync 1 DAGs
[2022-10-13T05:16:27.410+0000] {logging_mixin.py:117} INFO - [2022-10-13T05:16:27.410+0000] {dag.py:3328} INFO - Setting next_dagrun for example_task_group to 2022-10-12T05:16:27.409899+00:00, run_after=2022-10-13T05:16:27.409899+00:00
[2022-10-13T05:16:27.421+0000] {processor.py:178} INFO - Processing /home/airflow/.local/lib/python3.7/site-packages/airflow/example_dags/example_task_group.py took 0.062 seconds
[2022-10-13T05:16:57.962+0000] {processor.py:156} INFO - Started process (PID=1706) to work on /home/airflow/.local/lib/python3.7/site-packages/airflow/example_dags/example_task_group.py
[2022-10-13T05:16:57.963+0000] {processor.py:758} INFO - Processing file /home/airflow/.local/lib/python3.7/site-packages/airflow/example_dags/example_task_group.py for tasks to queue
[2022-10-13T05:16:57.963+0000] {logging_mixin.py:117} INFO - [2022-10-13T05:16:57.963+0000] {dagbag.py:525} INFO - Filling up the DagBag from /home/airflow/.local/lib/python3.7/site-packages/airflow/example_dags/example_task_group.py
[2022-10-13T05:16:57.974+0000] {processor.py:768} INFO - DAG(s) dict_keys(['example_task_group']) retrieved from /home/airflow/.local/lib/python3.7/site-packages/airflow/example_dags/example_task_group.py
[2022-10-13T05:16:57.998+0000] {logging_mixin.py:117} INFO - [2022-10-13T05:16:57.998+0000] {dag.py:2573} INFO - Sync 1 DAGs
[2022-10-13T05:16:58.014+0000] {logging_mixin.py:117} INFO - [2022-10-13T05:16:58.013+0000] {dag.py:3328} INFO - Setting next_dagrun for example_task_group to 2022-10-12T05:16:58.013795+00:00, run_after=2022-10-13T05:16:58.013795+00:00
[2022-10-13T05:16:58.025+0000] {processor.py:178} INFO - Processing /home/airflow/.local/lib/python3.7/site-packages/airflow/example_dags/example_task_group.py took 0.064 seconds
[2022-10-13T05:17:28.595+0000] {processor.py:156} INFO - Started process (PID=1913) to work on /home/airflow/.local/lib/python3.7/site-packages/airflow/example_dags/example_task_group.py
[2022-10-13T05:17:28.596+0000] {processor.py:758} INFO - Processing file /home/airflow/.local/lib/python3.7/site-packages/airflow/example_dags/example_task_group.py for tasks to queue
[2022-10-13T05:17:28.596+0000] {logging_mixin.py:117} INFO - [2022-10-13T05:17:28.596+0000] {dagbag.py:525} INFO - Filling up the DagBag from /home/airflow/.local/lib/python3.7/site-packages/airflow/example_dags/example_task_group.py
[2022-10-13T05:17:28.605+0000] {processor.py:768} INFO - DAG(s) dict_keys(['example_task_group']) retrieved from /home/airflow/.local/lib/python3.7/site-packages/airflow/example_dags/example_task_group.py
[2022-10-13T05:17:28.628+0000] {logging_mixin.py:117} INFO - [2022-10-13T05:17:28.628+0000] {dag.py:2573} INFO - Sync 1 DAGs
[2022-10-13T05:17:28.642+0000] {logging_mixin.py:117} INFO - [2022-10-13T05:17:28.642+0000] {dag.py:3328} INFO - Setting next_dagrun for example_task_group to 2022-10-12T05:17:28.642578+00:00, run_after=2022-10-13T05:17:28.642578+00:00
[2022-10-13T05:17:28.654+0000] {processor.py:178} INFO - Processing /home/airflow/.local/lib/python3.7/site-packages/airflow/example_dags/example_task_group.py took 0.060 seconds
[2022-10-13T05:17:59.289+0000] {processor.py:156} INFO - Started process (PID=2120) to work on /home/airflow/.local/lib/python3.7/site-packages/airflow/example_dags/example_task_group.py
[2022-10-13T05:17:59.290+0000] {processor.py:758} INFO - Processing file /home/airflow/.local/lib/python3.7/site-packages/airflow/example_dags/example_task_group.py for tasks to queue
[2022-10-13T05:17:59.290+0000] {logging_mixin.py:117} INFO - [2022-10-13T05:17:59.290+0000] {dagbag.py:525} INFO - Filling up the DagBag from /home/airflow/.local/lib/python3.7/site-packages/airflow/example_dags/example_task_group.py
[2022-10-13T05:17:59.299+0000] {processor.py:768} INFO - DAG(s) dict_keys(['example_task_group']) retrieved from /home/airflow/.local/lib/python3.7/site-packages/airflow/example_dags/example_task_group.py
[2022-10-13T05:17:59.324+0000] {logging_mixin.py:117} INFO - [2022-10-13T05:17:59.323+0000] {dag.py:2573} INFO - Sync 1 DAGs
[2022-10-13T05:17:59.340+0000] {logging_mixin.py:117} INFO - [2022-10-13T05:17:59.340+0000] {dag.py:3328} INFO - Setting next_dagrun for example_task_group to 2022-10-12T05:17:59.340464+00:00, run_after=2022-10-13T05:17:59.340464+00:00
[2022-10-13T05:17:59.355+0000] {processor.py:178} INFO - Processing /home/airflow/.local/lib/python3.7/site-packages/airflow/example_dags/example_task_group.py took 0.067 seconds
[2022-10-13T05:18:29.911+0000] {processor.py:156} INFO - Started process (PID=2318) to work on /home/airflow/.local/lib/python3.7/site-packages/airflow/example_dags/example_task_group.py
[2022-10-13T05:18:29.911+0000] {processor.py:758} INFO - Processing file /home/airflow/.local/lib/python3.7/site-packages/airflow/example_dags/example_task_group.py for tasks to queue
[2022-10-13T05:18:29.911+0000] {logging_mixin.py:117} INFO - [2022-10-13T05:18:29.911+0000] {dagbag.py:525} INFO - Filling up the DagBag from /home/airflow/.local/lib/python3.7/site-packages/airflow/example_dags/example_task_group.py
[2022-10-13T05:18:29.921+0000] {processor.py:768} INFO - DAG(s) dict_keys(['example_task_group']) retrieved from /home/airflow/.local/lib/python3.7/site-packages/airflow/example_dags/example_task_group.py
[2022-10-13T05:18:29.949+0000] {logging_mixin.py:117} INFO - [2022-10-13T05:18:29.949+0000] {dag.py:2573} INFO - Sync 1 DAGs
[2022-10-13T05:18:29.966+0000] {logging_mixin.py:117} INFO - [2022-10-13T05:18:29.966+0000] {dag.py:3328} INFO - Setting next_dagrun for example_task_group to 2022-10-12T05:18:29.966166+00:00, run_after=2022-10-13T05:18:29.966166+00:00
[2022-10-13T05:18:29.977+0000] {processor.py:178} INFO - Processing /home/airflow/.local/lib/python3.7/site-packages/airflow/example_dags/example_task_group.py took 0.068 seconds
[2022-10-13T05:19:00.499+0000] {processor.py:156} INFO - Started process (PID=2525) to work on /home/airflow/.local/lib/python3.7/site-packages/airflow/example_dags/example_task_group.py
[2022-10-13T05:19:00.499+0000] {processor.py:758} INFO - Processing file /home/airflow/.local/lib/python3.7/site-packages/airflow/example_dags/example_task_group.py for tasks to queue
[2022-10-13T05:19:00.499+0000] {logging_mixin.py:117} INFO - [2022-10-13T05:19:00.499+0000] {dagbag.py:525} INFO - Filling up the DagBag from /home/airflow/.local/lib/python3.7/site-packages/airflow/example_dags/example_task_group.py
[2022-10-13T05:19:00.509+0000] {processor.py:768} INFO - DAG(s) dict_keys(['example_task_group']) retrieved from /home/airflow/.local/lib/python3.7/site-packages/airflow/example_dags/example_task_group.py
[2022-10-13T05:19:00.531+0000] {logging_mixin.py:117} INFO - [2022-10-13T05:19:00.531+0000] {dag.py:2573} INFO - Sync 1 DAGs
[2022-10-13T05:19:00.546+0000] {logging_mixin.py:117} INFO - [2022-10-13T05:19:00.545+0000] {dag.py:3328} INFO - Setting next_dagrun for example_task_group to 2022-10-12T05:19:00.545787+00:00, run_after=2022-10-13T05:19:00.545787+00:00
[2022-10-13T05:19:00.556+0000] {processor.py:178} INFO - Processing /home/airflow/.local/lib/python3.7/site-packages/airflow/example_dags/example_task_group.py took 0.059 seconds
