[2022-10-13T05:13:23.001+0000] {processor.py:156} INFO - Started process (PID=302) to work on /home/airflow/.local/lib/python3.7/site-packages/airflow/example_dags/example_branch_day_of_week_operator.py
[2022-10-13T05:13:23.002+0000] {processor.py:758} INFO - Processing file /home/airflow/.local/lib/python3.7/site-packages/airflow/example_dags/example_branch_day_of_week_operator.py for tasks to queue
[2022-10-13T05:13:23.002+0000] {logging_mixin.py:117} INFO - [2022-10-13T05:13:23.002+0000] {dagbag.py:525} INFO - Filling up the DagBag from /home/airflow/.local/lib/python3.7/site-packages/airflow/example_dags/example_branch_day_of_week_operator.py
[2022-10-13T05:13:23.012+0000] {processor.py:768} INFO - DAG(s) dict_keys(['example_weekday_branch_operator']) retrieved from /home/airflow/.local/lib/python3.7/site-packages/airflow/example_dags/example_branch_day_of_week_operator.py
[2022-10-13T05:13:23.028+0000] {logging_mixin.py:117} INFO - [2022-10-13T05:13:23.028+0000] {dag.py:2573} INFO - Sync 1 DAGs
[2022-10-13T05:13:23.043+0000] {logging_mixin.py:117} INFO - [2022-10-13T05:13:23.043+0000] {dag.py:3328} INFO - Setting next_dagrun for example_weekday_branch_operator to 2022-10-12T00:00:00+00:00, run_after=2022-10-13T00:00:00+00:00
[2022-10-13T05:13:23.054+0000] {processor.py:178} INFO - Processing /home/airflow/.local/lib/python3.7/site-packages/airflow/example_dags/example_branch_day_of_week_operator.py took 0.054 seconds
[2022-10-13T05:13:54.539+0000] {processor.py:156} INFO - Started process (PID=511) to work on /home/airflow/.local/lib/python3.7/site-packages/airflow/example_dags/example_branch_day_of_week_operator.py
[2022-10-13T05:13:54.540+0000] {processor.py:758} INFO - Processing file /home/airflow/.local/lib/python3.7/site-packages/airflow/example_dags/example_branch_day_of_week_operator.py for tasks to queue
[2022-10-13T05:13:54.540+0000] {logging_mixin.py:117} INFO - [2022-10-13T05:13:54.540+0000] {dagbag.py:525} INFO - Filling up the DagBag from /home/airflow/.local/lib/python3.7/site-packages/airflow/example_dags/example_branch_day_of_week_operator.py
[2022-10-13T05:13:54.549+0000] {processor.py:768} INFO - DAG(s) dict_keys(['example_weekday_branch_operator']) retrieved from /home/airflow/.local/lib/python3.7/site-packages/airflow/example_dags/example_branch_day_of_week_operator.py
[2022-10-13T05:13:54.570+0000] {logging_mixin.py:117} INFO - [2022-10-13T05:13:54.570+0000] {dag.py:2573} INFO - Sync 1 DAGs
[2022-10-13T05:13:54.654+0000] {logging_mixin.py:117} INFO - [2022-10-13T05:13:54.654+0000] {dag.py:3328} INFO - Setting next_dagrun for example_weekday_branch_operator to 2022-10-12T00:00:00+00:00, run_after=2022-10-13T00:00:00+00:00
[2022-10-13T05:13:54.664+0000] {processor.py:178} INFO - Processing /home/airflow/.local/lib/python3.7/site-packages/airflow/example_dags/example_branch_day_of_week_operator.py took 0.127 seconds
[2022-10-13T05:14:25.428+0000] {processor.py:156} INFO - Started process (PID=717) to work on /home/airflow/.local/lib/python3.7/site-packages/airflow/example_dags/example_branch_day_of_week_operator.py
[2022-10-13T05:14:25.429+0000] {processor.py:758} INFO - Processing file /home/airflow/.local/lib/python3.7/site-packages/airflow/example_dags/example_branch_day_of_week_operator.py for tasks to queue
[2022-10-13T05:14:25.429+0000] {logging_mixin.py:117} INFO - [2022-10-13T05:14:25.429+0000] {dagbag.py:525} INFO - Filling up the DagBag from /home/airflow/.local/lib/python3.7/site-packages/airflow/example_dags/example_branch_day_of_week_operator.py
[2022-10-13T05:14:25.439+0000] {processor.py:768} INFO - DAG(s) dict_keys(['example_weekday_branch_operator']) retrieved from /home/airflow/.local/lib/python3.7/site-packages/airflow/example_dags/example_branch_day_of_week_operator.py
[2022-10-13T05:14:25.463+0000] {logging_mixin.py:117} INFO - [2022-10-13T05:14:25.463+0000] {dag.py:2573} INFO - Sync 1 DAGs
[2022-10-13T05:14:25.558+0000] {logging_mixin.py:117} INFO - [2022-10-13T05:14:25.558+0000] {dag.py:3328} INFO - Setting next_dagrun for example_weekday_branch_operator to 2022-10-12T00:00:00+00:00, run_after=2022-10-13T00:00:00+00:00
[2022-10-13T05:14:25.570+0000] {processor.py:178} INFO - Processing /home/airflow/.local/lib/python3.7/site-packages/airflow/example_dags/example_branch_day_of_week_operator.py took 0.144 seconds
[2022-10-13T05:14:56.204+0000] {processor.py:156} INFO - Started process (PID=924) to work on /home/airflow/.local/lib/python3.7/site-packages/airflow/example_dags/example_branch_day_of_week_operator.py
[2022-10-13T05:14:56.204+0000] {processor.py:758} INFO - Processing file /home/airflow/.local/lib/python3.7/site-packages/airflow/example_dags/example_branch_day_of_week_operator.py for tasks to queue
[2022-10-13T05:14:56.205+0000] {logging_mixin.py:117} INFO - [2022-10-13T05:14:56.205+0000] {dagbag.py:525} INFO - Filling up the DagBag from /home/airflow/.local/lib/python3.7/site-packages/airflow/example_dags/example_branch_day_of_week_operator.py
[2022-10-13T05:14:56.214+0000] {processor.py:768} INFO - DAG(s) dict_keys(['example_weekday_branch_operator']) retrieved from /home/airflow/.local/lib/python3.7/site-packages/airflow/example_dags/example_branch_day_of_week_operator.py
[2022-10-13T05:14:56.309+0000] {logging_mixin.py:117} INFO - [2022-10-13T05:14:56.308+0000] {dag.py:2573} INFO - Sync 1 DAGs
[2022-10-13T05:14:56.323+0000] {logging_mixin.py:117} INFO - [2022-10-13T05:14:56.323+0000] {dag.py:3328} INFO - Setting next_dagrun for example_weekday_branch_operator to 2022-10-12T00:00:00+00:00, run_after=2022-10-13T00:00:00+00:00
[2022-10-13T05:14:56.334+0000] {processor.py:178} INFO - Processing /home/airflow/.local/lib/python3.7/site-packages/airflow/example_dags/example_branch_day_of_week_operator.py took 0.132 seconds
[2022-10-13T05:15:26.916+0000] {processor.py:156} INFO - Started process (PID=1131) to work on /home/airflow/.local/lib/python3.7/site-packages/airflow/example_dags/example_branch_day_of_week_operator.py
[2022-10-13T05:15:26.917+0000] {processor.py:758} INFO - Processing file /home/airflow/.local/lib/python3.7/site-packages/airflow/example_dags/example_branch_day_of_week_operator.py for tasks to queue
[2022-10-13T05:15:26.917+0000] {logging_mixin.py:117} INFO - [2022-10-13T05:15:26.917+0000] {dagbag.py:525} INFO - Filling up the DagBag from /home/airflow/.local/lib/python3.7/site-packages/airflow/example_dags/example_branch_day_of_week_operator.py
[2022-10-13T05:15:26.927+0000] {processor.py:768} INFO - DAG(s) dict_keys(['example_weekday_branch_operator']) retrieved from /home/airflow/.local/lib/python3.7/site-packages/airflow/example_dags/example_branch_day_of_week_operator.py
[2022-10-13T05:15:27.022+0000] {logging_mixin.py:117} INFO - [2022-10-13T05:15:27.022+0000] {dag.py:2573} INFO - Sync 1 DAGs
[2022-10-13T05:15:27.037+0000] {logging_mixin.py:117} INFO - [2022-10-13T05:15:27.037+0000] {dag.py:3328} INFO - Setting next_dagrun for example_weekday_branch_operator to 2022-10-12T00:00:00+00:00, run_after=2022-10-13T00:00:00+00:00
[2022-10-13T05:15:27.048+0000] {processor.py:178} INFO - Processing /home/airflow/.local/lib/python3.7/site-packages/airflow/example_dags/example_branch_day_of_week_operator.py took 0.133 seconds
[2022-10-13T05:15:57.656+0000] {processor.py:156} INFO - Started process (PID=1329) to work on /home/airflow/.local/lib/python3.7/site-packages/airflow/example_dags/example_branch_day_of_week_operator.py
[2022-10-13T05:15:57.657+0000] {processor.py:758} INFO - Processing file /home/airflow/.local/lib/python3.7/site-packages/airflow/example_dags/example_branch_day_of_week_operator.py for tasks to queue
[2022-10-13T05:15:57.657+0000] {logging_mixin.py:117} INFO - [2022-10-13T05:15:57.657+0000] {dagbag.py:525} INFO - Filling up the DagBag from /home/airflow/.local/lib/python3.7/site-packages/airflow/example_dags/example_branch_day_of_week_operator.py
[2022-10-13T05:15:57.737+0000] {processor.py:768} INFO - DAG(s) dict_keys(['example_weekday_branch_operator']) retrieved from /home/airflow/.local/lib/python3.7/site-packages/airflow/example_dags/example_branch_day_of_week_operator.py
[2022-10-13T05:15:57.756+0000] {logging_mixin.py:117} INFO - [2022-10-13T05:15:57.755+0000] {dag.py:2573} INFO - Sync 1 DAGs
[2022-10-13T05:15:57.771+0000] {logging_mixin.py:117} INFO - [2022-10-13T05:15:57.771+0000] {dag.py:3328} INFO - Setting next_dagrun for example_weekday_branch_operator to 2022-10-12T00:00:00+00:00, run_after=2022-10-13T00:00:00+00:00
[2022-10-13T05:15:57.781+0000] {processor.py:178} INFO - Processing /home/airflow/.local/lib/python3.7/site-packages/airflow/example_dags/example_branch_day_of_week_operator.py took 0.126 seconds
[2022-10-13T05:16:28.628+0000] {processor.py:156} INFO - Started process (PID=1534) to work on /home/airflow/.local/lib/python3.7/site-packages/airflow/example_dags/example_branch_day_of_week_operator.py
[2022-10-13T05:16:28.628+0000] {processor.py:758} INFO - Processing file /home/airflow/.local/lib/python3.7/site-packages/airflow/example_dags/example_branch_day_of_week_operator.py for tasks to queue
[2022-10-13T05:16:28.628+0000] {logging_mixin.py:117} INFO - [2022-10-13T05:16:28.628+0000] {dagbag.py:525} INFO - Filling up the DagBag from /home/airflow/.local/lib/python3.7/site-packages/airflow/example_dags/example_branch_day_of_week_operator.py
[2022-10-13T05:16:28.638+0000] {processor.py:768} INFO - DAG(s) dict_keys(['example_weekday_branch_operator']) retrieved from /home/airflow/.local/lib/python3.7/site-packages/airflow/example_dags/example_branch_day_of_week_operator.py
[2022-10-13T05:16:28.661+0000] {logging_mixin.py:117} INFO - [2022-10-13T05:16:28.661+0000] {dag.py:2573} INFO - Sync 1 DAGs
[2022-10-13T05:16:28.677+0000] {logging_mixin.py:117} INFO - [2022-10-13T05:16:28.677+0000] {dag.py:3328} INFO - Setting next_dagrun for example_weekday_branch_operator to 2022-10-12T00:00:00+00:00, run_after=2022-10-13T00:00:00+00:00
[2022-10-13T05:16:28.687+0000] {processor.py:178} INFO - Processing /home/airflow/.local/lib/python3.7/site-packages/airflow/example_dags/example_branch_day_of_week_operator.py took 0.061 seconds
[2022-10-13T05:16:59.255+0000] {processor.py:156} INFO - Started process (PID=1741) to work on /home/airflow/.local/lib/python3.7/site-packages/airflow/example_dags/example_branch_day_of_week_operator.py
[2022-10-13T05:16:59.256+0000] {processor.py:758} INFO - Processing file /home/airflow/.local/lib/python3.7/site-packages/airflow/example_dags/example_branch_day_of_week_operator.py for tasks to queue
[2022-10-13T05:16:59.256+0000] {logging_mixin.py:117} INFO - [2022-10-13T05:16:59.256+0000] {dagbag.py:525} INFO - Filling up the DagBag from /home/airflow/.local/lib/python3.7/site-packages/airflow/example_dags/example_branch_day_of_week_operator.py
[2022-10-13T05:16:59.265+0000] {processor.py:768} INFO - DAG(s) dict_keys(['example_weekday_branch_operator']) retrieved from /home/airflow/.local/lib/python3.7/site-packages/airflow/example_dags/example_branch_day_of_week_operator.py
[2022-10-13T05:16:59.289+0000] {logging_mixin.py:117} INFO - [2022-10-13T05:16:59.288+0000] {dag.py:2573} INFO - Sync 1 DAGs
[2022-10-13T05:16:59.304+0000] {logging_mixin.py:117} INFO - [2022-10-13T05:16:59.304+0000] {dag.py:3328} INFO - Setting next_dagrun for example_weekday_branch_operator to 2022-10-12T00:00:00+00:00, run_after=2022-10-13T00:00:00+00:00
[2022-10-13T05:16:59.315+0000] {processor.py:178} INFO - Processing /home/airflow/.local/lib/python3.7/site-packages/airflow/example_dags/example_branch_day_of_week_operator.py took 0.061 seconds
[2022-10-13T05:17:29.897+0000] {processor.py:156} INFO - Started process (PID=1948) to work on /home/airflow/.local/lib/python3.7/site-packages/airflow/example_dags/example_branch_day_of_week_operator.py
[2022-10-13T05:17:29.897+0000] {processor.py:758} INFO - Processing file /home/airflow/.local/lib/python3.7/site-packages/airflow/example_dags/example_branch_day_of_week_operator.py for tasks to queue
[2022-10-13T05:17:29.897+0000] {logging_mixin.py:117} INFO - [2022-10-13T05:17:29.897+0000] {dagbag.py:525} INFO - Filling up the DagBag from /home/airflow/.local/lib/python3.7/site-packages/airflow/example_dags/example_branch_day_of_week_operator.py
[2022-10-13T05:17:29.908+0000] {processor.py:768} INFO - DAG(s) dict_keys(['example_weekday_branch_operator']) retrieved from /home/airflow/.local/lib/python3.7/site-packages/airflow/example_dags/example_branch_day_of_week_operator.py
[2022-10-13T05:17:29.930+0000] {logging_mixin.py:117} INFO - [2022-10-13T05:17:29.930+0000] {dag.py:2573} INFO - Sync 1 DAGs
[2022-10-13T05:17:29.946+0000] {logging_mixin.py:117} INFO - [2022-10-13T05:17:29.946+0000] {dag.py:3328} INFO - Setting next_dagrun for example_weekday_branch_operator to 2022-10-12T00:00:00+00:00, run_after=2022-10-13T00:00:00+00:00
[2022-10-13T05:17:29.957+0000] {processor.py:178} INFO - Processing /home/airflow/.local/lib/python3.7/site-packages/airflow/example_dags/example_branch_day_of_week_operator.py took 0.061 seconds
[2022-10-13T05:18:00.543+0000] {processor.py:156} INFO - Started process (PID=2157) to work on /home/airflow/.local/lib/python3.7/site-packages/airflow/example_dags/example_branch_day_of_week_operator.py
[2022-10-13T05:18:00.544+0000] {processor.py:758} INFO - Processing file /home/airflow/.local/lib/python3.7/site-packages/airflow/example_dags/example_branch_day_of_week_operator.py for tasks to queue
[2022-10-13T05:18:00.544+0000] {logging_mixin.py:117} INFO - [2022-10-13T05:18:00.544+0000] {dagbag.py:525} INFO - Filling up the DagBag from /home/airflow/.local/lib/python3.7/site-packages/airflow/example_dags/example_branch_day_of_week_operator.py
[2022-10-13T05:18:00.554+0000] {processor.py:768} INFO - DAG(s) dict_keys(['example_weekday_branch_operator']) retrieved from /home/airflow/.local/lib/python3.7/site-packages/airflow/example_dags/example_branch_day_of_week_operator.py
[2022-10-13T05:18:00.577+0000] {logging_mixin.py:117} INFO - [2022-10-13T05:18:00.577+0000] {dag.py:2573} INFO - Sync 1 DAGs
[2022-10-13T05:18:00.594+0000] {logging_mixin.py:117} INFO - [2022-10-13T05:18:00.594+0000] {dag.py:3328} INFO - Setting next_dagrun for example_weekday_branch_operator to 2022-10-12T00:00:00+00:00, run_after=2022-10-13T00:00:00+00:00
[2022-10-13T05:18:00.606+0000] {processor.py:178} INFO - Processing /home/airflow/.local/lib/python3.7/site-packages/airflow/example_dags/example_branch_day_of_week_operator.py took 0.064 seconds
[2022-10-13T05:18:31.200+0000] {processor.py:156} INFO - Started process (PID=2353) to work on /home/airflow/.local/lib/python3.7/site-packages/airflow/example_dags/example_branch_day_of_week_operator.py
[2022-10-13T05:18:31.201+0000] {processor.py:758} INFO - Processing file /home/airflow/.local/lib/python3.7/site-packages/airflow/example_dags/example_branch_day_of_week_operator.py for tasks to queue
[2022-10-13T05:18:31.201+0000] {logging_mixin.py:117} INFO - [2022-10-13T05:18:31.201+0000] {dagbag.py:525} INFO - Filling up the DagBag from /home/airflow/.local/lib/python3.7/site-packages/airflow/example_dags/example_branch_day_of_week_operator.py
[2022-10-13T05:18:31.211+0000] {processor.py:768} INFO - DAG(s) dict_keys(['example_weekday_branch_operator']) retrieved from /home/airflow/.local/lib/python3.7/site-packages/airflow/example_dags/example_branch_day_of_week_operator.py
[2022-10-13T05:18:31.234+0000] {logging_mixin.py:117} INFO - [2022-10-13T05:18:31.233+0000] {dag.py:2573} INFO - Sync 1 DAGs
[2022-10-13T05:18:31.248+0000] {logging_mixin.py:117} INFO - [2022-10-13T05:18:31.248+0000] {dag.py:3328} INFO - Setting next_dagrun for example_weekday_branch_operator to 2022-10-12T00:00:00+00:00, run_after=2022-10-13T00:00:00+00:00
[2022-10-13T05:18:31.259+0000] {processor.py:178} INFO - Processing /home/airflow/.local/lib/python3.7/site-packages/airflow/example_dags/example_branch_day_of_week_operator.py took 0.060 seconds
[2022-10-13T05:19:01.755+0000] {processor.py:156} INFO - Started process (PID=2560) to work on /home/airflow/.local/lib/python3.7/site-packages/airflow/example_dags/example_branch_day_of_week_operator.py
[2022-10-13T05:19:01.755+0000] {processor.py:758} INFO - Processing file /home/airflow/.local/lib/python3.7/site-packages/airflow/example_dags/example_branch_day_of_week_operator.py for tasks to queue
[2022-10-13T05:19:01.755+0000] {logging_mixin.py:117} INFO - [2022-10-13T05:19:01.755+0000] {dagbag.py:525} INFO - Filling up the DagBag from /home/airflow/.local/lib/python3.7/site-packages/airflow/example_dags/example_branch_day_of_week_operator.py
[2022-10-13T05:19:01.765+0000] {processor.py:768} INFO - DAG(s) dict_keys(['example_weekday_branch_operator']) retrieved from /home/airflow/.local/lib/python3.7/site-packages/airflow/example_dags/example_branch_day_of_week_operator.py
[2022-10-13T05:19:01.787+0000] {logging_mixin.py:117} INFO - [2022-10-13T05:19:01.787+0000] {dag.py:2573} INFO - Sync 1 DAGs
[2022-10-13T05:19:01.802+0000] {logging_mixin.py:117} INFO - [2022-10-13T05:19:01.802+0000] {dag.py:3328} INFO - Setting next_dagrun for example_weekday_branch_operator to 2022-10-12T00:00:00+00:00, run_after=2022-10-13T00:00:00+00:00
[2022-10-13T05:19:01.812+0000] {processor.py:178} INFO - Processing /home/airflow/.local/lib/python3.7/site-packages/airflow/example_dags/example_branch_day_of_week_operator.py took 0.059 seconds
