[2022-10-13T05:13:23.131+0000] {processor.py:156} INFO - Started process (PID=322) to work on /home/airflow/.local/lib/python3.7/site-packages/airflow/example_dags/example_external_task_marker_dag.py
[2022-10-13T05:13:23.131+0000] {processor.py:758} INFO - Processing file /home/airflow/.local/lib/python3.7/site-packages/airflow/example_dags/example_external_task_marker_dag.py for tasks to queue
[2022-10-13T05:13:23.132+0000] {logging_mixin.py:117} INFO - [2022-10-13T05:13:23.132+0000] {dagbag.py:525} INFO - Filling up the DagBag from /home/airflow/.local/lib/python3.7/site-packages/airflow/example_dags/example_external_task_marker_dag.py
[2022-10-13T05:13:23.143+0000] {processor.py:768} INFO - DAG(s) dict_keys(['example_external_task_marker_child', 'example_external_task_marker_parent']) retrieved from /home/airflow/.local/lib/python3.7/site-packages/airflow/example_dags/example_external_task_marker_dag.py
[2022-10-13T05:13:23.157+0000] {logging_mixin.py:117} INFO - [2022-10-13T05:13:23.157+0000] {dag.py:2573} INFO - Sync 2 DAGs
[2022-10-13T05:13:23.172+0000] {logging_mixin.py:117} INFO - [2022-10-13T05:13:23.172+0000] {dag.py:3328} INFO - Setting next_dagrun for example_external_task_marker_child to None, run_after=None
[2022-10-13T05:13:23.174+0000] {logging_mixin.py:117} INFO - [2022-10-13T05:13:23.174+0000] {dag.py:3328} INFO - Setting next_dagrun for example_external_task_marker_parent to None, run_after=None
[2022-10-13T05:13:23.184+0000] {processor.py:178} INFO - Processing /home/airflow/.local/lib/python3.7/site-packages/airflow/example_dags/example_external_task_marker_dag.py took 0.054 seconds
[2022-10-13T05:13:54.822+0000] {processor.py:156} INFO - Started process (PID=531) to work on /home/airflow/.local/lib/python3.7/site-packages/airflow/example_dags/example_external_task_marker_dag.py
[2022-10-13T05:13:54.822+0000] {processor.py:758} INFO - Processing file /home/airflow/.local/lib/python3.7/site-packages/airflow/example_dags/example_external_task_marker_dag.py for tasks to queue
[2022-10-13T05:13:54.822+0000] {logging_mixin.py:117} INFO - [2022-10-13T05:13:54.822+0000] {dagbag.py:525} INFO - Filling up the DagBag from /home/airflow/.local/lib/python3.7/site-packages/airflow/example_dags/example_external_task_marker_dag.py
[2022-10-13T05:13:54.830+0000] {processor.py:768} INFO - DAG(s) dict_keys(['example_external_task_marker_parent', 'example_external_task_marker_child']) retrieved from /home/airflow/.local/lib/python3.7/site-packages/airflow/example_dags/example_external_task_marker_dag.py
[2022-10-13T05:13:55.015+0000] {logging_mixin.py:117} INFO - [2022-10-13T05:13:55.015+0000] {dag.py:2573} INFO - Sync 2 DAGs
[2022-10-13T05:13:55.027+0000] {logging_mixin.py:117} INFO - [2022-10-13T05:13:55.027+0000] {dag.py:3328} INFO - Setting next_dagrun for example_external_task_marker_child to None, run_after=None
[2022-10-13T05:13:55.029+0000] {logging_mixin.py:117} INFO - [2022-10-13T05:13:55.029+0000] {dag.py:3328} INFO - Setting next_dagrun for example_external_task_marker_parent to None, run_after=None
[2022-10-13T05:13:55.050+0000] {processor.py:178} INFO - Processing /home/airflow/.local/lib/python3.7/site-packages/airflow/example_dags/example_external_task_marker_dag.py took 0.229 seconds
[2022-10-13T05:14:25.733+0000] {processor.py:156} INFO - Started process (PID=739) to work on /home/airflow/.local/lib/python3.7/site-packages/airflow/example_dags/example_external_task_marker_dag.py
[2022-10-13T05:14:25.733+0000] {processor.py:758} INFO - Processing file /home/airflow/.local/lib/python3.7/site-packages/airflow/example_dags/example_external_task_marker_dag.py for tasks to queue
[2022-10-13T05:14:25.734+0000] {logging_mixin.py:117} INFO - [2022-10-13T05:14:25.733+0000] {dagbag.py:525} INFO - Filling up the DagBag from /home/airflow/.local/lib/python3.7/site-packages/airflow/example_dags/example_external_task_marker_dag.py
[2022-10-13T05:14:25.742+0000] {processor.py:768} INFO - DAG(s) dict_keys(['example_external_task_marker_child', 'example_external_task_marker_parent']) retrieved from /home/airflow/.local/lib/python3.7/site-packages/airflow/example_dags/example_external_task_marker_dag.py
[2022-10-13T05:14:25.933+0000] {logging_mixin.py:117} INFO - [2022-10-13T05:14:25.932+0000] {dag.py:2573} INFO - Sync 2 DAGs
[2022-10-13T05:14:25.946+0000] {logging_mixin.py:117} INFO - [2022-10-13T05:14:25.946+0000] {dag.py:3328} INFO - Setting next_dagrun for example_external_task_marker_child to None, run_after=None
[2022-10-13T05:14:25.948+0000] {logging_mixin.py:117} INFO - [2022-10-13T05:14:25.948+0000] {dag.py:3328} INFO - Setting next_dagrun for example_external_task_marker_parent to None, run_after=None
[2022-10-13T05:14:25.958+0000] {processor.py:178} INFO - Processing /home/airflow/.local/lib/python3.7/site-packages/airflow/example_dags/example_external_task_marker_dag.py took 0.227 seconds
[2022-10-13T05:14:56.491+0000] {processor.py:156} INFO - Started process (PID=944) to work on /home/airflow/.local/lib/python3.7/site-packages/airflow/example_dags/example_external_task_marker_dag.py
[2022-10-13T05:14:56.491+0000] {processor.py:758} INFO - Processing file /home/airflow/.local/lib/python3.7/site-packages/airflow/example_dags/example_external_task_marker_dag.py for tasks to queue
[2022-10-13T05:14:56.491+0000] {logging_mixin.py:117} INFO - [2022-10-13T05:14:56.491+0000] {dagbag.py:525} INFO - Filling up the DagBag from /home/airflow/.local/lib/python3.7/site-packages/airflow/example_dags/example_external_task_marker_dag.py
[2022-10-13T05:14:56.499+0000] {processor.py:768} INFO - DAG(s) dict_keys(['example_external_task_marker_parent', 'example_external_task_marker_child']) retrieved from /home/airflow/.local/lib/python3.7/site-packages/airflow/example_dags/example_external_task_marker_dag.py
[2022-10-13T05:14:56.686+0000] {logging_mixin.py:117} INFO - [2022-10-13T05:14:56.686+0000] {dag.py:2573} INFO - Sync 2 DAGs
[2022-10-13T05:14:56.699+0000] {logging_mixin.py:117} INFO - [2022-10-13T05:14:56.699+0000] {dag.py:3328} INFO - Setting next_dagrun for example_external_task_marker_child to None, run_after=None
[2022-10-13T05:14:56.701+0000] {logging_mixin.py:117} INFO - [2022-10-13T05:14:56.701+0000] {dag.py:3328} INFO - Setting next_dagrun for example_external_task_marker_parent to None, run_after=None
[2022-10-13T05:14:56.710+0000] {processor.py:178} INFO - Processing /home/airflow/.local/lib/python3.7/site-packages/airflow/example_dags/example_external_task_marker_dag.py took 0.221 seconds
[2022-10-13T05:15:27.211+0000] {processor.py:156} INFO - Started process (PID=1151) to work on /home/airflow/.local/lib/python3.7/site-packages/airflow/example_dags/example_external_task_marker_dag.py
[2022-10-13T05:15:27.211+0000] {processor.py:758} INFO - Processing file /home/airflow/.local/lib/python3.7/site-packages/airflow/example_dags/example_external_task_marker_dag.py for tasks to queue
[2022-10-13T05:15:27.212+0000] {logging_mixin.py:117} INFO - [2022-10-13T05:15:27.212+0000] {dagbag.py:525} INFO - Filling up the DagBag from /home/airflow/.local/lib/python3.7/site-packages/airflow/example_dags/example_external_task_marker_dag.py
[2022-10-13T05:15:27.220+0000] {processor.py:768} INFO - DAG(s) dict_keys(['example_external_task_marker_parent', 'example_external_task_marker_child']) retrieved from /home/airflow/.local/lib/python3.7/site-packages/airflow/example_dags/example_external_task_marker_dag.py
[2022-10-13T05:15:27.421+0000] {logging_mixin.py:117} INFO - [2022-10-13T05:15:27.421+0000] {dag.py:2573} INFO - Sync 2 DAGs
[2022-10-13T05:15:27.436+0000] {logging_mixin.py:117} INFO - [2022-10-13T05:15:27.436+0000] {dag.py:3328} INFO - Setting next_dagrun for example_external_task_marker_child to None, run_after=None
[2022-10-13T05:15:27.438+0000] {logging_mixin.py:117} INFO - [2022-10-13T05:15:27.438+0000] {dag.py:3328} INFO - Setting next_dagrun for example_external_task_marker_parent to None, run_after=None
[2022-10-13T05:15:27.447+0000] {processor.py:178} INFO - Processing /home/airflow/.local/lib/python3.7/site-packages/airflow/example_dags/example_external_task_marker_dag.py took 0.238 seconds
[2022-10-13T05:15:57.934+0000] {processor.py:156} INFO - Started process (PID=1349) to work on /home/airflow/.local/lib/python3.7/site-packages/airflow/example_dags/example_external_task_marker_dag.py
[2022-10-13T05:15:57.935+0000] {processor.py:758} INFO - Processing file /home/airflow/.local/lib/python3.7/site-packages/airflow/example_dags/example_external_task_marker_dag.py for tasks to queue
[2022-10-13T05:15:57.935+0000] {logging_mixin.py:117} INFO - [2022-10-13T05:15:57.935+0000] {dagbag.py:525} INFO - Filling up the DagBag from /home/airflow/.local/lib/python3.7/site-packages/airflow/example_dags/example_external_task_marker_dag.py
[2022-10-13T05:15:58.014+0000] {processor.py:768} INFO - DAG(s) dict_keys(['example_external_task_marker_parent', 'example_external_task_marker_child']) retrieved from /home/airflow/.local/lib/python3.7/site-packages/airflow/example_dags/example_external_task_marker_dag.py
[2022-10-13T05:15:58.130+0000] {logging_mixin.py:117} INFO - [2022-10-13T05:15:58.130+0000] {dag.py:2573} INFO - Sync 2 DAGs
[2022-10-13T05:15:58.144+0000] {logging_mixin.py:117} INFO - [2022-10-13T05:15:58.144+0000] {dag.py:3328} INFO - Setting next_dagrun for example_external_task_marker_child to None, run_after=None
[2022-10-13T05:15:58.145+0000] {logging_mixin.py:117} INFO - [2022-10-13T05:15:58.145+0000] {dag.py:3328} INFO - Setting next_dagrun for example_external_task_marker_parent to None, run_after=None
[2022-10-13T05:15:58.154+0000] {processor.py:178} INFO - Processing /home/airflow/.local/lib/python3.7/site-packages/airflow/example_dags/example_external_task_marker_dag.py took 0.221 seconds
[2022-10-13T05:16:28.779+0000] {processor.py:156} INFO - Started process (PID=1554) to work on /home/airflow/.local/lib/python3.7/site-packages/airflow/example_dags/example_external_task_marker_dag.py
[2022-10-13T05:16:28.779+0000] {processor.py:758} INFO - Processing file /home/airflow/.local/lib/python3.7/site-packages/airflow/example_dags/example_external_task_marker_dag.py for tasks to queue
[2022-10-13T05:16:28.780+0000] {logging_mixin.py:117} INFO - [2022-10-13T05:16:28.780+0000] {dagbag.py:525} INFO - Filling up the DagBag from /home/airflow/.local/lib/python3.7/site-packages/airflow/example_dags/example_external_task_marker_dag.py
[2022-10-13T05:16:28.789+0000] {processor.py:768} INFO - DAG(s) dict_keys(['example_external_task_marker_parent', 'example_external_task_marker_child']) retrieved from /home/airflow/.local/lib/python3.7/site-packages/airflow/example_dags/example_external_task_marker_dag.py
[2022-10-13T05:16:28.912+0000] {logging_mixin.py:117} INFO - [2022-10-13T05:16:28.912+0000] {dag.py:2573} INFO - Sync 2 DAGs
[2022-10-13T05:16:28.926+0000] {logging_mixin.py:117} INFO - [2022-10-13T05:16:28.926+0000] {dag.py:3328} INFO - Setting next_dagrun for example_external_task_marker_child to None, run_after=None
[2022-10-13T05:16:28.928+0000] {logging_mixin.py:117} INFO - [2022-10-13T05:16:28.928+0000] {dag.py:3328} INFO - Setting next_dagrun for example_external_task_marker_parent to None, run_after=None
[2022-10-13T05:16:28.938+0000] {processor.py:178} INFO - Processing /home/airflow/.local/lib/python3.7/site-packages/airflow/example_dags/example_external_task_marker_dag.py took 0.160 seconds
[2022-10-13T05:16:59.409+0000] {processor.py:156} INFO - Started process (PID=1761) to work on /home/airflow/.local/lib/python3.7/site-packages/airflow/example_dags/example_external_task_marker_dag.py
[2022-10-13T05:16:59.410+0000] {processor.py:758} INFO - Processing file /home/airflow/.local/lib/python3.7/site-packages/airflow/example_dags/example_external_task_marker_dag.py for tasks to queue
[2022-10-13T05:16:59.410+0000] {logging_mixin.py:117} INFO - [2022-10-13T05:16:59.410+0000] {dagbag.py:525} INFO - Filling up the DagBag from /home/airflow/.local/lib/python3.7/site-packages/airflow/example_dags/example_external_task_marker_dag.py
[2022-10-13T05:16:59.419+0000] {processor.py:768} INFO - DAG(s) dict_keys(['example_external_task_marker_child', 'example_external_task_marker_parent']) retrieved from /home/airflow/.local/lib/python3.7/site-packages/airflow/example_dags/example_external_task_marker_dag.py
[2022-10-13T05:16:59.551+0000] {logging_mixin.py:117} INFO - [2022-10-13T05:16:59.551+0000] {dag.py:2573} INFO - Sync 2 DAGs
[2022-10-13T05:16:59.567+0000] {logging_mixin.py:117} INFO - [2022-10-13T05:16:59.567+0000] {dag.py:3328} INFO - Setting next_dagrun for example_external_task_marker_child to None, run_after=None
[2022-10-13T05:16:59.570+0000] {logging_mixin.py:117} INFO - [2022-10-13T05:16:59.570+0000] {dag.py:3328} INFO - Setting next_dagrun for example_external_task_marker_parent to None, run_after=None
[2022-10-13T05:16:59.580+0000] {processor.py:178} INFO - Processing /home/airflow/.local/lib/python3.7/site-packages/airflow/example_dags/example_external_task_marker_dag.py took 0.172 seconds
[2022-10-13T05:17:30.045+0000] {processor.py:156} INFO - Started process (PID=1968) to work on /home/airflow/.local/lib/python3.7/site-packages/airflow/example_dags/example_external_task_marker_dag.py
[2022-10-13T05:17:30.046+0000] {processor.py:758} INFO - Processing file /home/airflow/.local/lib/python3.7/site-packages/airflow/example_dags/example_external_task_marker_dag.py for tasks to queue
[2022-10-13T05:17:30.046+0000] {logging_mixin.py:117} INFO - [2022-10-13T05:17:30.046+0000] {dagbag.py:525} INFO - Filling up the DagBag from /home/airflow/.local/lib/python3.7/site-packages/airflow/example_dags/example_external_task_marker_dag.py
[2022-10-13T05:17:30.055+0000] {processor.py:768} INFO - DAG(s) dict_keys(['example_external_task_marker_parent', 'example_external_task_marker_child']) retrieved from /home/airflow/.local/lib/python3.7/site-packages/airflow/example_dags/example_external_task_marker_dag.py
[2022-10-13T05:17:30.183+0000] {logging_mixin.py:117} INFO - [2022-10-13T05:17:30.183+0000] {dag.py:2573} INFO - Sync 2 DAGs
[2022-10-13T05:17:30.198+0000] {logging_mixin.py:117} INFO - [2022-10-13T05:17:30.198+0000] {dag.py:3328} INFO - Setting next_dagrun for example_external_task_marker_child to None, run_after=None
[2022-10-13T05:17:30.200+0000] {logging_mixin.py:117} INFO - [2022-10-13T05:17:30.200+0000] {dag.py:3328} INFO - Setting next_dagrun for example_external_task_marker_parent to None, run_after=None
[2022-10-13T05:17:30.210+0000] {processor.py:178} INFO - Processing /home/airflow/.local/lib/python3.7/site-packages/airflow/example_dags/example_external_task_marker_dag.py took 0.166 seconds
[2022-10-13T05:18:00.696+0000] {processor.py:156} INFO - Started process (PID=2175) to work on /home/airflow/.local/lib/python3.7/site-packages/airflow/example_dags/example_external_task_marker_dag.py
[2022-10-13T05:18:00.696+0000] {processor.py:758} INFO - Processing file /home/airflow/.local/lib/python3.7/site-packages/airflow/example_dags/example_external_task_marker_dag.py for tasks to queue
[2022-10-13T05:18:00.696+0000] {logging_mixin.py:117} INFO - [2022-10-13T05:18:00.696+0000] {dagbag.py:525} INFO - Filling up the DagBag from /home/airflow/.local/lib/python3.7/site-packages/airflow/example_dags/example_external_task_marker_dag.py
[2022-10-13T05:18:00.705+0000] {processor.py:768} INFO - DAG(s) dict_keys(['example_external_task_marker_child', 'example_external_task_marker_parent']) retrieved from /home/airflow/.local/lib/python3.7/site-packages/airflow/example_dags/example_external_task_marker_dag.py
[2022-10-13T05:18:00.841+0000] {logging_mixin.py:117} INFO - [2022-10-13T05:18:00.841+0000] {dag.py:2573} INFO - Sync 2 DAGs
[2022-10-13T05:18:00.858+0000] {logging_mixin.py:117} INFO - [2022-10-13T05:18:00.858+0000] {dag.py:3328} INFO - Setting next_dagrun for example_external_task_marker_child to None, run_after=None
[2022-10-13T05:18:00.860+0000] {logging_mixin.py:117} INFO - [2022-10-13T05:18:00.860+0000] {dag.py:3328} INFO - Setting next_dagrun for example_external_task_marker_parent to None, run_after=None
[2022-10-13T05:18:00.869+0000] {processor.py:178} INFO - Processing /home/airflow/.local/lib/python3.7/site-packages/airflow/example_dags/example_external_task_marker_dag.py took 0.175 seconds
[2022-10-13T05:18:31.349+0000] {processor.py:156} INFO - Started process (PID=2379) to work on /home/airflow/.local/lib/python3.7/site-packages/airflow/example_dags/example_external_task_marker_dag.py
[2022-10-13T05:18:31.349+0000] {processor.py:758} INFO - Processing file /home/airflow/.local/lib/python3.7/site-packages/airflow/example_dags/example_external_task_marker_dag.py for tasks to queue
[2022-10-13T05:18:31.350+0000] {logging_mixin.py:117} INFO - [2022-10-13T05:18:31.350+0000] {dagbag.py:525} INFO - Filling up the DagBag from /home/airflow/.local/lib/python3.7/site-packages/airflow/example_dags/example_external_task_marker_dag.py
[2022-10-13T05:18:31.358+0000] {processor.py:768} INFO - DAG(s) dict_keys(['example_external_task_marker_child', 'example_external_task_marker_parent']) retrieved from /home/airflow/.local/lib/python3.7/site-packages/airflow/example_dags/example_external_task_marker_dag.py
[2022-10-13T05:18:31.492+0000] {logging_mixin.py:117} INFO - [2022-10-13T05:18:31.492+0000] {dag.py:2573} INFO - Sync 2 DAGs
[2022-10-13T05:18:31.506+0000] {logging_mixin.py:117} INFO - [2022-10-13T05:18:31.506+0000] {dag.py:3328} INFO - Setting next_dagrun for example_external_task_marker_child to None, run_after=None
[2022-10-13T05:18:31.508+0000] {logging_mixin.py:117} INFO - [2022-10-13T05:18:31.508+0000] {dag.py:3328} INFO - Setting next_dagrun for example_external_task_marker_parent to None, run_after=None
[2022-10-13T05:18:31.518+0000] {processor.py:178} INFO - Processing /home/airflow/.local/lib/python3.7/site-packages/airflow/example_dags/example_external_task_marker_dag.py took 0.171 seconds
[2022-10-13T05:19:01.900+0000] {processor.py:156} INFO - Started process (PID=2580) to work on /home/airflow/.local/lib/python3.7/site-packages/airflow/example_dags/example_external_task_marker_dag.py
[2022-10-13T05:19:01.900+0000] {processor.py:758} INFO - Processing file /home/airflow/.local/lib/python3.7/site-packages/airflow/example_dags/example_external_task_marker_dag.py for tasks to queue
[2022-10-13T05:19:01.900+0000] {logging_mixin.py:117} INFO - [2022-10-13T05:19:01.900+0000] {dagbag.py:525} INFO - Filling up the DagBag from /home/airflow/.local/lib/python3.7/site-packages/airflow/example_dags/example_external_task_marker_dag.py
[2022-10-13T05:19:01.909+0000] {processor.py:768} INFO - DAG(s) dict_keys(['example_external_task_marker_parent', 'example_external_task_marker_child']) retrieved from /home/airflow/.local/lib/python3.7/site-packages/airflow/example_dags/example_external_task_marker_dag.py
[2022-10-13T05:19:02.032+0000] {logging_mixin.py:117} INFO - [2022-10-13T05:19:02.032+0000] {dag.py:2573} INFO - Sync 2 DAGs
[2022-10-13T05:19:02.046+0000] {logging_mixin.py:117} INFO - [2022-10-13T05:19:02.046+0000] {dag.py:3328} INFO - Setting next_dagrun for example_external_task_marker_child to None, run_after=None
[2022-10-13T05:19:02.048+0000] {logging_mixin.py:117} INFO - [2022-10-13T05:19:02.048+0000] {dag.py:3328} INFO - Setting next_dagrun for example_external_task_marker_parent to None, run_after=None
[2022-10-13T05:19:02.057+0000] {processor.py:178} INFO - Processing /home/airflow/.local/lib/python3.7/site-packages/airflow/example_dags/example_external_task_marker_dag.py took 0.160 seconds
