[2022-10-13T05:13:23.091+0000] {processor.py:156} INFO - Started process (PID=317) to work on /home/airflow/.local/lib/python3.7/site-packages/airflow/example_dags/example_complex.py
[2022-10-13T05:13:23.091+0000] {processor.py:758} INFO - Processing file /home/airflow/.local/lib/python3.7/site-packages/airflow/example_dags/example_complex.py for tasks to queue
[2022-10-13T05:13:23.091+0000] {logging_mixin.py:117} INFO - [2022-10-13T05:13:23.091+0000] {dagbag.py:525} INFO - Filling up the DagBag from /home/airflow/.local/lib/python3.7/site-packages/airflow/example_dags/example_complex.py
[2022-10-13T05:13:23.106+0000] {processor.py:768} INFO - DAG(s) dict_keys(['example_complex']) retrieved from /home/airflow/.local/lib/python3.7/site-packages/airflow/example_dags/example_complex.py
[2022-10-13T05:13:23.123+0000] {logging_mixin.py:117} INFO - [2022-10-13T05:13:23.123+0000] {dag.py:2573} INFO - Sync 1 DAGs
[2022-10-13T05:13:23.139+0000] {logging_mixin.py:117} INFO - [2022-10-13T05:13:23.139+0000] {dag.py:3328} INFO - Setting next_dagrun for example_complex to None, run_after=None
[2022-10-13T05:13:23.150+0000] {processor.py:178} INFO - Processing /home/airflow/.local/lib/python3.7/site-packages/airflow/example_dags/example_complex.py took 0.061 seconds
[2022-10-13T05:13:54.681+0000] {processor.py:156} INFO - Started process (PID=524) to work on /home/airflow/.local/lib/python3.7/site-packages/airflow/example_dags/example_complex.py
[2022-10-13T05:13:54.681+0000] {processor.py:758} INFO - Processing file /home/airflow/.local/lib/python3.7/site-packages/airflow/example_dags/example_complex.py for tasks to queue
[2022-10-13T05:13:54.681+0000] {logging_mixin.py:117} INFO - [2022-10-13T05:13:54.681+0000] {dagbag.py:525} INFO - Filling up the DagBag from /home/airflow/.local/lib/python3.7/site-packages/airflow/example_dags/example_complex.py
[2022-10-13T05:13:54.693+0000] {processor.py:768} INFO - DAG(s) dict_keys(['example_complex']) retrieved from /home/airflow/.local/lib/python3.7/site-packages/airflow/example_dags/example_complex.py
[2022-10-13T05:13:54.717+0000] {logging_mixin.py:117} INFO - [2022-10-13T05:13:54.717+0000] {dag.py:2573} INFO - Sync 1 DAGs
[2022-10-13T05:13:54.800+0000] {logging_mixin.py:117} INFO - [2022-10-13T05:13:54.799+0000] {dag.py:3328} INFO - Setting next_dagrun for example_complex to None, run_after=None
[2022-10-13T05:13:54.810+0000] {processor.py:178} INFO - Processing /home/airflow/.local/lib/python3.7/site-packages/airflow/example_dags/example_complex.py took 0.131 seconds
[2022-10-13T05:14:25.592+0000] {processor.py:156} INFO - Started process (PID=732) to work on /home/airflow/.local/lib/python3.7/site-packages/airflow/example_dags/example_complex.py
[2022-10-13T05:14:25.593+0000] {processor.py:758} INFO - Processing file /home/airflow/.local/lib/python3.7/site-packages/airflow/example_dags/example_complex.py for tasks to queue
[2022-10-13T05:14:25.593+0000] {logging_mixin.py:117} INFO - [2022-10-13T05:14:25.593+0000] {dagbag.py:525} INFO - Filling up the DagBag from /home/airflow/.local/lib/python3.7/site-packages/airflow/example_dags/example_complex.py
[2022-10-13T05:14:25.605+0000] {processor.py:768} INFO - DAG(s) dict_keys(['example_complex']) retrieved from /home/airflow/.local/lib/python3.7/site-packages/airflow/example_dags/example_complex.py
[2022-10-13T05:14:25.704+0000] {logging_mixin.py:117} INFO - [2022-10-13T05:14:25.704+0000] {dag.py:2573} INFO - Sync 1 DAGs
[2022-10-13T05:14:25.716+0000] {logging_mixin.py:117} INFO - [2022-10-13T05:14:25.716+0000] {dag.py:3328} INFO - Setting next_dagrun for example_complex to None, run_after=None
[2022-10-13T05:14:25.727+0000] {processor.py:178} INFO - Processing /home/airflow/.local/lib/python3.7/site-packages/airflow/example_dags/example_complex.py took 0.136 seconds
[2022-10-13T05:14:56.394+0000] {processor.py:156} INFO - Started process (PID=939) to work on /home/airflow/.local/lib/python3.7/site-packages/airflow/example_dags/example_complex.py
[2022-10-13T05:14:56.394+0000] {processor.py:758} INFO - Processing file /home/airflow/.local/lib/python3.7/site-packages/airflow/example_dags/example_complex.py for tasks to queue
[2022-10-13T05:14:56.394+0000] {logging_mixin.py:117} INFO - [2022-10-13T05:14:56.394+0000] {dagbag.py:525} INFO - Filling up the DagBag from /home/airflow/.local/lib/python3.7/site-packages/airflow/example_dags/example_complex.py
[2022-10-13T05:14:56.407+0000] {processor.py:768} INFO - DAG(s) dict_keys(['example_complex']) retrieved from /home/airflow/.local/lib/python3.7/site-packages/airflow/example_dags/example_complex.py
[2022-10-13T05:14:56.502+0000] {logging_mixin.py:117} INFO - [2022-10-13T05:14:56.502+0000] {dag.py:2573} INFO - Sync 1 DAGs
[2022-10-13T05:14:56.516+0000] {logging_mixin.py:117} INFO - [2022-10-13T05:14:56.515+0000] {dag.py:3328} INFO - Setting next_dagrun for example_complex to None, run_after=None
[2022-10-13T05:14:56.526+0000] {processor.py:178} INFO - Processing /home/airflow/.local/lib/python3.7/site-packages/airflow/example_dags/example_complex.py took 0.134 seconds
[2022-10-13T05:15:27.196+0000] {processor.py:156} INFO - Started process (PID=1146) to work on /home/airflow/.local/lib/python3.7/site-packages/airflow/example_dags/example_complex.py
[2022-10-13T05:15:27.196+0000] {processor.py:758} INFO - Processing file /home/airflow/.local/lib/python3.7/site-packages/airflow/example_dags/example_complex.py for tasks to queue
[2022-10-13T05:15:27.197+0000] {logging_mixin.py:117} INFO - [2022-10-13T05:15:27.197+0000] {dagbag.py:525} INFO - Filling up the DagBag from /home/airflow/.local/lib/python3.7/site-packages/airflow/example_dags/example_complex.py
[2022-10-13T05:15:27.210+0000] {processor.py:768} INFO - DAG(s) dict_keys(['example_complex']) retrieved from /home/airflow/.local/lib/python3.7/site-packages/airflow/example_dags/example_complex.py
[2022-10-13T05:15:27.312+0000] {logging_mixin.py:117} INFO - [2022-10-13T05:15:27.312+0000] {dag.py:2573} INFO - Sync 1 DAGs
[2022-10-13T05:15:27.326+0000] {logging_mixin.py:117} INFO - [2022-10-13T05:15:27.326+0000] {dag.py:3328} INFO - Setting next_dagrun for example_complex to None, run_after=None
[2022-10-13T05:15:27.338+0000] {processor.py:178} INFO - Processing /home/airflow/.local/lib/python3.7/site-packages/airflow/example_dags/example_complex.py took 0.144 seconds
[2022-10-13T05:15:57.847+0000] {processor.py:156} INFO - Started process (PID=1344) to work on /home/airflow/.local/lib/python3.7/site-packages/airflow/example_dags/example_complex.py
[2022-10-13T05:15:57.847+0000] {processor.py:758} INFO - Processing file /home/airflow/.local/lib/python3.7/site-packages/airflow/example_dags/example_complex.py for tasks to queue
[2022-10-13T05:15:57.848+0000] {logging_mixin.py:117} INFO - [2022-10-13T05:15:57.848+0000] {dagbag.py:525} INFO - Filling up the DagBag from /home/airflow/.local/lib/python3.7/site-packages/airflow/example_dags/example_complex.py
[2022-10-13T05:15:57.930+0000] {processor.py:768} INFO - DAG(s) dict_keys(['example_complex']) retrieved from /home/airflow/.local/lib/python3.7/site-packages/airflow/example_dags/example_complex.py
[2022-10-13T05:15:57.954+0000] {logging_mixin.py:117} INFO - [2022-10-13T05:15:57.954+0000] {dag.py:2573} INFO - Sync 1 DAGs
[2022-10-13T05:15:57.968+0000] {logging_mixin.py:117} INFO - [2022-10-13T05:15:57.968+0000] {dag.py:3328} INFO - Setting next_dagrun for example_complex to None, run_after=None
[2022-10-13T05:15:57.978+0000] {processor.py:178} INFO - Processing /home/airflow/.local/lib/python3.7/site-packages/airflow/example_dags/example_complex.py took 0.133 seconds
[2022-10-13T05:16:28.722+0000] {processor.py:156} INFO - Started process (PID=1549) to work on /home/airflow/.local/lib/python3.7/site-packages/airflow/example_dags/example_complex.py
[2022-10-13T05:16:28.722+0000] {processor.py:758} INFO - Processing file /home/airflow/.local/lib/python3.7/site-packages/airflow/example_dags/example_complex.py for tasks to queue
[2022-10-13T05:16:28.723+0000] {logging_mixin.py:117} INFO - [2022-10-13T05:16:28.722+0000] {dagbag.py:525} INFO - Filling up the DagBag from /home/airflow/.local/lib/python3.7/site-packages/airflow/example_dags/example_complex.py
[2022-10-13T05:16:28.735+0000] {processor.py:768} INFO - DAG(s) dict_keys(['example_complex']) retrieved from /home/airflow/.local/lib/python3.7/site-packages/airflow/example_dags/example_complex.py
[2022-10-13T05:16:28.762+0000] {logging_mixin.py:117} INFO - [2022-10-13T05:16:28.762+0000] {dag.py:2573} INFO - Sync 1 DAGs
[2022-10-13T05:16:28.777+0000] {logging_mixin.py:117} INFO - [2022-10-13T05:16:28.777+0000] {dag.py:3328} INFO - Setting next_dagrun for example_complex to None, run_after=None
[2022-10-13T05:16:28.788+0000] {processor.py:178} INFO - Processing /home/airflow/.local/lib/python3.7/site-packages/airflow/example_dags/example_complex.py took 0.067 seconds
[2022-10-13T05:16:59.352+0000] {processor.py:156} INFO - Started process (PID=1756) to work on /home/airflow/.local/lib/python3.7/site-packages/airflow/example_dags/example_complex.py
[2022-10-13T05:16:59.353+0000] {processor.py:758} INFO - Processing file /home/airflow/.local/lib/python3.7/site-packages/airflow/example_dags/example_complex.py for tasks to queue
[2022-10-13T05:16:59.353+0000] {logging_mixin.py:117} INFO - [2022-10-13T05:16:59.353+0000] {dagbag.py:525} INFO - Filling up the DagBag from /home/airflow/.local/lib/python3.7/site-packages/airflow/example_dags/example_complex.py
[2022-10-13T05:16:59.366+0000] {processor.py:768} INFO - DAG(s) dict_keys(['example_complex']) retrieved from /home/airflow/.local/lib/python3.7/site-packages/airflow/example_dags/example_complex.py
[2022-10-13T05:16:59.394+0000] {logging_mixin.py:117} INFO - [2022-10-13T05:16:59.394+0000] {dag.py:2573} INFO - Sync 1 DAGs
[2022-10-13T05:16:59.411+0000] {logging_mixin.py:117} INFO - [2022-10-13T05:16:59.410+0000] {dag.py:3328} INFO - Setting next_dagrun for example_complex to None, run_after=None
[2022-10-13T05:16:59.422+0000] {processor.py:178} INFO - Processing /home/airflow/.local/lib/python3.7/site-packages/airflow/example_dags/example_complex.py took 0.072 seconds
[2022-10-13T05:17:29.986+0000] {processor.py:156} INFO - Started process (PID=1963) to work on /home/airflow/.local/lib/python3.7/site-packages/airflow/example_dags/example_complex.py
[2022-10-13T05:17:29.987+0000] {processor.py:758} INFO - Processing file /home/airflow/.local/lib/python3.7/site-packages/airflow/example_dags/example_complex.py for tasks to queue
[2022-10-13T05:17:29.987+0000] {logging_mixin.py:117} INFO - [2022-10-13T05:17:29.987+0000] {dagbag.py:525} INFO - Filling up the DagBag from /home/airflow/.local/lib/python3.7/site-packages/airflow/example_dags/example_complex.py
[2022-10-13T05:17:30.000+0000] {processor.py:768} INFO - DAG(s) dict_keys(['example_complex']) retrieved from /home/airflow/.local/lib/python3.7/site-packages/airflow/example_dags/example_complex.py
[2022-10-13T05:17:30.027+0000] {logging_mixin.py:117} INFO - [2022-10-13T05:17:30.027+0000] {dag.py:2573} INFO - Sync 1 DAGs
[2022-10-13T05:17:30.044+0000] {logging_mixin.py:117} INFO - [2022-10-13T05:17:30.043+0000] {dag.py:3328} INFO - Setting next_dagrun for example_complex to None, run_after=None
[2022-10-13T05:17:30.055+0000] {processor.py:178} INFO - Processing /home/airflow/.local/lib/python3.7/site-packages/airflow/example_dags/example_complex.py took 0.071 seconds
[2022-10-13T05:18:00.693+0000] {processor.py:156} INFO - Started process (PID=2172) to work on /home/airflow/.local/lib/python3.7/site-packages/airflow/example_dags/example_complex.py
[2022-10-13T05:18:00.693+0000] {processor.py:758} INFO - Processing file /home/airflow/.local/lib/python3.7/site-packages/airflow/example_dags/example_complex.py for tasks to queue
[2022-10-13T05:18:00.693+0000] {logging_mixin.py:117} INFO - [2022-10-13T05:18:00.693+0000] {dagbag.py:525} INFO - Filling up the DagBag from /home/airflow/.local/lib/python3.7/site-packages/airflow/example_dags/example_complex.py
[2022-10-13T05:18:00.706+0000] {processor.py:768} INFO - DAG(s) dict_keys(['example_complex']) retrieved from /home/airflow/.local/lib/python3.7/site-packages/airflow/example_dags/example_complex.py
[2022-10-13T05:18:00.740+0000] {logging_mixin.py:117} INFO - [2022-10-13T05:18:00.740+0000] {dag.py:2573} INFO - Sync 1 DAGs
[2022-10-13T05:18:00.760+0000] {logging_mixin.py:117} INFO - [2022-10-13T05:18:00.760+0000] {dag.py:3328} INFO - Setting next_dagrun for example_complex to None, run_after=None
[2022-10-13T05:18:00.771+0000] {processor.py:178} INFO - Processing /home/airflow/.local/lib/python3.7/site-packages/airflow/example_dags/example_complex.py took 0.080 seconds
[2022-10-13T05:18:31.285+0000] {processor.py:156} INFO - Started process (PID=2368) to work on /home/airflow/.local/lib/python3.7/site-packages/airflow/example_dags/example_complex.py
[2022-10-13T05:18:31.287+0000] {processor.py:758} INFO - Processing file /home/airflow/.local/lib/python3.7/site-packages/airflow/example_dags/example_complex.py for tasks to queue
[2022-10-13T05:18:31.287+0000] {logging_mixin.py:117} INFO - [2022-10-13T05:18:31.287+0000] {dagbag.py:525} INFO - Filling up the DagBag from /home/airflow/.local/lib/python3.7/site-packages/airflow/example_dags/example_complex.py
[2022-10-13T05:18:31.300+0000] {processor.py:768} INFO - DAG(s) dict_keys(['example_complex']) retrieved from /home/airflow/.local/lib/python3.7/site-packages/airflow/example_dags/example_complex.py
[2022-10-13T05:18:31.353+0000] {logging_mixin.py:117} INFO - [2022-10-13T05:18:31.353+0000] {dag.py:2573} INFO - Sync 1 DAGs
[2022-10-13T05:18:31.369+0000] {logging_mixin.py:117} INFO - [2022-10-13T05:18:31.369+0000] {dag.py:3328} INFO - Setting next_dagrun for example_complex to None, run_after=None
[2022-10-13T05:18:31.380+0000] {processor.py:178} INFO - Processing /home/airflow/.local/lib/python3.7/site-packages/airflow/example_dags/example_complex.py took 0.097 seconds
[2022-10-13T05:19:01.844+0000] {processor.py:156} INFO - Started process (PID=2575) to work on /home/airflow/.local/lib/python3.7/site-packages/airflow/example_dags/example_complex.py
[2022-10-13T05:19:01.845+0000] {processor.py:758} INFO - Processing file /home/airflow/.local/lib/python3.7/site-packages/airflow/example_dags/example_complex.py for tasks to queue
[2022-10-13T05:19:01.845+0000] {logging_mixin.py:117} INFO - [2022-10-13T05:19:01.845+0000] {dagbag.py:525} INFO - Filling up the DagBag from /home/airflow/.local/lib/python3.7/site-packages/airflow/example_dags/example_complex.py
[2022-10-13T05:19:01.857+0000] {processor.py:768} INFO - DAG(s) dict_keys(['example_complex']) retrieved from /home/airflow/.local/lib/python3.7/site-packages/airflow/example_dags/example_complex.py
[2022-10-13T05:19:01.883+0000] {logging_mixin.py:117} INFO - [2022-10-13T05:19:01.883+0000] {dag.py:2573} INFO - Sync 1 DAGs
[2022-10-13T05:19:01.897+0000] {logging_mixin.py:117} INFO - [2022-10-13T05:19:01.897+0000] {dag.py:3328} INFO - Setting next_dagrun for example_complex to None, run_after=None
[2022-10-13T05:19:01.908+0000] {processor.py:178} INFO - Processing /home/airflow/.local/lib/python3.7/site-packages/airflow/example_dags/example_complex.py took 0.065 seconds
