[2022-10-13T05:13:22.829+0000] {processor.py:156} INFO - Started process (PID=277) to work on /home/airflow/.local/lib/python3.7/site-packages/airflow/example_dags/example_branch_operator.py
[2022-10-13T05:13:22.830+0000] {processor.py:758} INFO - Processing file /home/airflow/.local/lib/python3.7/site-packages/airflow/example_dags/example_branch_operator.py for tasks to queue
[2022-10-13T05:13:22.830+0000] {logging_mixin.py:117} INFO - [2022-10-13T05:13:22.830+0000] {dagbag.py:525} INFO - Filling up the DagBag from /home/airflow/.local/lib/python3.7/site-packages/airflow/example_dags/example_branch_operator.py
[2022-10-13T05:13:22.842+0000] {processor.py:768} INFO - DAG(s) dict_keys(['example_branch_operator']) retrieved from /home/airflow/.local/lib/python3.7/site-packages/airflow/example_dags/example_branch_operator.py
[2022-10-13T05:13:22.855+0000] {logging_mixin.py:117} INFO - [2022-10-13T05:13:22.855+0000] {dag.py:2573} INFO - Sync 1 DAGs
[2022-10-13T05:13:22.872+0000] {logging_mixin.py:117} INFO - [2022-10-13T05:13:22.872+0000] {dag.py:3328} INFO - Setting next_dagrun for example_branch_operator to 2022-10-12T00:00:00+00:00, run_after=2022-10-13T00:00:00+00:00
[2022-10-13T05:13:22.884+0000] {processor.py:178} INFO - Processing /home/airflow/.local/lib/python3.7/site-packages/airflow/example_dags/example_branch_operator.py took 0.056 seconds
[2022-10-13T05:13:53.988+0000] {processor.py:156} INFO - Started process (PID=484) to work on /home/airflow/.local/lib/python3.7/site-packages/airflow/example_dags/example_branch_operator.py
[2022-10-13T05:13:53.989+0000] {processor.py:758} INFO - Processing file /home/airflow/.local/lib/python3.7/site-packages/airflow/example_dags/example_branch_operator.py for tasks to queue
[2022-10-13T05:13:53.989+0000] {logging_mixin.py:117} INFO - [2022-10-13T05:13:53.989+0000] {dagbag.py:525} INFO - Filling up the DagBag from /home/airflow/.local/lib/python3.7/site-packages/airflow/example_dags/example_branch_operator.py
[2022-10-13T05:13:53.998+0000] {processor.py:768} INFO - DAG(s) dict_keys(['example_branch_operator']) retrieved from /home/airflow/.local/lib/python3.7/site-packages/airflow/example_dags/example_branch_operator.py
[2022-10-13T05:13:54.020+0000] {logging_mixin.py:117} INFO - [2022-10-13T05:13:54.019+0000] {dag.py:2573} INFO - Sync 1 DAGs
[2022-10-13T05:13:54.104+0000] {logging_mixin.py:117} INFO - [2022-10-13T05:13:54.103+0000] {dag.py:3328} INFO - Setting next_dagrun for example_branch_operator to 2022-10-12T00:00:00+00:00, run_after=2022-10-13T00:00:00+00:00
[2022-10-13T05:13:54.114+0000] {processor.py:178} INFO - Processing /home/airflow/.local/lib/python3.7/site-packages/airflow/example_dags/example_branch_operator.py took 0.128 seconds
[2022-10-13T05:14:25.004+0000] {processor.py:156} INFO - Started process (PID=692) to work on /home/airflow/.local/lib/python3.7/site-packages/airflow/example_dags/example_branch_operator.py
[2022-10-13T05:14:25.005+0000] {processor.py:758} INFO - Processing file /home/airflow/.local/lib/python3.7/site-packages/airflow/example_dags/example_branch_operator.py for tasks to queue
[2022-10-13T05:14:25.005+0000] {logging_mixin.py:117} INFO - [2022-10-13T05:14:25.005+0000] {dagbag.py:525} INFO - Filling up the DagBag from /home/airflow/.local/lib/python3.7/site-packages/airflow/example_dags/example_branch_operator.py
[2022-10-13T05:14:25.015+0000] {processor.py:768} INFO - DAG(s) dict_keys(['example_branch_operator']) retrieved from /home/airflow/.local/lib/python3.7/site-packages/airflow/example_dags/example_branch_operator.py
[2022-10-13T05:14:25.040+0000] {logging_mixin.py:117} INFO - [2022-10-13T05:14:25.040+0000] {dag.py:2573} INFO - Sync 1 DAGs
[2022-10-13T05:14:25.125+0000] {logging_mixin.py:117} INFO - [2022-10-13T05:14:25.125+0000] {dag.py:3328} INFO - Setting next_dagrun for example_branch_operator to 2022-10-12T00:00:00+00:00, run_after=2022-10-13T00:00:00+00:00
[2022-10-13T05:14:25.136+0000] {processor.py:178} INFO - Processing /home/airflow/.local/lib/python3.7/site-packages/airflow/example_dags/example_branch_operator.py took 0.133 seconds
[2022-10-13T05:14:55.824+0000] {processor.py:156} INFO - Started process (PID=899) to work on /home/airflow/.local/lib/python3.7/site-packages/airflow/example_dags/example_branch_operator.py
[2022-10-13T05:14:55.824+0000] {processor.py:758} INFO - Processing file /home/airflow/.local/lib/python3.7/site-packages/airflow/example_dags/example_branch_operator.py for tasks to queue
[2022-10-13T05:14:55.825+0000] {logging_mixin.py:117} INFO - [2022-10-13T05:14:55.824+0000] {dagbag.py:525} INFO - Filling up the DagBag from /home/airflow/.local/lib/python3.7/site-packages/airflow/example_dags/example_branch_operator.py
[2022-10-13T05:14:55.835+0000] {processor.py:768} INFO - DAG(s) dict_keys(['example_branch_operator']) retrieved from /home/airflow/.local/lib/python3.7/site-packages/airflow/example_dags/example_branch_operator.py
[2022-10-13T05:14:55.928+0000] {logging_mixin.py:117} INFO - [2022-10-13T05:14:55.928+0000] {dag.py:2573} INFO - Sync 1 DAGs
[2022-10-13T05:14:55.943+0000] {logging_mixin.py:117} INFO - [2022-10-13T05:14:55.943+0000] {dag.py:3328} INFO - Setting next_dagrun for example_branch_operator to 2022-10-12T00:00:00+00:00, run_after=2022-10-13T00:00:00+00:00
[2022-10-13T05:14:55.953+0000] {processor.py:178} INFO - Processing /home/airflow/.local/lib/python3.7/site-packages/airflow/example_dags/example_branch_operator.py took 0.131 seconds
[2022-10-13T05:15:26.562+0000] {processor.py:156} INFO - Started process (PID=1103) to work on /home/airflow/.local/lib/python3.7/site-packages/airflow/example_dags/example_branch_operator.py
[2022-10-13T05:15:26.562+0000] {processor.py:758} INFO - Processing file /home/airflow/.local/lib/python3.7/site-packages/airflow/example_dags/example_branch_operator.py for tasks to queue
[2022-10-13T05:15:26.563+0000] {logging_mixin.py:117} INFO - [2022-10-13T05:15:26.563+0000] {dagbag.py:525} INFO - Filling up the DagBag from /home/airflow/.local/lib/python3.7/site-packages/airflow/example_dags/example_branch_operator.py
[2022-10-13T05:15:26.573+0000] {processor.py:768} INFO - DAG(s) dict_keys(['example_branch_operator']) retrieved from /home/airflow/.local/lib/python3.7/site-packages/airflow/example_dags/example_branch_operator.py
[2022-10-13T05:15:26.716+0000] {logging_mixin.py:117} INFO - [2022-10-13T05:15:26.716+0000] {dag.py:2573} INFO - Sync 1 DAGs
[2022-10-13T05:15:26.731+0000] {logging_mixin.py:117} INFO - [2022-10-13T05:15:26.731+0000] {dag.py:3328} INFO - Setting next_dagrun for example_branch_operator to 2022-10-12T00:00:00+00:00, run_after=2022-10-13T00:00:00+00:00
[2022-10-13T05:15:26.743+0000] {processor.py:178} INFO - Processing /home/airflow/.local/lib/python3.7/site-packages/airflow/example_dags/example_branch_operator.py took 0.182 seconds
[2022-10-13T05:15:57.290+0000] {processor.py:156} INFO - Started process (PID=1304) to work on /home/airflow/.local/lib/python3.7/site-packages/airflow/example_dags/example_branch_operator.py
[2022-10-13T05:15:57.290+0000] {processor.py:758} INFO - Processing file /home/airflow/.local/lib/python3.7/site-packages/airflow/example_dags/example_branch_operator.py for tasks to queue
[2022-10-13T05:15:57.291+0000] {logging_mixin.py:117} INFO - [2022-10-13T05:15:57.291+0000] {dagbag.py:525} INFO - Filling up the DagBag from /home/airflow/.local/lib/python3.7/site-packages/airflow/example_dags/example_branch_operator.py
[2022-10-13T05:15:57.371+0000] {processor.py:768} INFO - DAG(s) dict_keys(['example_branch_operator']) retrieved from /home/airflow/.local/lib/python3.7/site-packages/airflow/example_dags/example_branch_operator.py
[2022-10-13T05:15:57.391+0000] {logging_mixin.py:117} INFO - [2022-10-13T05:15:57.391+0000] {dag.py:2573} INFO - Sync 1 DAGs
[2022-10-13T05:15:57.406+0000] {logging_mixin.py:117} INFO - [2022-10-13T05:15:57.406+0000] {dag.py:3328} INFO - Setting next_dagrun for example_branch_operator to 2022-10-12T00:00:00+00:00, run_after=2022-10-13T00:00:00+00:00
[2022-10-13T05:15:57.416+0000] {processor.py:178} INFO - Processing /home/airflow/.local/lib/python3.7/site-packages/airflow/example_dags/example_branch_operator.py took 0.128 seconds
[2022-10-13T05:16:27.435+0000] {processor.py:156} INFO - Started process (PID=1509) to work on /home/airflow/.local/lib/python3.7/site-packages/airflow/example_dags/example_branch_operator.py
[2022-10-13T05:16:27.435+0000] {processor.py:758} INFO - Processing file /home/airflow/.local/lib/python3.7/site-packages/airflow/example_dags/example_branch_operator.py for tasks to queue
[2022-10-13T05:16:27.436+0000] {logging_mixin.py:117} INFO - [2022-10-13T05:16:27.436+0000] {dagbag.py:525} INFO - Filling up the DagBag from /home/airflow/.local/lib/python3.7/site-packages/airflow/example_dags/example_branch_operator.py
[2022-10-13T05:16:27.446+0000] {processor.py:768} INFO - DAG(s) dict_keys(['example_branch_operator']) retrieved from /home/airflow/.local/lib/python3.7/site-packages/airflow/example_dags/example_branch_operator.py
[2022-10-13T05:16:27.473+0000] {logging_mixin.py:117} INFO - [2022-10-13T05:16:27.473+0000] {dag.py:2573} INFO - Sync 1 DAGs
[2022-10-13T05:16:27.489+0000] {logging_mixin.py:117} INFO - [2022-10-13T05:16:27.489+0000] {dag.py:3328} INFO - Setting next_dagrun for example_branch_operator to 2022-10-12T00:00:00+00:00, run_after=2022-10-13T00:00:00+00:00
[2022-10-13T05:16:27.498+0000] {processor.py:178} INFO - Processing /home/airflow/.local/lib/python3.7/site-packages/airflow/example_dags/example_branch_operator.py took 0.066 seconds
[2022-10-13T05:16:58.040+0000] {processor.py:156} INFO - Started process (PID=1716) to work on /home/airflow/.local/lib/python3.7/site-packages/airflow/example_dags/example_branch_operator.py
[2022-10-13T05:16:58.040+0000] {processor.py:758} INFO - Processing file /home/airflow/.local/lib/python3.7/site-packages/airflow/example_dags/example_branch_operator.py for tasks to queue
[2022-10-13T05:16:58.040+0000] {logging_mixin.py:117} INFO - [2022-10-13T05:16:58.040+0000] {dagbag.py:525} INFO - Filling up the DagBag from /home/airflow/.local/lib/python3.7/site-packages/airflow/example_dags/example_branch_operator.py
[2022-10-13T05:16:58.051+0000] {processor.py:768} INFO - DAG(s) dict_keys(['example_branch_operator']) retrieved from /home/airflow/.local/lib/python3.7/site-packages/airflow/example_dags/example_branch_operator.py
[2022-10-13T05:16:58.075+0000] {logging_mixin.py:117} INFO - [2022-10-13T05:16:58.074+0000] {dag.py:2573} INFO - Sync 1 DAGs
[2022-10-13T05:16:58.091+0000] {logging_mixin.py:117} INFO - [2022-10-13T05:16:58.091+0000] {dag.py:3328} INFO - Setting next_dagrun for example_branch_operator to 2022-10-12T00:00:00+00:00, run_after=2022-10-13T00:00:00+00:00
[2022-10-13T05:16:58.102+0000] {processor.py:178} INFO - Processing /home/airflow/.local/lib/python3.7/site-packages/airflow/example_dags/example_branch_operator.py took 0.065 seconds
[2022-10-13T05:17:28.668+0000] {processor.py:156} INFO - Started process (PID=1923) to work on /home/airflow/.local/lib/python3.7/site-packages/airflow/example_dags/example_branch_operator.py
[2022-10-13T05:17:28.669+0000] {processor.py:758} INFO - Processing file /home/airflow/.local/lib/python3.7/site-packages/airflow/example_dags/example_branch_operator.py for tasks to queue
[2022-10-13T05:17:28.669+0000] {logging_mixin.py:117} INFO - [2022-10-13T05:17:28.669+0000] {dagbag.py:525} INFO - Filling up the DagBag from /home/airflow/.local/lib/python3.7/site-packages/airflow/example_dags/example_branch_operator.py
[2022-10-13T05:17:28.679+0000] {processor.py:768} INFO - DAG(s) dict_keys(['example_branch_operator']) retrieved from /home/airflow/.local/lib/python3.7/site-packages/airflow/example_dags/example_branch_operator.py
[2022-10-13T05:17:28.702+0000] {logging_mixin.py:117} INFO - [2022-10-13T05:17:28.702+0000] {dag.py:2573} INFO - Sync 1 DAGs
[2022-10-13T05:17:28.718+0000] {logging_mixin.py:117} INFO - [2022-10-13T05:17:28.718+0000] {dag.py:3328} INFO - Setting next_dagrun for example_branch_operator to 2022-10-12T00:00:00+00:00, run_after=2022-10-13T00:00:00+00:00
[2022-10-13T05:17:28.729+0000] {processor.py:178} INFO - Processing /home/airflow/.local/lib/python3.7/site-packages/airflow/example_dags/example_branch_operator.py took 0.063 seconds
[2022-10-13T05:17:59.369+0000] {processor.py:156} INFO - Started process (PID=2130) to work on /home/airflow/.local/lib/python3.7/site-packages/airflow/example_dags/example_branch_operator.py
[2022-10-13T05:17:59.369+0000] {processor.py:758} INFO - Processing file /home/airflow/.local/lib/python3.7/site-packages/airflow/example_dags/example_branch_operator.py for tasks to queue
[2022-10-13T05:17:59.370+0000] {logging_mixin.py:117} INFO - [2022-10-13T05:17:59.370+0000] {dagbag.py:525} INFO - Filling up the DagBag from /home/airflow/.local/lib/python3.7/site-packages/airflow/example_dags/example_branch_operator.py
[2022-10-13T05:17:59.381+0000] {processor.py:768} INFO - DAG(s) dict_keys(['example_branch_operator']) retrieved from /home/airflow/.local/lib/python3.7/site-packages/airflow/example_dags/example_branch_operator.py
[2022-10-13T05:17:59.405+0000] {logging_mixin.py:117} INFO - [2022-10-13T05:17:59.405+0000] {dag.py:2573} INFO - Sync 1 DAGs
[2022-10-13T05:17:59.423+0000] {logging_mixin.py:117} INFO - [2022-10-13T05:17:59.423+0000] {dag.py:3328} INFO - Setting next_dagrun for example_branch_operator to 2022-10-12T00:00:00+00:00, run_after=2022-10-13T00:00:00+00:00
[2022-10-13T05:17:59.435+0000] {processor.py:178} INFO - Processing /home/airflow/.local/lib/python3.7/site-packages/airflow/example_dags/example_branch_operator.py took 0.068 seconds
[2022-10-13T05:18:29.992+0000] {processor.py:156} INFO - Started process (PID=2328) to work on /home/airflow/.local/lib/python3.7/site-packages/airflow/example_dags/example_branch_operator.py
[2022-10-13T05:18:29.993+0000] {processor.py:758} INFO - Processing file /home/airflow/.local/lib/python3.7/site-packages/airflow/example_dags/example_branch_operator.py for tasks to queue
[2022-10-13T05:18:29.993+0000] {logging_mixin.py:117} INFO - [2022-10-13T05:18:29.993+0000] {dagbag.py:525} INFO - Filling up the DagBag from /home/airflow/.local/lib/python3.7/site-packages/airflow/example_dags/example_branch_operator.py
[2022-10-13T05:18:30.004+0000] {processor.py:768} INFO - DAG(s) dict_keys(['example_branch_operator']) retrieved from /home/airflow/.local/lib/python3.7/site-packages/airflow/example_dags/example_branch_operator.py
[2022-10-13T05:18:30.027+0000] {logging_mixin.py:117} INFO - [2022-10-13T05:18:30.027+0000] {dag.py:2573} INFO - Sync 1 DAGs
[2022-10-13T05:18:30.042+0000] {logging_mixin.py:117} INFO - [2022-10-13T05:18:30.042+0000] {dag.py:3328} INFO - Setting next_dagrun for example_branch_operator to 2022-10-12T00:00:00+00:00, run_after=2022-10-13T00:00:00+00:00
[2022-10-13T05:18:30.052+0000] {processor.py:178} INFO - Processing /home/airflow/.local/lib/python3.7/site-packages/airflow/example_dags/example_branch_operator.py took 0.061 seconds
[2022-10-13T05:19:00.570+0000] {processor.py:156} INFO - Started process (PID=2535) to work on /home/airflow/.local/lib/python3.7/site-packages/airflow/example_dags/example_branch_operator.py
[2022-10-13T05:19:00.571+0000] {processor.py:758} INFO - Processing file /home/airflow/.local/lib/python3.7/site-packages/airflow/example_dags/example_branch_operator.py for tasks to queue
[2022-10-13T05:19:00.571+0000] {logging_mixin.py:117} INFO - [2022-10-13T05:19:00.571+0000] {dagbag.py:525} INFO - Filling up the DagBag from /home/airflow/.local/lib/python3.7/site-packages/airflow/example_dags/example_branch_operator.py
[2022-10-13T05:19:00.583+0000] {processor.py:768} INFO - DAG(s) dict_keys(['example_branch_operator']) retrieved from /home/airflow/.local/lib/python3.7/site-packages/airflow/example_dags/example_branch_operator.py
[2022-10-13T05:19:00.609+0000] {logging_mixin.py:117} INFO - [2022-10-13T05:19:00.609+0000] {dag.py:2573} INFO - Sync 1 DAGs
[2022-10-13T05:19:00.624+0000] {logging_mixin.py:117} INFO - [2022-10-13T05:19:00.623+0000] {dag.py:3328} INFO - Setting next_dagrun for example_branch_operator to 2022-10-12T00:00:00+00:00, run_after=2022-10-13T00:00:00+00:00
[2022-10-13T05:19:00.634+0000] {processor.py:178} INFO - Processing /home/airflow/.local/lib/python3.7/site-packages/airflow/example_dags/example_branch_operator.py took 0.065 seconds
