[2022-10-13T05:13:22.215+0000] {processor.py:156} INFO - Started process (PID=202) to work on /home/airflow/.local/lib/python3.7/site-packages/airflow/example_dags/example_kubernetes_executor.py
[2022-10-13T05:13:22.216+0000] {processor.py:758} INFO - Processing file /home/airflow/.local/lib/python3.7/site-packages/airflow/example_dags/example_kubernetes_executor.py for tasks to queue
[2022-10-13T05:13:22.216+0000] {logging_mixin.py:117} INFO - [2022-10-13T05:13:22.216+0000] {dagbag.py:525} INFO - Filling up the DagBag from /home/airflow/.local/lib/python3.7/site-packages/airflow/example_dags/example_kubernetes_executor.py
[2022-10-13T05:13:22.235+0000] {processor.py:768} INFO - DAG(s) dict_keys(['example_kubernetes_executor']) retrieved from /home/airflow/.local/lib/python3.7/site-packages/airflow/example_dags/example_kubernetes_executor.py
[2022-10-13T05:13:22.248+0000] {logging_mixin.py:117} INFO - [2022-10-13T05:13:22.248+0000] {dag.py:2573} INFO - Sync 1 DAGs
[2022-10-13T05:13:22.264+0000] {logging_mixin.py:117} INFO - [2022-10-13T05:13:22.264+0000] {dag.py:3328} INFO - Setting next_dagrun for example_kubernetes_executor to None, run_after=None
[2022-10-13T05:13:22.274+0000] {processor.py:178} INFO - Processing /home/airflow/.local/lib/python3.7/site-packages/airflow/example_dags/example_kubernetes_executor.py took 0.060 seconds
[2022-10-13T05:13:52.881+0000] {processor.py:156} INFO - Started process (PID=409) to work on /home/airflow/.local/lib/python3.7/site-packages/airflow/example_dags/example_kubernetes_executor.py
[2022-10-13T05:13:52.882+0000] {processor.py:758} INFO - Processing file /home/airflow/.local/lib/python3.7/site-packages/airflow/example_dags/example_kubernetes_executor.py for tasks to queue
[2022-10-13T05:13:52.882+0000] {logging_mixin.py:117} INFO - [2022-10-13T05:13:52.882+0000] {dagbag.py:525} INFO - Filling up the DagBag from /home/airflow/.local/lib/python3.7/site-packages/airflow/example_dags/example_kubernetes_executor.py
[2022-10-13T05:13:52.901+0000] {processor.py:768} INFO - DAG(s) dict_keys(['example_kubernetes_executor']) retrieved from /home/airflow/.local/lib/python3.7/site-packages/airflow/example_dags/example_kubernetes_executor.py
[2022-10-13T05:13:52.923+0000] {logging_mixin.py:117} INFO - [2022-10-13T05:13:52.923+0000] {dag.py:2573} INFO - Sync 1 DAGs
[2022-10-13T05:13:53.007+0000] {logging_mixin.py:117} INFO - [2022-10-13T05:13:53.007+0000] {dag.py:3328} INFO - Setting next_dagrun for example_kubernetes_executor to None, run_after=None
[2022-10-13T05:13:53.017+0000] {processor.py:178} INFO - Processing /home/airflow/.local/lib/python3.7/site-packages/airflow/example_dags/example_kubernetes_executor.py took 0.137 seconds
[2022-10-13T05:14:23.865+0000] {processor.py:156} INFO - Started process (PID=617) to work on /home/airflow/.local/lib/python3.7/site-packages/airflow/example_dags/example_kubernetes_executor.py
[2022-10-13T05:14:23.866+0000] {processor.py:758} INFO - Processing file /home/airflow/.local/lib/python3.7/site-packages/airflow/example_dags/example_kubernetes_executor.py for tasks to queue
[2022-10-13T05:14:23.866+0000] {logging_mixin.py:117} INFO - [2022-10-13T05:14:23.866+0000] {dagbag.py:525} INFO - Filling up the DagBag from /home/airflow/.local/lib/python3.7/site-packages/airflow/example_dags/example_kubernetes_executor.py
[2022-10-13T05:14:23.883+0000] {processor.py:768} INFO - DAG(s) dict_keys(['example_kubernetes_executor']) retrieved from /home/airflow/.local/lib/python3.7/site-packages/airflow/example_dags/example_kubernetes_executor.py
[2022-10-13T05:14:23.983+0000] {logging_mixin.py:117} INFO - [2022-10-13T05:14:23.983+0000] {dag.py:2573} INFO - Sync 1 DAGs
[2022-10-13T05:14:23.997+0000] {logging_mixin.py:117} INFO - [2022-10-13T05:14:23.997+0000] {dag.py:3328} INFO - Setting next_dagrun for example_kubernetes_executor to None, run_after=None
[2022-10-13T05:14:24.008+0000] {processor.py:178} INFO - Processing /home/airflow/.local/lib/python3.7/site-packages/airflow/example_dags/example_kubernetes_executor.py took 0.144 seconds
[2022-10-13T05:14:54.692+0000] {processor.py:156} INFO - Started process (PID=824) to work on /home/airflow/.local/lib/python3.7/site-packages/airflow/example_dags/example_kubernetes_executor.py
[2022-10-13T05:14:54.692+0000] {processor.py:758} INFO - Processing file /home/airflow/.local/lib/python3.7/site-packages/airflow/example_dags/example_kubernetes_executor.py for tasks to queue
[2022-10-13T05:14:54.692+0000] {logging_mixin.py:117} INFO - [2022-10-13T05:14:54.692+0000] {dagbag.py:525} INFO - Filling up the DagBag from /home/airflow/.local/lib/python3.7/site-packages/airflow/example_dags/example_kubernetes_executor.py
[2022-10-13T05:14:54.710+0000] {processor.py:768} INFO - DAG(s) dict_keys(['example_kubernetes_executor']) retrieved from /home/airflow/.local/lib/python3.7/site-packages/airflow/example_dags/example_kubernetes_executor.py
[2022-10-13T05:14:54.812+0000] {logging_mixin.py:117} INFO - [2022-10-13T05:14:54.812+0000] {dag.py:2573} INFO - Sync 1 DAGs
[2022-10-13T05:14:54.827+0000] {logging_mixin.py:117} INFO - [2022-10-13T05:14:54.827+0000] {dag.py:3328} INFO - Setting next_dagrun for example_kubernetes_executor to None, run_after=None
[2022-10-13T05:14:54.837+0000] {processor.py:178} INFO - Processing /home/airflow/.local/lib/python3.7/site-packages/airflow/example_dags/example_kubernetes_executor.py took 0.147 seconds
[2022-10-13T05:15:25.418+0000] {processor.py:156} INFO - Started process (PID=1022) to work on /home/airflow/.local/lib/python3.7/site-packages/airflow/example_dags/example_kubernetes_executor.py
[2022-10-13T05:15:25.419+0000] {processor.py:758} INFO - Processing file /home/airflow/.local/lib/python3.7/site-packages/airflow/example_dags/example_kubernetes_executor.py for tasks to queue
[2022-10-13T05:15:25.419+0000] {logging_mixin.py:117} INFO - [2022-10-13T05:15:25.419+0000] {dagbag.py:525} INFO - Filling up the DagBag from /home/airflow/.local/lib/python3.7/site-packages/airflow/example_dags/example_kubernetes_executor.py
[2022-10-13T05:15:25.508+0000] {processor.py:768} INFO - DAG(s) dict_keys(['example_kubernetes_executor']) retrieved from /home/airflow/.local/lib/python3.7/site-packages/airflow/example_dags/example_kubernetes_executor.py
[2022-10-13T05:15:25.528+0000] {logging_mixin.py:117} INFO - [2022-10-13T05:15:25.528+0000] {dag.py:2573} INFO - Sync 1 DAGs
[2022-10-13T05:15:25.542+0000] {logging_mixin.py:117} INFO - [2022-10-13T05:15:25.542+0000] {dag.py:3328} INFO - Setting next_dagrun for example_kubernetes_executor to None, run_after=None
[2022-10-13T05:15:25.552+0000] {processor.py:178} INFO - Processing /home/airflow/.local/lib/python3.7/site-packages/airflow/example_dags/example_kubernetes_executor.py took 0.135 seconds
[2022-10-13T05:15:56.195+0000] {processor.py:156} INFO - Started process (PID=1229) to work on /home/airflow/.local/lib/python3.7/site-packages/airflow/example_dags/example_kubernetes_executor.py
[2022-10-13T05:15:56.196+0000] {processor.py:758} INFO - Processing file /home/airflow/.local/lib/python3.7/site-packages/airflow/example_dags/example_kubernetes_executor.py for tasks to queue
[2022-10-13T05:15:56.196+0000] {logging_mixin.py:117} INFO - [2022-10-13T05:15:56.196+0000] {dagbag.py:525} INFO - Filling up the DagBag from /home/airflow/.local/lib/python3.7/site-packages/airflow/example_dags/example_kubernetes_executor.py
[2022-10-13T05:15:56.285+0000] {processor.py:768} INFO - DAG(s) dict_keys(['example_kubernetes_executor']) retrieved from /home/airflow/.local/lib/python3.7/site-packages/airflow/example_dags/example_kubernetes_executor.py
[2022-10-13T05:15:56.306+0000] {logging_mixin.py:117} INFO - [2022-10-13T05:15:56.306+0000] {dag.py:2573} INFO - Sync 1 DAGs
[2022-10-13T05:15:56.318+0000] {logging_mixin.py:117} INFO - [2022-10-13T05:15:56.318+0000] {dag.py:3328} INFO - Setting next_dagrun for example_kubernetes_executor to None, run_after=None
[2022-10-13T05:15:56.329+0000] {processor.py:178} INFO - Processing /home/airflow/.local/lib/python3.7/site-packages/airflow/example_dags/example_kubernetes_executor.py took 0.135 seconds
[2022-10-13T05:16:26.792+0000] {processor.py:156} INFO - Started process (PID=1434) to work on /home/airflow/.local/lib/python3.7/site-packages/airflow/example_dags/example_kubernetes_executor.py
[2022-10-13T05:16:26.793+0000] {processor.py:758} INFO - Processing file /home/airflow/.local/lib/python3.7/site-packages/airflow/example_dags/example_kubernetes_executor.py for tasks to queue
[2022-10-13T05:16:26.793+0000] {logging_mixin.py:117} INFO - [2022-10-13T05:16:26.793+0000] {dagbag.py:525} INFO - Filling up the DagBag from /home/airflow/.local/lib/python3.7/site-packages/airflow/example_dags/example_kubernetes_executor.py
[2022-10-13T05:16:26.811+0000] {processor.py:768} INFO - DAG(s) dict_keys(['example_kubernetes_executor']) retrieved from /home/airflow/.local/lib/python3.7/site-packages/airflow/example_dags/example_kubernetes_executor.py
[2022-10-13T05:16:26.835+0000] {logging_mixin.py:117} INFO - [2022-10-13T05:16:26.835+0000] {dag.py:2573} INFO - Sync 1 DAGs
[2022-10-13T05:16:26.849+0000] {logging_mixin.py:117} INFO - [2022-10-13T05:16:26.849+0000] {dag.py:3328} INFO - Setting next_dagrun for example_kubernetes_executor to None, run_after=None
[2022-10-13T05:16:26.860+0000] {processor.py:178} INFO - Processing /home/airflow/.local/lib/python3.7/site-packages/airflow/example_dags/example_kubernetes_executor.py took 0.070 seconds
[2022-10-13T05:16:57.382+0000] {processor.py:156} INFO - Started process (PID=1643) to work on /home/airflow/.local/lib/python3.7/site-packages/airflow/example_dags/example_kubernetes_executor.py
[2022-10-13T05:16:57.382+0000] {processor.py:758} INFO - Processing file /home/airflow/.local/lib/python3.7/site-packages/airflow/example_dags/example_kubernetes_executor.py for tasks to queue
[2022-10-13T05:16:57.382+0000] {logging_mixin.py:117} INFO - [2022-10-13T05:16:57.382+0000] {dagbag.py:525} INFO - Filling up the DagBag from /home/airflow/.local/lib/python3.7/site-packages/airflow/example_dags/example_kubernetes_executor.py
[2022-10-13T05:16:57.401+0000] {processor.py:768} INFO - DAG(s) dict_keys(['example_kubernetes_executor']) retrieved from /home/airflow/.local/lib/python3.7/site-packages/airflow/example_dags/example_kubernetes_executor.py
[2022-10-13T05:16:57.423+0000] {logging_mixin.py:117} INFO - [2022-10-13T05:16:57.423+0000] {dag.py:2573} INFO - Sync 1 DAGs
[2022-10-13T05:16:57.438+0000] {logging_mixin.py:117} INFO - [2022-10-13T05:16:57.438+0000] {dag.py:3328} INFO - Setting next_dagrun for example_kubernetes_executor to None, run_after=None
[2022-10-13T05:16:57.449+0000] {processor.py:178} INFO - Processing /home/airflow/.local/lib/python3.7/site-packages/airflow/example_dags/example_kubernetes_executor.py took 0.068 seconds
[2022-10-13T05:17:28.035+0000] {processor.py:156} INFO - Started process (PID=1848) to work on /home/airflow/.local/lib/python3.7/site-packages/airflow/example_dags/example_kubernetes_executor.py
[2022-10-13T05:17:28.036+0000] {processor.py:758} INFO - Processing file /home/airflow/.local/lib/python3.7/site-packages/airflow/example_dags/example_kubernetes_executor.py for tasks to queue
[2022-10-13T05:17:28.036+0000] {logging_mixin.py:117} INFO - [2022-10-13T05:17:28.036+0000] {dagbag.py:525} INFO - Filling up the DagBag from /home/airflow/.local/lib/python3.7/site-packages/airflow/example_dags/example_kubernetes_executor.py
[2022-10-13T05:17:28.054+0000] {processor.py:768} INFO - DAG(s) dict_keys(['example_kubernetes_executor']) retrieved from /home/airflow/.local/lib/python3.7/site-packages/airflow/example_dags/example_kubernetes_executor.py
[2022-10-13T05:17:28.077+0000] {logging_mixin.py:117} INFO - [2022-10-13T05:17:28.077+0000] {dag.py:2573} INFO - Sync 1 DAGs
[2022-10-13T05:17:28.093+0000] {logging_mixin.py:117} INFO - [2022-10-13T05:17:28.093+0000] {dag.py:3328} INFO - Setting next_dagrun for example_kubernetes_executor to None, run_after=None
[2022-10-13T05:17:28.104+0000] {processor.py:178} INFO - Processing /home/airflow/.local/lib/python3.7/site-packages/airflow/example_dags/example_kubernetes_executor.py took 0.071 seconds
[2022-10-13T05:17:58.656+0000] {processor.py:156} INFO - Started process (PID=2052) to work on /home/airflow/.local/lib/python3.7/site-packages/airflow/example_dags/example_kubernetes_executor.py
[2022-10-13T05:17:58.657+0000] {processor.py:758} INFO - Processing file /home/airflow/.local/lib/python3.7/site-packages/airflow/example_dags/example_kubernetes_executor.py for tasks to queue
[2022-10-13T05:17:58.657+0000] {logging_mixin.py:117} INFO - [2022-10-13T05:17:58.657+0000] {dagbag.py:525} INFO - Filling up the DagBag from /home/airflow/.local/lib/python3.7/site-packages/airflow/example_dags/example_kubernetes_executor.py
[2022-10-13T05:17:58.682+0000] {processor.py:768} INFO - DAG(s) dict_keys(['example_kubernetes_executor']) retrieved from /home/airflow/.local/lib/python3.7/site-packages/airflow/example_dags/example_kubernetes_executor.py
[2022-10-13T05:17:58.714+0000] {logging_mixin.py:117} INFO - [2022-10-13T05:17:58.713+0000] {dag.py:2573} INFO - Sync 1 DAGs
[2022-10-13T05:17:58.729+0000] {logging_mixin.py:117} INFO - [2022-10-13T05:17:58.729+0000] {dag.py:3328} INFO - Setting next_dagrun for example_kubernetes_executor to None, run_after=None
[2022-10-13T05:17:58.741+0000] {processor.py:178} INFO - Processing /home/airflow/.local/lib/python3.7/site-packages/airflow/example_dags/example_kubernetes_executor.py took 0.087 seconds
[2022-10-13T05:18:29.342+0000] {processor.py:156} INFO - Started process (PID=2253) to work on /home/airflow/.local/lib/python3.7/site-packages/airflow/example_dags/example_kubernetes_executor.py
[2022-10-13T05:18:29.342+0000] {processor.py:758} INFO - Processing file /home/airflow/.local/lib/python3.7/site-packages/airflow/example_dags/example_kubernetes_executor.py for tasks to queue
[2022-10-13T05:18:29.342+0000] {logging_mixin.py:117} INFO - [2022-10-13T05:18:29.342+0000] {dagbag.py:525} INFO - Filling up the DagBag from /home/airflow/.local/lib/python3.7/site-packages/airflow/example_dags/example_kubernetes_executor.py
[2022-10-13T05:18:29.362+0000] {processor.py:768} INFO - DAG(s) dict_keys(['example_kubernetes_executor']) retrieved from /home/airflow/.local/lib/python3.7/site-packages/airflow/example_dags/example_kubernetes_executor.py
[2022-10-13T05:18:29.386+0000] {logging_mixin.py:117} INFO - [2022-10-13T05:18:29.386+0000] {dag.py:2573} INFO - Sync 1 DAGs
[2022-10-13T05:18:29.400+0000] {logging_mixin.py:117} INFO - [2022-10-13T05:18:29.400+0000] {dag.py:3328} INFO - Setting next_dagrun for example_kubernetes_executor to None, run_after=None
[2022-10-13T05:18:29.412+0000] {processor.py:178} INFO - Processing /home/airflow/.local/lib/python3.7/site-packages/airflow/example_dags/example_kubernetes_executor.py took 0.072 seconds
[2022-10-13T05:18:59.946+0000] {processor.py:156} INFO - Started process (PID=2460) to work on /home/airflow/.local/lib/python3.7/site-packages/airflow/example_dags/example_kubernetes_executor.py
[2022-10-13T05:18:59.946+0000] {processor.py:758} INFO - Processing file /home/airflow/.local/lib/python3.7/site-packages/airflow/example_dags/example_kubernetes_executor.py for tasks to queue
[2022-10-13T05:18:59.946+0000] {logging_mixin.py:117} INFO - [2022-10-13T05:18:59.946+0000] {dagbag.py:525} INFO - Filling up the DagBag from /home/airflow/.local/lib/python3.7/site-packages/airflow/example_dags/example_kubernetes_executor.py
[2022-10-13T05:18:59.964+0000] {processor.py:768} INFO - DAG(s) dict_keys(['example_kubernetes_executor']) retrieved from /home/airflow/.local/lib/python3.7/site-packages/airflow/example_dags/example_kubernetes_executor.py
[2022-10-13T05:18:59.987+0000] {logging_mixin.py:117} INFO - [2022-10-13T05:18:59.987+0000] {dag.py:2573} INFO - Sync 1 DAGs
[2022-10-13T05:19:00.001+0000] {logging_mixin.py:117} INFO - [2022-10-13T05:19:00.001+0000] {dag.py:3328} INFO - Setting next_dagrun for example_kubernetes_executor to None, run_after=None
[2022-10-13T05:19:00.012+0000] {processor.py:178} INFO - Processing /home/airflow/.local/lib/python3.7/site-packages/airflow/example_dags/example_kubernetes_executor.py took 0.068 seconds
