[2022-10-13T05:13:22.624+0000] {processor.py:156} INFO - Started process (PID=252) to work on /home/airflow/.local/lib/python3.7/site-packages/airflow/example_dags/example_xcomargs.py
[2022-10-13T05:13:22.624+0000] {processor.py:758} INFO - Processing file /home/airflow/.local/lib/python3.7/site-packages/airflow/example_dags/example_xcomargs.py for tasks to queue
[2022-10-13T05:13:22.625+0000] {logging_mixin.py:117} INFO - [2022-10-13T05:13:22.624+0000] {dagbag.py:525} INFO - Filling up the DagBag from /home/airflow/.local/lib/python3.7/site-packages/airflow/example_dags/example_xcomargs.py
[2022-10-13T05:13:22.641+0000] {processor.py:768} INFO - DAG(s) dict_keys(['example_xcom_args_with_operators', 'example_xcom_args']) retrieved from /home/airflow/.local/lib/python3.7/site-packages/airflow/example_dags/example_xcomargs.py
[2022-10-13T05:13:22.655+0000] {logging_mixin.py:117} INFO - [2022-10-13T05:13:22.655+0000] {dag.py:2573} INFO - Sync 2 DAGs
[2022-10-13T05:13:22.671+0000] {logging_mixin.py:117} INFO - [2022-10-13T05:13:22.671+0000] {dag.py:3328} INFO - Setting next_dagrun for example_xcom_args to None, run_after=None
[2022-10-13T05:13:22.673+0000] {logging_mixin.py:117} INFO - [2022-10-13T05:13:22.673+0000] {dag.py:3328} INFO - Setting next_dagrun for example_xcom_args_with_operators to None, run_after=None
[2022-10-13T05:13:22.683+0000] {processor.py:178} INFO - Processing /home/airflow/.local/lib/python3.7/site-packages/airflow/example_dags/example_xcomargs.py took 0.060 seconds
[2022-10-13T05:13:53.679+0000] {processor.py:156} INFO - Started process (PID=459) to work on /home/airflow/.local/lib/python3.7/site-packages/airflow/example_dags/example_xcomargs.py
[2022-10-13T05:13:53.679+0000] {processor.py:758} INFO - Processing file /home/airflow/.local/lib/python3.7/site-packages/airflow/example_dags/example_xcomargs.py for tasks to queue
[2022-10-13T05:13:53.680+0000] {logging_mixin.py:117} INFO - [2022-10-13T05:13:53.680+0000] {dagbag.py:525} INFO - Filling up the DagBag from /home/airflow/.local/lib/python3.7/site-packages/airflow/example_dags/example_xcomargs.py
[2022-10-13T05:13:53.696+0000] {processor.py:768} INFO - DAG(s) dict_keys(['example_xcom_args_with_operators', 'example_xcom_args']) retrieved from /home/airflow/.local/lib/python3.7/site-packages/airflow/example_dags/example_xcomargs.py
[2022-10-13T05:13:53.719+0000] {logging_mixin.py:117} INFO - [2022-10-13T05:13:53.719+0000] {dag.py:2573} INFO - Sync 2 DAGs
[2022-10-13T05:13:53.805+0000] {logging_mixin.py:117} INFO - [2022-10-13T05:13:53.805+0000] {dag.py:3328} INFO - Setting next_dagrun for example_xcom_args to None, run_after=None
[2022-10-13T05:13:53.807+0000] {logging_mixin.py:117} INFO - [2022-10-13T05:13:53.807+0000] {dag.py:3328} INFO - Setting next_dagrun for example_xcom_args_with_operators to None, run_after=None
[2022-10-13T05:13:53.816+0000] {processor.py:178} INFO - Processing /home/airflow/.local/lib/python3.7/site-packages/airflow/example_dags/example_xcomargs.py took 0.139 seconds
[2022-10-13T05:14:24.660+0000] {processor.py:156} INFO - Started process (PID=667) to work on /home/airflow/.local/lib/python3.7/site-packages/airflow/example_dags/example_xcomargs.py
[2022-10-13T05:14:24.661+0000] {processor.py:758} INFO - Processing file /home/airflow/.local/lib/python3.7/site-packages/airflow/example_dags/example_xcomargs.py for tasks to queue
[2022-10-13T05:14:24.661+0000] {logging_mixin.py:117} INFO - [2022-10-13T05:14:24.661+0000] {dagbag.py:525} INFO - Filling up the DagBag from /home/airflow/.local/lib/python3.7/site-packages/airflow/example_dags/example_xcomargs.py
[2022-10-13T05:14:24.676+0000] {processor.py:768} INFO - DAG(s) dict_keys(['example_xcom_args_with_operators', 'example_xcom_args']) retrieved from /home/airflow/.local/lib/python3.7/site-packages/airflow/example_dags/example_xcomargs.py
[2022-10-13T05:14:24.777+0000] {logging_mixin.py:117} INFO - [2022-10-13T05:14:24.777+0000] {dag.py:2573} INFO - Sync 2 DAGs
[2022-10-13T05:14:24.792+0000] {logging_mixin.py:117} INFO - [2022-10-13T05:14:24.792+0000] {dag.py:3328} INFO - Setting next_dagrun for example_xcom_args to None, run_after=None
[2022-10-13T05:14:24.794+0000] {logging_mixin.py:117} INFO - [2022-10-13T05:14:24.794+0000] {dag.py:3328} INFO - Setting next_dagrun for example_xcom_args_with_operators to None, run_after=None
[2022-10-13T05:14:24.804+0000] {processor.py:178} INFO - Processing /home/airflow/.local/lib/python3.7/site-packages/airflow/example_dags/example_xcomargs.py took 0.146 seconds
[2022-10-13T05:14:55.475+0000] {processor.py:156} INFO - Started process (PID=874) to work on /home/airflow/.local/lib/python3.7/site-packages/airflow/example_dags/example_xcomargs.py
[2022-10-13T05:14:55.476+0000] {processor.py:758} INFO - Processing file /home/airflow/.local/lib/python3.7/site-packages/airflow/example_dags/example_xcomargs.py for tasks to queue
[2022-10-13T05:14:55.476+0000] {logging_mixin.py:117} INFO - [2022-10-13T05:14:55.476+0000] {dagbag.py:525} INFO - Filling up the DagBag from /home/airflow/.local/lib/python3.7/site-packages/airflow/example_dags/example_xcomargs.py
[2022-10-13T05:14:55.490+0000] {processor.py:768} INFO - DAG(s) dict_keys(['example_xcom_args_with_operators', 'example_xcom_args']) retrieved from /home/airflow/.local/lib/python3.7/site-packages/airflow/example_dags/example_xcomargs.py
[2022-10-13T05:14:55.582+0000] {logging_mixin.py:117} INFO - [2022-10-13T05:14:55.582+0000] {dag.py:2573} INFO - Sync 2 DAGs
[2022-10-13T05:14:55.596+0000] {logging_mixin.py:117} INFO - [2022-10-13T05:14:55.596+0000] {dag.py:3328} INFO - Setting next_dagrun for example_xcom_args to None, run_after=None
[2022-10-13T05:14:55.598+0000] {logging_mixin.py:117} INFO - [2022-10-13T05:14:55.598+0000] {dag.py:3328} INFO - Setting next_dagrun for example_xcom_args_with_operators to None, run_after=None
[2022-10-13T05:14:55.607+0000] {processor.py:178} INFO - Processing /home/airflow/.local/lib/python3.7/site-packages/airflow/example_dags/example_xcomargs.py took 0.133 seconds
[2022-10-13T05:15:26.177+0000] {processor.py:156} INFO - Started process (PID=1072) to work on /home/airflow/.local/lib/python3.7/site-packages/airflow/example_dags/example_xcomargs.py
[2022-10-13T05:15:26.177+0000] {processor.py:758} INFO - Processing file /home/airflow/.local/lib/python3.7/site-packages/airflow/example_dags/example_xcomargs.py for tasks to queue
[2022-10-13T05:15:26.178+0000] {logging_mixin.py:117} INFO - [2022-10-13T05:15:26.178+0000] {dagbag.py:525} INFO - Filling up the DagBag from /home/airflow/.local/lib/python3.7/site-packages/airflow/example_dags/example_xcomargs.py
[2022-10-13T05:15:26.263+0000] {processor.py:768} INFO - DAG(s) dict_keys(['example_xcom_args', 'example_xcom_args_with_operators']) retrieved from /home/airflow/.local/lib/python3.7/site-packages/airflow/example_dags/example_xcomargs.py
[2022-10-13T05:15:26.285+0000] {logging_mixin.py:117} INFO - [2022-10-13T05:15:26.285+0000] {dag.py:2573} INFO - Sync 2 DAGs
[2022-10-13T05:15:26.300+0000] {logging_mixin.py:117} INFO - [2022-10-13T05:15:26.299+0000] {dag.py:3328} INFO - Setting next_dagrun for example_xcom_args to None, run_after=None
[2022-10-13T05:15:26.301+0000] {logging_mixin.py:117} INFO - [2022-10-13T05:15:26.301+0000] {dag.py:3328} INFO - Setting next_dagrun for example_xcom_args_with_operators to None, run_after=None
[2022-10-13T05:15:26.310+0000] {processor.py:178} INFO - Processing /home/airflow/.local/lib/python3.7/site-packages/airflow/example_dags/example_xcomargs.py took 0.135 seconds
[2022-10-13T05:15:56.939+0000] {processor.py:156} INFO - Started process (PID=1279) to work on /home/airflow/.local/lib/python3.7/site-packages/airflow/example_dags/example_xcomargs.py
[2022-10-13T05:15:56.939+0000] {processor.py:758} INFO - Processing file /home/airflow/.local/lib/python3.7/site-packages/airflow/example_dags/example_xcomargs.py for tasks to queue
[2022-10-13T05:15:56.939+0000] {logging_mixin.py:117} INFO - [2022-10-13T05:15:56.939+0000] {dagbag.py:525} INFO - Filling up the DagBag from /home/airflow/.local/lib/python3.7/site-packages/airflow/example_dags/example_xcomargs.py
[2022-10-13T05:15:57.022+0000] {processor.py:768} INFO - DAG(s) dict_keys(['example_xcom_args', 'example_xcom_args_with_operators']) retrieved from /home/airflow/.local/lib/python3.7/site-packages/airflow/example_dags/example_xcomargs.py
[2022-10-13T05:15:57.045+0000] {logging_mixin.py:117} INFO - [2022-10-13T05:15:57.045+0000] {dag.py:2573} INFO - Sync 2 DAGs
[2022-10-13T05:15:57.059+0000] {logging_mixin.py:117} INFO - [2022-10-13T05:15:57.059+0000] {dag.py:3328} INFO - Setting next_dagrun for example_xcom_args to None, run_after=None
[2022-10-13T05:15:57.061+0000] {logging_mixin.py:117} INFO - [2022-10-13T05:15:57.061+0000] {dag.py:3328} INFO - Setting next_dagrun for example_xcom_args_with_operators to None, run_after=None
[2022-10-13T05:15:57.070+0000] {processor.py:178} INFO - Processing /home/airflow/.local/lib/python3.7/site-packages/airflow/example_dags/example_xcomargs.py took 0.133 seconds
[2022-10-13T05:16:27.225+0000] {processor.py:156} INFO - Started process (PID=1484) to work on /home/airflow/.local/lib/python3.7/site-packages/airflow/example_dags/example_xcomargs.py
[2022-10-13T05:16:27.226+0000] {processor.py:758} INFO - Processing file /home/airflow/.local/lib/python3.7/site-packages/airflow/example_dags/example_xcomargs.py for tasks to queue
[2022-10-13T05:16:27.226+0000] {logging_mixin.py:117} INFO - [2022-10-13T05:16:27.226+0000] {dagbag.py:525} INFO - Filling up the DagBag from /home/airflow/.local/lib/python3.7/site-packages/airflow/example_dags/example_xcomargs.py
[2022-10-13T05:16:27.242+0000] {processor.py:768} INFO - DAG(s) dict_keys(['example_xcom_args_with_operators', 'example_xcom_args']) retrieved from /home/airflow/.local/lib/python3.7/site-packages/airflow/example_dags/example_xcomargs.py
[2022-10-13T05:16:27.267+0000] {logging_mixin.py:117} INFO - [2022-10-13T05:16:27.267+0000] {dag.py:2573} INFO - Sync 2 DAGs
[2022-10-13T05:16:27.282+0000] {logging_mixin.py:117} INFO - [2022-10-13T05:16:27.282+0000] {dag.py:3328} INFO - Setting next_dagrun for example_xcom_args to None, run_after=None
[2022-10-13T05:16:27.285+0000] {logging_mixin.py:117} INFO - [2022-10-13T05:16:27.285+0000] {dag.py:3328} INFO - Setting next_dagrun for example_xcom_args_with_operators to None, run_after=None
[2022-10-13T05:16:27.294+0000] {processor.py:178} INFO - Processing /home/airflow/.local/lib/python3.7/site-packages/airflow/example_dags/example_xcomargs.py took 0.071 seconds
[2022-10-13T05:16:57.841+0000] {processor.py:156} INFO - Started process (PID=1691) to work on /home/airflow/.local/lib/python3.7/site-packages/airflow/example_dags/example_xcomargs.py
[2022-10-13T05:16:57.841+0000] {processor.py:758} INFO - Processing file /home/airflow/.local/lib/python3.7/site-packages/airflow/example_dags/example_xcomargs.py for tasks to queue
[2022-10-13T05:16:57.841+0000] {logging_mixin.py:117} INFO - [2022-10-13T05:16:57.841+0000] {dagbag.py:525} INFO - Filling up the DagBag from /home/airflow/.local/lib/python3.7/site-packages/airflow/example_dags/example_xcomargs.py
[2022-10-13T05:16:57.858+0000] {processor.py:768} INFO - DAG(s) dict_keys(['example_xcom_args', 'example_xcom_args_with_operators']) retrieved from /home/airflow/.local/lib/python3.7/site-packages/airflow/example_dags/example_xcomargs.py
[2022-10-13T05:16:57.882+0000] {logging_mixin.py:117} INFO - [2022-10-13T05:16:57.882+0000] {dag.py:2573} INFO - Sync 2 DAGs
[2022-10-13T05:16:57.898+0000] {logging_mixin.py:117} INFO - [2022-10-13T05:16:57.898+0000] {dag.py:3328} INFO - Setting next_dagrun for example_xcom_args to None, run_after=None
[2022-10-13T05:16:57.900+0000] {logging_mixin.py:117} INFO - [2022-10-13T05:16:57.900+0000] {dag.py:3328} INFO - Setting next_dagrun for example_xcom_args_with_operators to None, run_after=None
[2022-10-13T05:16:57.913+0000] {processor.py:178} INFO - Processing /home/airflow/.local/lib/python3.7/site-packages/airflow/example_dags/example_xcomargs.py took 0.074 seconds
[2022-10-13T05:17:28.460+0000] {processor.py:156} INFO - Started process (PID=1898) to work on /home/airflow/.local/lib/python3.7/site-packages/airflow/example_dags/example_xcomargs.py
[2022-10-13T05:17:28.461+0000] {processor.py:758} INFO - Processing file /home/airflow/.local/lib/python3.7/site-packages/airflow/example_dags/example_xcomargs.py for tasks to queue
[2022-10-13T05:17:28.461+0000] {logging_mixin.py:117} INFO - [2022-10-13T05:17:28.461+0000] {dagbag.py:525} INFO - Filling up the DagBag from /home/airflow/.local/lib/python3.7/site-packages/airflow/example_dags/example_xcomargs.py
[2022-10-13T05:17:28.476+0000] {processor.py:768} INFO - DAG(s) dict_keys(['example_xcom_args', 'example_xcom_args_with_operators']) retrieved from /home/airflow/.local/lib/python3.7/site-packages/airflow/example_dags/example_xcomargs.py
[2022-10-13T05:17:28.500+0000] {logging_mixin.py:117} INFO - [2022-10-13T05:17:28.500+0000] {dag.py:2573} INFO - Sync 2 DAGs
[2022-10-13T05:17:28.517+0000] {logging_mixin.py:117} INFO - [2022-10-13T05:17:28.517+0000] {dag.py:3328} INFO - Setting next_dagrun for example_xcom_args to None, run_after=None
[2022-10-13T05:17:28.519+0000] {logging_mixin.py:117} INFO - [2022-10-13T05:17:28.519+0000] {dag.py:3328} INFO - Setting next_dagrun for example_xcom_args_with_operators to None, run_after=None
[2022-10-13T05:17:28.528+0000] {processor.py:178} INFO - Processing /home/airflow/.local/lib/python3.7/site-packages/airflow/example_dags/example_xcomargs.py took 0.069 seconds
[2022-10-13T05:17:59.188+0000] {processor.py:156} INFO - Started process (PID=2105) to work on /home/airflow/.local/lib/python3.7/site-packages/airflow/example_dags/example_xcomargs.py
[2022-10-13T05:17:59.189+0000] {processor.py:758} INFO - Processing file /home/airflow/.local/lib/python3.7/site-packages/airflow/example_dags/example_xcomargs.py for tasks to queue
[2022-10-13T05:17:59.189+0000] {logging_mixin.py:117} INFO - [2022-10-13T05:17:59.189+0000] {dagbag.py:525} INFO - Filling up the DagBag from /home/airflow/.local/lib/python3.7/site-packages/airflow/example_dags/example_xcomargs.py
[2022-10-13T05:17:59.205+0000] {processor.py:768} INFO - DAG(s) dict_keys(['example_xcom_args_with_operators', 'example_xcom_args']) retrieved from /home/airflow/.local/lib/python3.7/site-packages/airflow/example_dags/example_xcomargs.py
[2022-10-13T05:17:59.233+0000] {logging_mixin.py:117} INFO - [2022-10-13T05:17:59.233+0000] {dag.py:2573} INFO - Sync 2 DAGs
[2022-10-13T05:17:59.249+0000] {logging_mixin.py:117} INFO - [2022-10-13T05:17:59.249+0000] {dag.py:3328} INFO - Setting next_dagrun for example_xcom_args to None, run_after=None
[2022-10-13T05:17:59.251+0000] {logging_mixin.py:117} INFO - [2022-10-13T05:17:59.251+0000] {dag.py:3328} INFO - Setting next_dagrun for example_xcom_args_with_operators to None, run_after=None
[2022-10-13T05:17:59.262+0000] {processor.py:178} INFO - Processing /home/airflow/.local/lib/python3.7/site-packages/airflow/example_dags/example_xcomargs.py took 0.076 seconds
[2022-10-13T05:18:29.783+0000] {processor.py:156} INFO - Started process (PID=2303) to work on /home/airflow/.local/lib/python3.7/site-packages/airflow/example_dags/example_xcomargs.py
[2022-10-13T05:18:29.783+0000] {processor.py:758} INFO - Processing file /home/airflow/.local/lib/python3.7/site-packages/airflow/example_dags/example_xcomargs.py for tasks to queue
[2022-10-13T05:18:29.784+0000] {logging_mixin.py:117} INFO - [2022-10-13T05:18:29.784+0000] {dagbag.py:525} INFO - Filling up the DagBag from /home/airflow/.local/lib/python3.7/site-packages/airflow/example_dags/example_xcomargs.py
[2022-10-13T05:18:29.798+0000] {processor.py:768} INFO - DAG(s) dict_keys(['example_xcom_args', 'example_xcom_args_with_operators']) retrieved from /home/airflow/.local/lib/python3.7/site-packages/airflow/example_dags/example_xcomargs.py
[2022-10-13T05:18:29.824+0000] {logging_mixin.py:117} INFO - [2022-10-13T05:18:29.824+0000] {dag.py:2573} INFO - Sync 2 DAGs
[2022-10-13T05:18:29.839+0000] {logging_mixin.py:117} INFO - [2022-10-13T05:18:29.839+0000] {dag.py:3328} INFO - Setting next_dagrun for example_xcom_args to None, run_after=None
[2022-10-13T05:18:29.841+0000] {logging_mixin.py:117} INFO - [2022-10-13T05:18:29.841+0000] {dag.py:3328} INFO - Setting next_dagrun for example_xcom_args_with_operators to None, run_after=None
[2022-10-13T05:18:29.850+0000] {processor.py:178} INFO - Processing /home/airflow/.local/lib/python3.7/site-packages/airflow/example_dags/example_xcomargs.py took 0.068 seconds
[2022-10-13T05:19:00.366+0000] {processor.py:156} INFO - Started process (PID=2510) to work on /home/airflow/.local/lib/python3.7/site-packages/airflow/example_dags/example_xcomargs.py
[2022-10-13T05:19:00.366+0000] {processor.py:758} INFO - Processing file /home/airflow/.local/lib/python3.7/site-packages/airflow/example_dags/example_xcomargs.py for tasks to queue
[2022-10-13T05:19:00.367+0000] {logging_mixin.py:117} INFO - [2022-10-13T05:19:00.366+0000] {dagbag.py:525} INFO - Filling up the DagBag from /home/airflow/.local/lib/python3.7/site-packages/airflow/example_dags/example_xcomargs.py
[2022-10-13T05:19:00.382+0000] {processor.py:768} INFO - DAG(s) dict_keys(['example_xcom_args', 'example_xcom_args_with_operators']) retrieved from /home/airflow/.local/lib/python3.7/site-packages/airflow/example_dags/example_xcomargs.py
[2022-10-13T05:19:00.406+0000] {logging_mixin.py:117} INFO - [2022-10-13T05:19:00.406+0000] {dag.py:2573} INFO - Sync 2 DAGs
[2022-10-13T05:19:00.421+0000] {logging_mixin.py:117} INFO - [2022-10-13T05:19:00.421+0000] {dag.py:3328} INFO - Setting next_dagrun for example_xcom_args to None, run_after=None
[2022-10-13T05:19:00.424+0000] {logging_mixin.py:117} INFO - [2022-10-13T05:19:00.423+0000] {dag.py:3328} INFO - Setting next_dagrun for example_xcom_args_with_operators to None, run_after=None
[2022-10-13T05:19:00.433+0000] {processor.py:178} INFO - Processing /home/airflow/.local/lib/python3.7/site-packages/airflow/example_dags/example_xcomargs.py took 0.068 seconds
