[2022-10-13T05:13:22.141+0000] {processor.py:156} INFO - Started process (PID=192) to work on /home/airflow/.local/lib/python3.7/site-packages/airflow/example_dags/example_task_group_decorator.py
[2022-10-13T05:13:22.142+0000] {processor.py:758} INFO - Processing file /home/airflow/.local/lib/python3.7/site-packages/airflow/example_dags/example_task_group_decorator.py for tasks to queue
[2022-10-13T05:13:22.142+0000] {logging_mixin.py:117} INFO - [2022-10-13T05:13:22.142+0000] {dagbag.py:525} INFO - Filling up the DagBag from /home/airflow/.local/lib/python3.7/site-packages/airflow/example_dags/example_task_group_decorator.py
[2022-10-13T05:13:22.165+0000] {processor.py:768} INFO - DAG(s) dict_keys(['example_task_group_decorator']) retrieved from /home/airflow/.local/lib/python3.7/site-packages/airflow/example_dags/example_task_group_decorator.py
[2022-10-13T05:13:22.179+0000] {logging_mixin.py:117} INFO - [2022-10-13T05:13:22.178+0000] {dag.py:2573} INFO - Sync 1 DAGs
[2022-10-13T05:13:22.193+0000] {logging_mixin.py:117} INFO - [2022-10-13T05:13:22.193+0000] {dag.py:3328} INFO - Setting next_dagrun for example_task_group_decorator to 2022-10-12T05:13:22.193154+00:00, run_after=2022-10-13T05:13:22.193154+00:00
[2022-10-13T05:13:22.203+0000] {processor.py:178} INFO - Processing /home/airflow/.local/lib/python3.7/site-packages/airflow/example_dags/example_task_group_decorator.py took 0.064 seconds
[2022-10-13T05:13:52.727+0000] {processor.py:156} INFO - Started process (PID=399) to work on /home/airflow/.local/lib/python3.7/site-packages/airflow/example_dags/example_task_group_decorator.py
[2022-10-13T05:13:52.727+0000] {processor.py:758} INFO - Processing file /home/airflow/.local/lib/python3.7/site-packages/airflow/example_dags/example_task_group_decorator.py for tasks to queue
[2022-10-13T05:13:52.728+0000] {logging_mixin.py:117} INFO - [2022-10-13T05:13:52.727+0000] {dagbag.py:525} INFO - Filling up the DagBag from /home/airflow/.local/lib/python3.7/site-packages/airflow/example_dags/example_task_group_decorator.py
[2022-10-13T05:13:52.748+0000] {processor.py:768} INFO - DAG(s) dict_keys(['example_task_group_decorator']) retrieved from /home/airflow/.local/lib/python3.7/site-packages/airflow/example_dags/example_task_group_decorator.py
[2022-10-13T05:13:52.771+0000] {logging_mixin.py:117} INFO - [2022-10-13T05:13:52.771+0000] {dag.py:2573} INFO - Sync 1 DAGs
[2022-10-13T05:13:52.856+0000] {logging_mixin.py:117} INFO - [2022-10-13T05:13:52.856+0000] {dag.py:3328} INFO - Setting next_dagrun for example_task_group_decorator to 2022-10-12T05:13:52.856569+00:00, run_after=2022-10-13T05:13:52.856569+00:00
[2022-10-13T05:13:52.868+0000] {processor.py:178} INFO - Processing /home/airflow/.local/lib/python3.7/site-packages/airflow/example_dags/example_task_group_decorator.py took 0.142 seconds
[2022-10-13T05:14:23.708+0000] {processor.py:156} INFO - Started process (PID=607) to work on /home/airflow/.local/lib/python3.7/site-packages/airflow/example_dags/example_task_group_decorator.py
[2022-10-13T05:14:23.709+0000] {processor.py:758} INFO - Processing file /home/airflow/.local/lib/python3.7/site-packages/airflow/example_dags/example_task_group_decorator.py for tasks to queue
[2022-10-13T05:14:23.709+0000] {logging_mixin.py:117} INFO - [2022-10-13T05:14:23.709+0000] {dagbag.py:525} INFO - Filling up the DagBag from /home/airflow/.local/lib/python3.7/site-packages/airflow/example_dags/example_task_group_decorator.py
[2022-10-13T05:14:23.730+0000] {processor.py:768} INFO - DAG(s) dict_keys(['example_task_group_decorator']) retrieved from /home/airflow/.local/lib/python3.7/site-packages/airflow/example_dags/example_task_group_decorator.py
[2022-10-13T05:14:23.825+0000] {logging_mixin.py:117} INFO - [2022-10-13T05:14:23.825+0000] {dag.py:2573} INFO - Sync 1 DAGs
[2022-10-13T05:14:23.839+0000] {logging_mixin.py:117} INFO - [2022-10-13T05:14:23.839+0000] {dag.py:3328} INFO - Setting next_dagrun for example_task_group_decorator to 2022-10-12T05:14:23.839511+00:00, run_after=2022-10-13T05:14:23.839511+00:00
[2022-10-13T05:14:23.851+0000] {processor.py:178} INFO - Processing /home/airflow/.local/lib/python3.7/site-packages/airflow/example_dags/example_task_group_decorator.py took 0.145 seconds
[2022-10-13T05:14:54.527+0000] {processor.py:156} INFO - Started process (PID=814) to work on /home/airflow/.local/lib/python3.7/site-packages/airflow/example_dags/example_task_group_decorator.py
[2022-10-13T05:14:54.528+0000] {processor.py:758} INFO - Processing file /home/airflow/.local/lib/python3.7/site-packages/airflow/example_dags/example_task_group_decorator.py for tasks to queue
[2022-10-13T05:14:54.528+0000] {logging_mixin.py:117} INFO - [2022-10-13T05:14:54.528+0000] {dagbag.py:525} INFO - Filling up the DagBag from /home/airflow/.local/lib/python3.7/site-packages/airflow/example_dags/example_task_group_decorator.py
[2022-10-13T05:14:54.550+0000] {processor.py:768} INFO - DAG(s) dict_keys(['example_task_group_decorator']) retrieved from /home/airflow/.local/lib/python3.7/site-packages/airflow/example_dags/example_task_group_decorator.py
[2022-10-13T05:14:54.651+0000] {logging_mixin.py:117} INFO - [2022-10-13T05:14:54.651+0000] {dag.py:2573} INFO - Sync 1 DAGs
[2022-10-13T05:14:54.667+0000] {logging_mixin.py:117} INFO - [2022-10-13T05:14:54.667+0000] {dag.py:3328} INFO - Setting next_dagrun for example_task_group_decorator to 2022-10-12T05:14:54.667085+00:00, run_after=2022-10-13T05:14:54.667085+00:00
[2022-10-13T05:14:54.677+0000] {processor.py:178} INFO - Processing /home/airflow/.local/lib/python3.7/site-packages/airflow/example_dags/example_task_group_decorator.py took 0.151 seconds
[2022-10-13T05:15:25.268+0000] {processor.py:156} INFO - Started process (PID=1012) to work on /home/airflow/.local/lib/python3.7/site-packages/airflow/example_dags/example_task_group_decorator.py
[2022-10-13T05:15:25.268+0000] {processor.py:758} INFO - Processing file /home/airflow/.local/lib/python3.7/site-packages/airflow/example_dags/example_task_group_decorator.py for tasks to queue
[2022-10-13T05:15:25.269+0000] {logging_mixin.py:117} INFO - [2022-10-13T05:15:25.269+0000] {dagbag.py:525} INFO - Filling up the DagBag from /home/airflow/.local/lib/python3.7/site-packages/airflow/example_dags/example_task_group_decorator.py
[2022-10-13T05:15:25.360+0000] {processor.py:768} INFO - DAG(s) dict_keys(['example_task_group_decorator']) retrieved from /home/airflow/.local/lib/python3.7/site-packages/airflow/example_dags/example_task_group_decorator.py
[2022-10-13T05:15:25.381+0000] {logging_mixin.py:117} INFO - [2022-10-13T05:15:25.381+0000] {dag.py:2573} INFO - Sync 1 DAGs
[2022-10-13T05:15:25.394+0000] {logging_mixin.py:117} INFO - [2022-10-13T05:15:25.394+0000] {dag.py:3328} INFO - Setting next_dagrun for example_task_group_decorator to 2022-10-12T05:15:25.394622+00:00, run_after=2022-10-13T05:15:25.394622+00:00
[2022-10-13T05:15:25.404+0000] {processor.py:178} INFO - Processing /home/airflow/.local/lib/python3.7/site-packages/airflow/example_dags/example_task_group_decorator.py took 0.138 seconds
[2022-10-13T05:15:56.044+0000] {processor.py:156} INFO - Started process (PID=1219) to work on /home/airflow/.local/lib/python3.7/site-packages/airflow/example_dags/example_task_group_decorator.py
[2022-10-13T05:15:56.044+0000] {processor.py:758} INFO - Processing file /home/airflow/.local/lib/python3.7/site-packages/airflow/example_dags/example_task_group_decorator.py for tasks to queue
[2022-10-13T05:15:56.045+0000] {logging_mixin.py:117} INFO - [2022-10-13T05:15:56.045+0000] {dagbag.py:525} INFO - Filling up the DagBag from /home/airflow/.local/lib/python3.7/site-packages/airflow/example_dags/example_task_group_decorator.py
[2022-10-13T05:15:56.137+0000] {processor.py:768} INFO - DAG(s) dict_keys(['example_task_group_decorator']) retrieved from /home/airflow/.local/lib/python3.7/site-packages/airflow/example_dags/example_task_group_decorator.py
[2022-10-13T05:15:56.157+0000] {logging_mixin.py:117} INFO - [2022-10-13T05:15:56.157+0000] {dag.py:2573} INFO - Sync 1 DAGs
[2022-10-13T05:15:56.171+0000] {logging_mixin.py:117} INFO - [2022-10-13T05:15:56.170+0000] {dag.py:3328} INFO - Setting next_dagrun for example_task_group_decorator to 2022-10-12T05:15:56.170873+00:00, run_after=2022-10-13T05:15:56.170873+00:00
[2022-10-13T05:15:56.181+0000] {processor.py:178} INFO - Processing /home/airflow/.local/lib/python3.7/site-packages/airflow/example_dags/example_task_group_decorator.py took 0.139 seconds
[2022-10-13T05:16:26.699+0000] {processor.py:156} INFO - Started process (PID=1424) to work on /home/airflow/.local/lib/python3.7/site-packages/airflow/example_dags/example_task_group_decorator.py
[2022-10-13T05:16:26.700+0000] {processor.py:758} INFO - Processing file /home/airflow/.local/lib/python3.7/site-packages/airflow/example_dags/example_task_group_decorator.py for tasks to queue
[2022-10-13T05:16:26.700+0000] {logging_mixin.py:117} INFO - [2022-10-13T05:16:26.700+0000] {dagbag.py:525} INFO - Filling up the DagBag from /home/airflow/.local/lib/python3.7/site-packages/airflow/example_dags/example_task_group_decorator.py
[2022-10-13T05:16:26.723+0000] {processor.py:768} INFO - DAG(s) dict_keys(['example_task_group_decorator']) retrieved from /home/airflow/.local/lib/python3.7/site-packages/airflow/example_dags/example_task_group_decorator.py
[2022-10-13T05:16:26.748+0000] {logging_mixin.py:117} INFO - [2022-10-13T05:16:26.748+0000] {dag.py:2573} INFO - Sync 1 DAGs
[2022-10-13T05:16:26.765+0000] {logging_mixin.py:117} INFO - [2022-10-13T05:16:26.765+0000] {dag.py:3328} INFO - Setting next_dagrun for example_task_group_decorator to 2022-10-12T05:16:26.765016+00:00, run_after=2022-10-13T05:16:26.765016+00:00
[2022-10-13T05:16:26.778+0000] {processor.py:178} INFO - Processing /home/airflow/.local/lib/python3.7/site-packages/airflow/example_dags/example_task_group_decorator.py took 0.080 seconds
[2022-10-13T05:16:57.297+0000] {processor.py:156} INFO - Started process (PID=1633) to work on /home/airflow/.local/lib/python3.7/site-packages/airflow/example_dags/example_task_group_decorator.py
[2022-10-13T05:16:57.298+0000] {processor.py:758} INFO - Processing file /home/airflow/.local/lib/python3.7/site-packages/airflow/example_dags/example_task_group_decorator.py for tasks to queue
[2022-10-13T05:16:57.298+0000] {logging_mixin.py:117} INFO - [2022-10-13T05:16:57.298+0000] {dagbag.py:525} INFO - Filling up the DagBag from /home/airflow/.local/lib/python3.7/site-packages/airflow/example_dags/example_task_group_decorator.py
[2022-10-13T05:16:57.319+0000] {processor.py:768} INFO - DAG(s) dict_keys(['example_task_group_decorator']) retrieved from /home/airflow/.local/lib/python3.7/site-packages/airflow/example_dags/example_task_group_decorator.py
[2022-10-13T05:16:57.347+0000] {logging_mixin.py:117} INFO - [2022-10-13T05:16:57.347+0000] {dag.py:2573} INFO - Sync 1 DAGs
[2022-10-13T05:16:57.363+0000] {logging_mixin.py:117} INFO - [2022-10-13T05:16:57.363+0000] {dag.py:3328} INFO - Setting next_dagrun for example_task_group_decorator to 2022-10-12T05:16:57.363177+00:00, run_after=2022-10-13T05:16:57.363177+00:00
[2022-10-13T05:16:57.375+0000] {processor.py:178} INFO - Processing /home/airflow/.local/lib/python3.7/site-packages/airflow/example_dags/example_task_group_decorator.py took 0.080 seconds
[2022-10-13T05:17:27.947+0000] {processor.py:156} INFO - Started process (PID=1838) to work on /home/airflow/.local/lib/python3.7/site-packages/airflow/example_dags/example_task_group_decorator.py
[2022-10-13T05:17:27.948+0000] {processor.py:758} INFO - Processing file /home/airflow/.local/lib/python3.7/site-packages/airflow/example_dags/example_task_group_decorator.py for tasks to queue
[2022-10-13T05:17:27.948+0000] {logging_mixin.py:117} INFO - [2022-10-13T05:17:27.948+0000] {dagbag.py:525} INFO - Filling up the DagBag from /home/airflow/.local/lib/python3.7/site-packages/airflow/example_dags/example_task_group_decorator.py
[2022-10-13T05:17:27.969+0000] {processor.py:768} INFO - DAG(s) dict_keys(['example_task_group_decorator']) retrieved from /home/airflow/.local/lib/python3.7/site-packages/airflow/example_dags/example_task_group_decorator.py
[2022-10-13T05:17:27.993+0000] {logging_mixin.py:117} INFO - [2022-10-13T05:17:27.993+0000] {dag.py:2573} INFO - Sync 1 DAGs
[2022-10-13T05:17:28.008+0000] {logging_mixin.py:117} INFO - [2022-10-13T05:17:28.008+0000] {dag.py:3328} INFO - Setting next_dagrun for example_task_group_decorator to 2022-10-12T05:17:28.008718+00:00, run_after=2022-10-13T05:17:28.008718+00:00
[2022-10-13T05:17:28.020+0000] {processor.py:178} INFO - Processing /home/airflow/.local/lib/python3.7/site-packages/airflow/example_dags/example_task_group_decorator.py took 0.075 seconds
[2022-10-13T05:17:58.552+0000] {processor.py:156} INFO - Started process (PID=2036) to work on /home/airflow/.local/lib/python3.7/site-packages/airflow/example_dags/example_task_group_decorator.py
[2022-10-13T05:17:58.553+0000] {processor.py:758} INFO - Processing file /home/airflow/.local/lib/python3.7/site-packages/airflow/example_dags/example_task_group_decorator.py for tasks to queue
[2022-10-13T05:17:58.553+0000] {logging_mixin.py:117} INFO - [2022-10-13T05:17:58.553+0000] {dagbag.py:525} INFO - Filling up the DagBag from /home/airflow/.local/lib/python3.7/site-packages/airflow/example_dags/example_task_group_decorator.py
[2022-10-13T05:17:58.574+0000] {processor.py:768} INFO - DAG(s) dict_keys(['example_task_group_decorator']) retrieved from /home/airflow/.local/lib/python3.7/site-packages/airflow/example_dags/example_task_group_decorator.py
[2022-10-13T05:17:58.600+0000] {logging_mixin.py:117} INFO - [2022-10-13T05:17:58.599+0000] {dag.py:2573} INFO - Sync 1 DAGs
[2022-10-13T05:17:58.615+0000] {logging_mixin.py:117} INFO - [2022-10-13T05:17:58.615+0000] {dag.py:3328} INFO - Setting next_dagrun for example_task_group_decorator to 2022-10-12T05:17:58.614920+00:00, run_after=2022-10-13T05:17:58.614920+00:00
[2022-10-13T05:17:58.626+0000] {processor.py:178} INFO - Processing /home/airflow/.local/lib/python3.7/site-packages/airflow/example_dags/example_task_group_decorator.py took 0.076 seconds
[2022-10-13T05:18:29.242+0000] {processor.py:156} INFO - Started process (PID=2243) to work on /home/airflow/.local/lib/python3.7/site-packages/airflow/example_dags/example_task_group_decorator.py
[2022-10-13T05:18:29.242+0000] {processor.py:758} INFO - Processing file /home/airflow/.local/lib/python3.7/site-packages/airflow/example_dags/example_task_group_decorator.py for tasks to queue
[2022-10-13T05:18:29.243+0000] {logging_mixin.py:117} INFO - [2022-10-13T05:18:29.242+0000] {dagbag.py:525} INFO - Filling up the DagBag from /home/airflow/.local/lib/python3.7/site-packages/airflow/example_dags/example_task_group_decorator.py
[2022-10-13T05:18:29.267+0000] {processor.py:768} INFO - DAG(s) dict_keys(['example_task_group_decorator']) retrieved from /home/airflow/.local/lib/python3.7/site-packages/airflow/example_dags/example_task_group_decorator.py
[2022-10-13T05:18:29.296+0000] {logging_mixin.py:117} INFO - [2022-10-13T05:18:29.296+0000] {dag.py:2573} INFO - Sync 1 DAGs
[2022-10-13T05:18:29.314+0000] {logging_mixin.py:117} INFO - [2022-10-13T05:18:29.314+0000] {dag.py:3328} INFO - Setting next_dagrun for example_task_group_decorator to 2022-10-12T05:18:29.313906+00:00, run_after=2022-10-13T05:18:29.313906+00:00
[2022-10-13T05:18:29.327+0000] {processor.py:178} INFO - Processing /home/airflow/.local/lib/python3.7/site-packages/airflow/example_dags/example_task_group_decorator.py took 0.087 seconds
[2022-10-13T05:18:59.861+0000] {processor.py:156} INFO - Started process (PID=2450) to work on /home/airflow/.local/lib/python3.7/site-packages/airflow/example_dags/example_task_group_decorator.py
[2022-10-13T05:18:59.862+0000] {processor.py:758} INFO - Processing file /home/airflow/.local/lib/python3.7/site-packages/airflow/example_dags/example_task_group_decorator.py for tasks to queue
[2022-10-13T05:18:59.862+0000] {logging_mixin.py:117} INFO - [2022-10-13T05:18:59.862+0000] {dagbag.py:525} INFO - Filling up the DagBag from /home/airflow/.local/lib/python3.7/site-packages/airflow/example_dags/example_task_group_decorator.py
[2022-10-13T05:18:59.882+0000] {processor.py:768} INFO - DAG(s) dict_keys(['example_task_group_decorator']) retrieved from /home/airflow/.local/lib/python3.7/site-packages/airflow/example_dags/example_task_group_decorator.py
[2022-10-13T05:18:59.906+0000] {logging_mixin.py:117} INFO - [2022-10-13T05:18:59.905+0000] {dag.py:2573} INFO - Sync 1 DAGs
[2022-10-13T05:18:59.920+0000] {logging_mixin.py:117} INFO - [2022-10-13T05:18:59.920+0000] {dag.py:3328} INFO - Setting next_dagrun for example_task_group_decorator to 2022-10-12T05:18:59.920013+00:00, run_after=2022-10-13T05:18:59.920013+00:00
[2022-10-13T05:18:59.930+0000] {processor.py:178} INFO - Processing /home/airflow/.local/lib/python3.7/site-packages/airflow/example_dags/example_task_group_decorator.py took 0.071 seconds
