[2022-10-13T05:13:23.287+0000] {processor.py:156} INFO - Started process (PID=342) to work on /home/airflow/.local/lib/python3.7/site-packages/airflow/example_dags/example_dag_decorator.py
[2022-10-13T05:13:23.287+0000] {processor.py:758} INFO - Processing file /home/airflow/.local/lib/python3.7/site-packages/airflow/example_dags/example_dag_decorator.py for tasks to queue
[2022-10-13T05:13:23.288+0000] {logging_mixin.py:117} INFO - [2022-10-13T05:13:23.288+0000] {dagbag.py:525} INFO - Filling up the DagBag from /home/airflow/.local/lib/python3.7/site-packages/airflow/example_dags/example_dag_decorator.py
[2022-10-13T05:13:23.323+0000] {processor.py:768} INFO - DAG(s) dict_keys(['example_dag_decorator']) retrieved from /home/airflow/.local/lib/python3.7/site-packages/airflow/example_dags/example_dag_decorator.py
[2022-10-13T05:13:23.338+0000] {logging_mixin.py:117} INFO - [2022-10-13T05:13:23.338+0000] {dag.py:2573} INFO - Sync 1 DAGs
[2022-10-13T05:13:23.353+0000] {logging_mixin.py:117} INFO - [2022-10-13T05:13:23.353+0000] {dag.py:3328} INFO - Setting next_dagrun for example_dag_decorator to None, run_after=None
[2022-10-13T05:13:23.366+0000] {processor.py:178} INFO - Processing /home/airflow/.local/lib/python3.7/site-packages/airflow/example_dags/example_dag_decorator.py took 0.081 seconds
[2022-10-13T05:13:55.208+0000] {processor.py:156} INFO - Started process (PID=549) to work on /home/airflow/.local/lib/python3.7/site-packages/airflow/example_dags/example_dag_decorator.py
[2022-10-13T05:13:55.209+0000] {processor.py:758} INFO - Processing file /home/airflow/.local/lib/python3.7/site-packages/airflow/example_dags/example_dag_decorator.py for tasks to queue
[2022-10-13T05:13:55.209+0000] {logging_mixin.py:117} INFO - [2022-10-13T05:13:55.209+0000] {dagbag.py:525} INFO - Filling up the DagBag from /home/airflow/.local/lib/python3.7/site-packages/airflow/example_dags/example_dag_decorator.py
[2022-10-13T05:13:55.225+0000] {processor.py:768} INFO - DAG(s) dict_keys(['example_dag_decorator']) retrieved from /home/airflow/.local/lib/python3.7/site-packages/airflow/example_dags/example_dag_decorator.py
[2022-10-13T05:13:55.341+0000] {logging_mixin.py:117} INFO - [2022-10-13T05:13:55.341+0000] {dag.py:2573} INFO - Sync 1 DAGs
[2022-10-13T05:13:55.354+0000] {logging_mixin.py:117} INFO - [2022-10-13T05:13:55.354+0000] {dag.py:3328} INFO - Setting next_dagrun for example_dag_decorator to None, run_after=None
[2022-10-13T05:13:55.366+0000] {processor.py:178} INFO - Processing /home/airflow/.local/lib/python3.7/site-packages/airflow/example_dags/example_dag_decorator.py took 0.159 seconds
[2022-10-13T05:14:26.017+0000] {processor.py:156} INFO - Started process (PID=757) to work on /home/airflow/.local/lib/python3.7/site-packages/airflow/example_dags/example_dag_decorator.py
[2022-10-13T05:14:26.018+0000] {processor.py:758} INFO - Processing file /home/airflow/.local/lib/python3.7/site-packages/airflow/example_dags/example_dag_decorator.py for tasks to queue
[2022-10-13T05:14:26.018+0000] {logging_mixin.py:117} INFO - [2022-10-13T05:14:26.018+0000] {dagbag.py:525} INFO - Filling up the DagBag from /home/airflow/.local/lib/python3.7/site-packages/airflow/example_dags/example_dag_decorator.py
[2022-10-13T05:14:26.035+0000] {processor.py:768} INFO - DAG(s) dict_keys(['example_dag_decorator']) retrieved from /home/airflow/.local/lib/python3.7/site-packages/airflow/example_dags/example_dag_decorator.py
[2022-10-13T05:14:26.157+0000] {logging_mixin.py:117} INFO - [2022-10-13T05:14:26.157+0000] {dag.py:2573} INFO - Sync 1 DAGs
[2022-10-13T05:14:26.171+0000] {logging_mixin.py:117} INFO - [2022-10-13T05:14:26.170+0000] {dag.py:3328} INFO - Setting next_dagrun for example_dag_decorator to None, run_after=None
[2022-10-13T05:14:26.181+0000] {processor.py:178} INFO - Processing /home/airflow/.local/lib/python3.7/site-packages/airflow/example_dags/example_dag_decorator.py took 0.165 seconds
[2022-10-13T05:14:56.819+0000] {processor.py:156} INFO - Started process (PID=964) to work on /home/airflow/.local/lib/python3.7/site-packages/airflow/example_dags/example_dag_decorator.py
[2022-10-13T05:14:56.819+0000] {processor.py:758} INFO - Processing file /home/airflow/.local/lib/python3.7/site-packages/airflow/example_dags/example_dag_decorator.py for tasks to queue
[2022-10-13T05:14:56.820+0000] {logging_mixin.py:117} INFO - [2022-10-13T05:14:56.820+0000] {dagbag.py:525} INFO - Filling up the DagBag from /home/airflow/.local/lib/python3.7/site-packages/airflow/example_dags/example_dag_decorator.py
[2022-10-13T05:14:56.836+0000] {processor.py:768} INFO - DAG(s) dict_keys(['example_dag_decorator']) retrieved from /home/airflow/.local/lib/python3.7/site-packages/airflow/example_dags/example_dag_decorator.py
[2022-10-13T05:14:56.948+0000] {logging_mixin.py:117} INFO - [2022-10-13T05:14:56.948+0000] {dag.py:2573} INFO - Sync 1 DAGs
[2022-10-13T05:14:56.960+0000] {logging_mixin.py:117} INFO - [2022-10-13T05:14:56.960+0000] {dag.py:3328} INFO - Setting next_dagrun for example_dag_decorator to None, run_after=None
[2022-10-13T05:14:56.971+0000] {processor.py:178} INFO - Processing /home/airflow/.local/lib/python3.7/site-packages/airflow/example_dags/example_dag_decorator.py took 0.153 seconds
[2022-10-13T05:15:27.617+0000] {processor.py:156} INFO - Started process (PID=1171) to work on /home/airflow/.local/lib/python3.7/site-packages/airflow/example_dags/example_dag_decorator.py
[2022-10-13T05:15:27.618+0000] {processor.py:758} INFO - Processing file /home/airflow/.local/lib/python3.7/site-packages/airflow/example_dags/example_dag_decorator.py for tasks to queue
[2022-10-13T05:15:27.618+0000] {logging_mixin.py:117} INFO - [2022-10-13T05:15:27.618+0000] {dagbag.py:525} INFO - Filling up the DagBag from /home/airflow/.local/lib/python3.7/site-packages/airflow/example_dags/example_dag_decorator.py
[2022-10-13T05:15:27.705+0000] {processor.py:768} INFO - DAG(s) dict_keys(['example_dag_decorator']) retrieved from /home/airflow/.local/lib/python3.7/site-packages/airflow/example_dags/example_dag_decorator.py
[2022-10-13T05:15:27.745+0000] {logging_mixin.py:117} INFO - [2022-10-13T05:15:27.745+0000] {dag.py:2573} INFO - Sync 1 DAGs
[2022-10-13T05:15:27.756+0000] {logging_mixin.py:117} INFO - [2022-10-13T05:15:27.756+0000] {dag.py:3328} INFO - Setting next_dagrun for example_dag_decorator to None, run_after=None
[2022-10-13T05:15:27.766+0000] {processor.py:178} INFO - Processing /home/airflow/.local/lib/python3.7/site-packages/airflow/example_dags/example_dag_decorator.py took 0.150 seconds
[2022-10-13T05:15:58.377+0000] {processor.py:156} INFO - Started process (PID=1379) to work on /home/airflow/.local/lib/python3.7/site-packages/airflow/example_dags/example_dag_decorator.py
[2022-10-13T05:15:58.377+0000] {processor.py:758} INFO - Processing file /home/airflow/.local/lib/python3.7/site-packages/airflow/example_dags/example_dag_decorator.py for tasks to queue
[2022-10-13T05:15:58.447+0000] {logging_mixin.py:117} INFO - [2022-10-13T05:15:58.447+0000] {dagbag.py:525} INFO - Filling up the DagBag from /home/airflow/.local/lib/python3.7/site-packages/airflow/example_dags/example_dag_decorator.py
[2022-10-13T05:15:58.460+0000] {processor.py:768} INFO - DAG(s) dict_keys(['example_dag_decorator']) retrieved from /home/airflow/.local/lib/python3.7/site-packages/airflow/example_dags/example_dag_decorator.py
[2022-10-13T05:15:58.503+0000] {logging_mixin.py:117} INFO - [2022-10-13T05:15:58.503+0000] {dag.py:2573} INFO - Sync 1 DAGs
[2022-10-13T05:15:58.515+0000] {logging_mixin.py:117} INFO - [2022-10-13T05:15:58.515+0000] {dag.py:3328} INFO - Setting next_dagrun for example_dag_decorator to None, run_after=None
[2022-10-13T05:15:58.526+0000] {processor.py:178} INFO - Processing /home/airflow/.local/lib/python3.7/site-packages/airflow/example_dags/example_dag_decorator.py took 0.151 seconds
[2022-10-13T05:16:28.998+0000] {processor.py:156} INFO - Started process (PID=1584) to work on /home/airflow/.local/lib/python3.7/site-packages/airflow/example_dags/example_dag_decorator.py
[2022-10-13T05:16:28.998+0000] {processor.py:758} INFO - Processing file /home/airflow/.local/lib/python3.7/site-packages/airflow/example_dags/example_dag_decorator.py for tasks to queue
[2022-10-13T05:16:28.998+0000] {logging_mixin.py:117} INFO - [2022-10-13T05:16:28.998+0000] {dagbag.py:525} INFO - Filling up the DagBag from /home/airflow/.local/lib/python3.7/site-packages/airflow/example_dags/example_dag_decorator.py
[2022-10-13T05:16:29.015+0000] {processor.py:768} INFO - DAG(s) dict_keys(['example_dag_decorator']) retrieved from /home/airflow/.local/lib/python3.7/site-packages/airflow/example_dags/example_dag_decorator.py
[2022-10-13T05:16:29.063+0000] {logging_mixin.py:117} INFO - [2022-10-13T05:16:29.063+0000] {dag.py:2573} INFO - Sync 1 DAGs
[2022-10-13T05:16:29.078+0000] {logging_mixin.py:117} INFO - [2022-10-13T05:16:29.078+0000] {dag.py:3328} INFO - Setting next_dagrun for example_dag_decorator to None, run_after=None
[2022-10-13T05:16:29.091+0000] {processor.py:178} INFO - Processing /home/airflow/.local/lib/python3.7/site-packages/airflow/example_dags/example_dag_decorator.py took 0.095 seconds
[2022-10-13T05:16:59.671+0000] {processor.py:156} INFO - Started process (PID=1793) to work on /home/airflow/.local/lib/python3.7/site-packages/airflow/example_dags/example_dag_decorator.py
[2022-10-13T05:16:59.672+0000] {processor.py:758} INFO - Processing file /home/airflow/.local/lib/python3.7/site-packages/airflow/example_dags/example_dag_decorator.py for tasks to queue
[2022-10-13T05:16:59.672+0000] {logging_mixin.py:117} INFO - [2022-10-13T05:16:59.672+0000] {dagbag.py:525} INFO - Filling up the DagBag from /home/airflow/.local/lib/python3.7/site-packages/airflow/example_dags/example_dag_decorator.py
[2022-10-13T05:16:59.690+0000] {processor.py:768} INFO - DAG(s) dict_keys(['example_dag_decorator']) retrieved from /home/airflow/.local/lib/python3.7/site-packages/airflow/example_dags/example_dag_decorator.py
[2022-10-13T05:16:59.737+0000] {logging_mixin.py:117} INFO - [2022-10-13T05:16:59.737+0000] {dag.py:2573} INFO - Sync 1 DAGs
[2022-10-13T05:16:59.750+0000] {logging_mixin.py:117} INFO - [2022-10-13T05:16:59.750+0000] {dag.py:3328} INFO - Setting next_dagrun for example_dag_decorator to None, run_after=None
[2022-10-13T05:16:59.764+0000] {processor.py:178} INFO - Processing /home/airflow/.local/lib/python3.7/site-packages/airflow/example_dags/example_dag_decorator.py took 0.094 seconds
[2022-10-13T05:17:30.277+0000] {processor.py:156} INFO - Started process (PID=1998) to work on /home/airflow/.local/lib/python3.7/site-packages/airflow/example_dags/example_dag_decorator.py
[2022-10-13T05:17:30.278+0000] {processor.py:758} INFO - Processing file /home/airflow/.local/lib/python3.7/site-packages/airflow/example_dags/example_dag_decorator.py for tasks to queue
[2022-10-13T05:17:30.278+0000] {logging_mixin.py:117} INFO - [2022-10-13T05:17:30.278+0000] {dagbag.py:525} INFO - Filling up the DagBag from /home/airflow/.local/lib/python3.7/site-packages/airflow/example_dags/example_dag_decorator.py
[2022-10-13T05:17:30.296+0000] {processor.py:768} INFO - DAG(s) dict_keys(['example_dag_decorator']) retrieved from /home/airflow/.local/lib/python3.7/site-packages/airflow/example_dags/example_dag_decorator.py
[2022-10-13T05:17:30.342+0000] {logging_mixin.py:117} INFO - [2022-10-13T05:17:30.342+0000] {dag.py:2573} INFO - Sync 1 DAGs
[2022-10-13T05:17:30.356+0000] {logging_mixin.py:117} INFO - [2022-10-13T05:17:30.356+0000] {dag.py:3328} INFO - Setting next_dagrun for example_dag_decorator to None, run_after=None
[2022-10-13T05:17:30.368+0000] {processor.py:178} INFO - Processing /home/airflow/.local/lib/python3.7/site-packages/airflow/example_dags/example_dag_decorator.py took 0.092 seconds
[2022-10-13T05:18:00.964+0000] {processor.py:156} INFO - Started process (PID=2205) to work on /home/airflow/.local/lib/python3.7/site-packages/airflow/example_dags/example_dag_decorator.py
[2022-10-13T05:18:00.964+0000] {processor.py:758} INFO - Processing file /home/airflow/.local/lib/python3.7/site-packages/airflow/example_dags/example_dag_decorator.py for tasks to queue
[2022-10-13T05:18:00.965+0000] {logging_mixin.py:117} INFO - [2022-10-13T05:18:00.965+0000] {dagbag.py:525} INFO - Filling up the DagBag from /home/airflow/.local/lib/python3.7/site-packages/airflow/example_dags/example_dag_decorator.py
[2022-10-13T05:18:00.982+0000] {processor.py:768} INFO - DAG(s) dict_keys(['example_dag_decorator']) retrieved from /home/airflow/.local/lib/python3.7/site-packages/airflow/example_dags/example_dag_decorator.py
[2022-10-13T05:18:01.028+0000] {logging_mixin.py:117} INFO - [2022-10-13T05:18:01.028+0000] {dag.py:2573} INFO - Sync 1 DAGs
[2022-10-13T05:18:01.042+0000] {logging_mixin.py:117} INFO - [2022-10-13T05:18:01.042+0000] {dag.py:3328} INFO - Setting next_dagrun for example_dag_decorator to None, run_after=None
[2022-10-13T05:18:01.052+0000] {processor.py:178} INFO - Processing /home/airflow/.local/lib/python3.7/site-packages/airflow/example_dags/example_dag_decorator.py took 0.090 seconds
[2022-10-13T05:18:31.608+0000] {processor.py:156} INFO - Started process (PID=2412) to work on /home/airflow/.local/lib/python3.7/site-packages/airflow/example_dags/example_dag_decorator.py
[2022-10-13T05:18:31.608+0000] {processor.py:758} INFO - Processing file /home/airflow/.local/lib/python3.7/site-packages/airflow/example_dags/example_dag_decorator.py for tasks to queue
[2022-10-13T05:18:31.608+0000] {logging_mixin.py:117} INFO - [2022-10-13T05:18:31.608+0000] {dagbag.py:525} INFO - Filling up the DagBag from /home/airflow/.local/lib/python3.7/site-packages/airflow/example_dags/example_dag_decorator.py
[2022-10-13T05:18:31.626+0000] {processor.py:768} INFO - DAG(s) dict_keys(['example_dag_decorator']) retrieved from /home/airflow/.local/lib/python3.7/site-packages/airflow/example_dags/example_dag_decorator.py
[2022-10-13T05:18:31.675+0000] {logging_mixin.py:117} INFO - [2022-10-13T05:18:31.675+0000] {dag.py:2573} INFO - Sync 1 DAGs
[2022-10-13T05:18:31.692+0000] {logging_mixin.py:117} INFO - [2022-10-13T05:18:31.692+0000] {dag.py:3328} INFO - Setting next_dagrun for example_dag_decorator to None, run_after=None
[2022-10-13T05:18:31.709+0000] {processor.py:178} INFO - Processing /home/airflow/.local/lib/python3.7/site-packages/airflow/example_dags/example_dag_decorator.py took 0.103 seconds
[2022-10-13T05:19:02.111+0000] {processor.py:156} INFO - Started process (PID=2610) to work on /home/airflow/.local/lib/python3.7/site-packages/airflow/example_dags/example_dag_decorator.py
[2022-10-13T05:19:02.111+0000] {processor.py:758} INFO - Processing file /home/airflow/.local/lib/python3.7/site-packages/airflow/example_dags/example_dag_decorator.py for tasks to queue
[2022-10-13T05:19:02.112+0000] {logging_mixin.py:117} INFO - [2022-10-13T05:19:02.112+0000] {dagbag.py:525} INFO - Filling up the DagBag from /home/airflow/.local/lib/python3.7/site-packages/airflow/example_dags/example_dag_decorator.py
[2022-10-13T05:19:02.129+0000] {processor.py:768} INFO - DAG(s) dict_keys(['example_dag_decorator']) retrieved from /home/airflow/.local/lib/python3.7/site-packages/airflow/example_dags/example_dag_decorator.py
[2022-10-13T05:19:02.176+0000] {logging_mixin.py:117} INFO - [2022-10-13T05:19:02.176+0000] {dag.py:2573} INFO - Sync 1 DAGs
[2022-10-13T05:19:02.188+0000] {logging_mixin.py:117} INFO - [2022-10-13T05:19:02.188+0000] {dag.py:3328} INFO - Setting next_dagrun for example_dag_decorator to None, run_after=None
[2022-10-13T05:19:02.198+0000] {processor.py:178} INFO - Processing /home/airflow/.local/lib/python3.7/site-packages/airflow/example_dags/example_dag_decorator.py took 0.089 seconds
