[2022-10-13T05:13:22.261+0000] {processor.py:156} INFO - Started process (PID=207) to work on /home/airflow/.local/lib/python3.7/site-packages/airflow/example_dags/example_datasets.py
[2022-10-13T05:13:22.261+0000] {processor.py:758} INFO - Processing file /home/airflow/.local/lib/python3.7/site-packages/airflow/example_dags/example_datasets.py for tasks to queue
[2022-10-13T05:13:22.261+0000] {logging_mixin.py:117} INFO - [2022-10-13T05:13:22.261+0000] {dagbag.py:525} INFO - Filling up the DagBag from /home/airflow/.local/lib/python3.7/site-packages/airflow/example_dags/example_datasets.py
[2022-10-13T05:13:22.273+0000] {processor.py:768} INFO - DAG(s) dict_keys(['dataset_produces_1', 'dataset_consumes_1', 'dataset_consumes_1_and_2', 'dataset_consumes_1_never_scheduled', 'dataset_produces_2', 'dataset_consumes_unknown_never_scheduled']) retrieved from /home/airflow/.local/lib/python3.7/site-packages/airflow/example_dags/example_datasets.py
[2022-10-13T05:13:22.291+0000] {logging_mixin.py:117} INFO - [2022-10-13T05:13:22.291+0000] {dag.py:2573} INFO - Sync 6 DAGs
[2022-10-13T05:13:22.306+0000] {logging_mixin.py:117} INFO - [2022-10-13T05:13:22.306+0000] {dag.py:3328} INFO - Setting next_dagrun for dataset_consumes_1 to None, run_after=None
[2022-10-13T05:13:22.308+0000] {logging_mixin.py:117} INFO - [2022-10-13T05:13:22.308+0000] {dag.py:3328} INFO - Setting next_dagrun for dataset_consumes_1_and_2 to None, run_after=None
[2022-10-13T05:13:22.309+0000] {logging_mixin.py:117} INFO - [2022-10-13T05:13:22.309+0000] {dag.py:3328} INFO - Setting next_dagrun for dataset_consumes_1_never_scheduled to None, run_after=None
[2022-10-13T05:13:22.309+0000] {logging_mixin.py:117} INFO - [2022-10-13T05:13:22.309+0000] {dag.py:3328} INFO - Setting next_dagrun for dataset_consumes_unknown_never_scheduled to None, run_after=None
[2022-10-13T05:13:22.311+0000] {logging_mixin.py:117} INFO - [2022-10-13T05:13:22.311+0000] {dag.py:3328} INFO - Setting next_dagrun for dataset_produces_1 to 2022-10-12T00:00:00+00:00, run_after=2022-10-13T00:00:00+00:00
[2022-10-13T05:13:22.311+0000] {logging_mixin.py:117} INFO - [2022-10-13T05:13:22.311+0000] {dag.py:3328} INFO - Setting next_dagrun for dataset_produces_2 to None, run_after=None
[2022-10-13T05:13:22.370+0000] {processor.py:178} INFO - Processing /home/airflow/.local/lib/python3.7/site-packages/airflow/example_dags/example_datasets.py took 0.111 seconds
[2022-10-13T05:13:52.898+0000] {processor.py:156} INFO - Started process (PID=414) to work on /home/airflow/.local/lib/python3.7/site-packages/airflow/example_dags/example_datasets.py
[2022-10-13T05:13:52.898+0000] {processor.py:758} INFO - Processing file /home/airflow/.local/lib/python3.7/site-packages/airflow/example_dags/example_datasets.py for tasks to queue
[2022-10-13T05:13:52.898+0000] {logging_mixin.py:117} INFO - [2022-10-13T05:13:52.898+0000] {dagbag.py:525} INFO - Filling up the DagBag from /home/airflow/.local/lib/python3.7/site-packages/airflow/example_dags/example_datasets.py
[2022-10-13T05:13:52.909+0000] {processor.py:768} INFO - DAG(s) dict_keys(['dataset_produces_2', 'dataset_consumes_1_never_scheduled', 'dataset_consumes_1', 'dataset_consumes_1_and_2', 'dataset_produces_1', 'dataset_consumes_unknown_never_scheduled']) retrieved from /home/airflow/.local/lib/python3.7/site-packages/airflow/example_dags/example_datasets.py
[2022-10-13T05:13:53.040+0000] {logging_mixin.py:117} INFO - [2022-10-13T05:13:53.039+0000] {dag.py:2573} INFO - Sync 6 DAGs
[2022-10-13T05:13:53.053+0000] {logging_mixin.py:117} INFO - [2022-10-13T05:13:53.053+0000] {dag.py:3328} INFO - Setting next_dagrun for dataset_consumes_1 to None, run_after=None
[2022-10-13T05:13:53.054+0000] {logging_mixin.py:117} INFO - [2022-10-13T05:13:53.054+0000] {dag.py:3328} INFO - Setting next_dagrun for dataset_consumes_1_and_2 to None, run_after=None
[2022-10-13T05:13:53.055+0000] {logging_mixin.py:117} INFO - [2022-10-13T05:13:53.055+0000] {dag.py:3328} INFO - Setting next_dagrun for dataset_consumes_1_never_scheduled to None, run_after=None
[2022-10-13T05:13:53.056+0000] {logging_mixin.py:117} INFO - [2022-10-13T05:13:53.056+0000] {dag.py:3328} INFO - Setting next_dagrun for dataset_consumes_unknown_never_scheduled to None, run_after=None
[2022-10-13T05:13:53.057+0000] {logging_mixin.py:117} INFO - [2022-10-13T05:13:53.057+0000] {dag.py:3328} INFO - Setting next_dagrun for dataset_produces_1 to 2022-10-12T00:00:00+00:00, run_after=2022-10-13T00:00:00+00:00
[2022-10-13T05:13:53.058+0000] {logging_mixin.py:117} INFO - [2022-10-13T05:13:53.058+0000] {dag.py:3328} INFO - Setting next_dagrun for dataset_produces_2 to None, run_after=None
[2022-10-13T05:13:53.074+0000] {processor.py:178} INFO - Processing /home/airflow/.local/lib/python3.7/site-packages/airflow/example_dags/example_datasets.py took 0.178 seconds
[2022-10-13T05:14:23.904+0000] {processor.py:156} INFO - Started process (PID=622) to work on /home/airflow/.local/lib/python3.7/site-packages/airflow/example_dags/example_datasets.py
[2022-10-13T05:14:23.905+0000] {processor.py:758} INFO - Processing file /home/airflow/.local/lib/python3.7/site-packages/airflow/example_dags/example_datasets.py for tasks to queue
[2022-10-13T05:14:23.905+0000] {logging_mixin.py:117} INFO - [2022-10-13T05:14:23.905+0000] {dagbag.py:525} INFO - Filling up the DagBag from /home/airflow/.local/lib/python3.7/site-packages/airflow/example_dags/example_datasets.py
[2022-10-13T05:14:23.915+0000] {processor.py:768} INFO - DAG(s) dict_keys(['dataset_produces_2', 'dataset_consumes_1_and_2', 'dataset_produces_1', 'dataset_consumes_1_never_scheduled', 'dataset_consumes_1', 'dataset_consumes_unknown_never_scheduled']) retrieved from /home/airflow/.local/lib/python3.7/site-packages/airflow/example_dags/example_datasets.py
[2022-10-13T05:14:23.947+0000] {logging_mixin.py:117} INFO - [2022-10-13T05:14:23.947+0000] {dag.py:2573} INFO - Sync 6 DAGs
[2022-10-13T05:14:24.033+0000] {logging_mixin.py:117} INFO - [2022-10-13T05:14:24.033+0000] {dag.py:3328} INFO - Setting next_dagrun for dataset_consumes_1 to None, run_after=None
[2022-10-13T05:14:24.035+0000] {logging_mixin.py:117} INFO - [2022-10-13T05:14:24.035+0000] {dag.py:3328} INFO - Setting next_dagrun for dataset_consumes_1_and_2 to None, run_after=None
[2022-10-13T05:14:24.036+0000] {logging_mixin.py:117} INFO - [2022-10-13T05:14:24.036+0000] {dag.py:3328} INFO - Setting next_dagrun for dataset_consumes_1_never_scheduled to None, run_after=None
[2022-10-13T05:14:24.036+0000] {logging_mixin.py:117} INFO - [2022-10-13T05:14:24.036+0000] {dag.py:3328} INFO - Setting next_dagrun for dataset_consumes_unknown_never_scheduled to None, run_after=None
[2022-10-13T05:14:24.038+0000] {logging_mixin.py:117} INFO - [2022-10-13T05:14:24.038+0000] {dag.py:3328} INFO - Setting next_dagrun for dataset_produces_1 to 2022-10-12T00:00:00+00:00, run_after=2022-10-13T00:00:00+00:00
[2022-10-13T05:14:24.038+0000] {logging_mixin.py:117} INFO - [2022-10-13T05:14:24.038+0000] {dag.py:3328} INFO - Setting next_dagrun for dataset_produces_2 to None, run_after=None
[2022-10-13T05:14:24.054+0000] {processor.py:178} INFO - Processing /home/airflow/.local/lib/python3.7/site-packages/airflow/example_dags/example_datasets.py took 0.152 seconds
[2022-10-13T05:14:54.720+0000] {processor.py:156} INFO - Started process (PID=829) to work on /home/airflow/.local/lib/python3.7/site-packages/airflow/example_dags/example_datasets.py
[2022-10-13T05:14:54.720+0000] {processor.py:758} INFO - Processing file /home/airflow/.local/lib/python3.7/site-packages/airflow/example_dags/example_datasets.py for tasks to queue
[2022-10-13T05:14:54.720+0000] {logging_mixin.py:117} INFO - [2022-10-13T05:14:54.720+0000] {dagbag.py:525} INFO - Filling up the DagBag from /home/airflow/.local/lib/python3.7/site-packages/airflow/example_dags/example_datasets.py
[2022-10-13T05:14:54.731+0000] {processor.py:768} INFO - DAG(s) dict_keys(['dataset_consumes_1_never_scheduled', 'dataset_produces_2', 'dataset_produces_1', 'dataset_consumes_unknown_never_scheduled', 'dataset_consumes_1', 'dataset_consumes_1_and_2']) retrieved from /home/airflow/.local/lib/python3.7/site-packages/airflow/example_dags/example_datasets.py
[2022-10-13T05:14:54.840+0000] {logging_mixin.py:117} INFO - [2022-10-13T05:14:54.840+0000] {dag.py:2573} INFO - Sync 6 DAGs
[2022-10-13T05:14:54.855+0000] {logging_mixin.py:117} INFO - [2022-10-13T05:14:54.855+0000] {dag.py:3328} INFO - Setting next_dagrun for dataset_consumes_1 to None, run_after=None
[2022-10-13T05:14:54.857+0000] {logging_mixin.py:117} INFO - [2022-10-13T05:14:54.857+0000] {dag.py:3328} INFO - Setting next_dagrun for dataset_consumes_1_and_2 to None, run_after=None
[2022-10-13T05:14:54.858+0000] {logging_mixin.py:117} INFO - [2022-10-13T05:14:54.858+0000] {dag.py:3328} INFO - Setting next_dagrun for dataset_consumes_1_never_scheduled to None, run_after=None
[2022-10-13T05:14:54.858+0000] {logging_mixin.py:117} INFO - [2022-10-13T05:14:54.858+0000] {dag.py:3328} INFO - Setting next_dagrun for dataset_consumes_unknown_never_scheduled to None, run_after=None
[2022-10-13T05:14:54.860+0000] {logging_mixin.py:117} INFO - [2022-10-13T05:14:54.860+0000] {dag.py:3328} INFO - Setting next_dagrun for dataset_produces_1 to 2022-10-12T00:00:00+00:00, run_after=2022-10-13T00:00:00+00:00
[2022-10-13T05:14:54.860+0000] {logging_mixin.py:117} INFO - [2022-10-13T05:14:54.860+0000] {dag.py:3328} INFO - Setting next_dagrun for dataset_produces_2 to None, run_after=None
[2022-10-13T05:14:54.876+0000] {processor.py:178} INFO - Processing /home/airflow/.local/lib/python3.7/site-packages/airflow/example_dags/example_datasets.py took 0.158 seconds
[2022-10-13T05:15:25.441+0000] {processor.py:156} INFO - Started process (PID=1027) to work on /home/airflow/.local/lib/python3.7/site-packages/airflow/example_dags/example_datasets.py
[2022-10-13T05:15:25.442+0000] {processor.py:758} INFO - Processing file /home/airflow/.local/lib/python3.7/site-packages/airflow/example_dags/example_datasets.py for tasks to queue
[2022-10-13T05:15:25.442+0000] {logging_mixin.py:117} INFO - [2022-10-13T05:15:25.442+0000] {dagbag.py:525} INFO - Filling up the DagBag from /home/airflow/.local/lib/python3.7/site-packages/airflow/example_dags/example_datasets.py
[2022-10-13T05:15:25.452+0000] {processor.py:768} INFO - DAG(s) dict_keys(['dataset_consumes_1_and_2', 'dataset_consumes_1', 'dataset_consumes_1_never_scheduled', 'dataset_produces_1', 'dataset_produces_2', 'dataset_consumes_unknown_never_scheduled']) retrieved from /home/airflow/.local/lib/python3.7/site-packages/airflow/example_dags/example_datasets.py
[2022-10-13T05:15:25.550+0000] {logging_mixin.py:117} INFO - [2022-10-13T05:15:25.550+0000] {dag.py:2573} INFO - Sync 6 DAGs
[2022-10-13T05:15:25.565+0000] {logging_mixin.py:117} INFO - [2022-10-13T05:15:25.565+0000] {dag.py:3328} INFO - Setting next_dagrun for dataset_consumes_1 to None, run_after=None
[2022-10-13T05:15:25.566+0000] {logging_mixin.py:117} INFO - [2022-10-13T05:15:25.566+0000] {dag.py:3328} INFO - Setting next_dagrun for dataset_consumes_1_and_2 to None, run_after=None
[2022-10-13T05:15:25.567+0000] {logging_mixin.py:117} INFO - [2022-10-13T05:15:25.567+0000] {dag.py:3328} INFO - Setting next_dagrun for dataset_consumes_1_never_scheduled to None, run_after=None
[2022-10-13T05:15:25.568+0000] {logging_mixin.py:117} INFO - [2022-10-13T05:15:25.568+0000] {dag.py:3328} INFO - Setting next_dagrun for dataset_consumes_unknown_never_scheduled to None, run_after=None
[2022-10-13T05:15:25.569+0000] {logging_mixin.py:117} INFO - [2022-10-13T05:15:25.569+0000] {dag.py:3328} INFO - Setting next_dagrun for dataset_produces_1 to 2022-10-12T00:00:00+00:00, run_after=2022-10-13T00:00:00+00:00
[2022-10-13T05:15:25.570+0000] {logging_mixin.py:117} INFO - [2022-10-13T05:15:25.570+0000] {dag.py:3328} INFO - Setting next_dagrun for dataset_produces_2 to None, run_after=None
[2022-10-13T05:15:25.585+0000] {processor.py:178} INFO - Processing /home/airflow/.local/lib/python3.7/site-packages/airflow/example_dags/example_datasets.py took 0.145 seconds
[2022-10-13T05:15:56.206+0000] {processor.py:156} INFO - Started process (PID=1234) to work on /home/airflow/.local/lib/python3.7/site-packages/airflow/example_dags/example_datasets.py
[2022-10-13T05:15:56.207+0000] {processor.py:758} INFO - Processing file /home/airflow/.local/lib/python3.7/site-packages/airflow/example_dags/example_datasets.py for tasks to queue
[2022-10-13T05:15:56.207+0000] {logging_mixin.py:117} INFO - [2022-10-13T05:15:56.207+0000] {dagbag.py:525} INFO - Filling up the DagBag from /home/airflow/.local/lib/python3.7/site-packages/airflow/example_dags/example_datasets.py
[2022-10-13T05:15:56.287+0000] {processor.py:768} INFO - DAG(s) dict_keys(['dataset_consumes_1_never_scheduled', 'dataset_consumes_1', 'dataset_produces_2', 'dataset_produces_1', 'dataset_consumes_1_and_2', 'dataset_consumes_unknown_never_scheduled']) retrieved from /home/airflow/.local/lib/python3.7/site-packages/airflow/example_dags/example_datasets.py
[2022-10-13T05:15:56.313+0000] {logging_mixin.py:117} INFO - [2022-10-13T05:15:56.313+0000] {dag.py:2573} INFO - Sync 6 DAGs
[2022-10-13T05:15:56.328+0000] {logging_mixin.py:117} INFO - [2022-10-13T05:15:56.328+0000] {dag.py:3328} INFO - Setting next_dagrun for dataset_consumes_1 to None, run_after=None
[2022-10-13T05:15:56.330+0000] {logging_mixin.py:117} INFO - [2022-10-13T05:15:56.329+0000] {dag.py:3328} INFO - Setting next_dagrun for dataset_consumes_1_and_2 to None, run_after=None
[2022-10-13T05:15:56.330+0000] {logging_mixin.py:117} INFO - [2022-10-13T05:15:56.330+0000] {dag.py:3328} INFO - Setting next_dagrun for dataset_consumes_1_never_scheduled to None, run_after=None
[2022-10-13T05:15:56.331+0000] {logging_mixin.py:117} INFO - [2022-10-13T05:15:56.331+0000] {dag.py:3328} INFO - Setting next_dagrun for dataset_consumes_unknown_never_scheduled to None, run_after=None
[2022-10-13T05:15:56.332+0000] {logging_mixin.py:117} INFO - [2022-10-13T05:15:56.332+0000] {dag.py:3328} INFO - Setting next_dagrun for dataset_produces_1 to 2022-10-12T00:00:00+00:00, run_after=2022-10-13T00:00:00+00:00
[2022-10-13T05:15:56.333+0000] {logging_mixin.py:117} INFO - [2022-10-13T05:15:56.333+0000] {dag.py:3328} INFO - Setting next_dagrun for dataset_produces_2 to None, run_after=None
[2022-10-13T05:15:56.349+0000] {processor.py:178} INFO - Processing /home/airflow/.local/lib/python3.7/site-packages/airflow/example_dags/example_datasets.py took 0.144 seconds
[2022-10-13T05:16:26.808+0000] {processor.py:156} INFO - Started process (PID=1439) to work on /home/airflow/.local/lib/python3.7/site-packages/airflow/example_dags/example_datasets.py
[2022-10-13T05:16:26.808+0000] {processor.py:758} INFO - Processing file /home/airflow/.local/lib/python3.7/site-packages/airflow/example_dags/example_datasets.py for tasks to queue
[2022-10-13T05:16:26.808+0000] {logging_mixin.py:117} INFO - [2022-10-13T05:16:26.808+0000] {dagbag.py:525} INFO - Filling up the DagBag from /home/airflow/.local/lib/python3.7/site-packages/airflow/example_dags/example_datasets.py
[2022-10-13T05:16:26.819+0000] {processor.py:768} INFO - DAG(s) dict_keys(['dataset_consumes_1', 'dataset_consumes_1_and_2', 'dataset_produces_1', 'dataset_produces_2', 'dataset_consumes_1_never_scheduled', 'dataset_consumes_unknown_never_scheduled']) retrieved from /home/airflow/.local/lib/python3.7/site-packages/airflow/example_dags/example_datasets.py
[2022-10-13T05:16:26.851+0000] {logging_mixin.py:117} INFO - [2022-10-13T05:16:26.850+0000] {dag.py:2573} INFO - Sync 6 DAGs
[2022-10-13T05:16:26.867+0000] {logging_mixin.py:117} INFO - [2022-10-13T05:16:26.866+0000] {dag.py:3328} INFO - Setting next_dagrun for dataset_consumes_1 to None, run_after=None
[2022-10-13T05:16:26.869+0000] {logging_mixin.py:117} INFO - [2022-10-13T05:16:26.869+0000] {dag.py:3328} INFO - Setting next_dagrun for dataset_consumes_1_and_2 to None, run_after=None
[2022-10-13T05:16:26.870+0000] {logging_mixin.py:117} INFO - [2022-10-13T05:16:26.870+0000] {dag.py:3328} INFO - Setting next_dagrun for dataset_consumes_1_never_scheduled to None, run_after=None
[2022-10-13T05:16:26.870+0000] {logging_mixin.py:117} INFO - [2022-10-13T05:16:26.870+0000] {dag.py:3328} INFO - Setting next_dagrun for dataset_consumes_unknown_never_scheduled to None, run_after=None
[2022-10-13T05:16:26.872+0000] {logging_mixin.py:117} INFO - [2022-10-13T05:16:26.872+0000] {dag.py:3328} INFO - Setting next_dagrun for dataset_produces_1 to 2022-10-12T00:00:00+00:00, run_after=2022-10-13T00:00:00+00:00
[2022-10-13T05:16:26.873+0000] {logging_mixin.py:117} INFO - [2022-10-13T05:16:26.873+0000] {dag.py:3328} INFO - Setting next_dagrun for dataset_produces_2 to None, run_after=None
[2022-10-13T05:16:26.890+0000] {processor.py:178} INFO - Processing /home/airflow/.local/lib/python3.7/site-packages/airflow/example_dags/example_datasets.py took 0.084 seconds
[2022-10-13T05:16:57.390+0000] {processor.py:156} INFO - Started process (PID=1646) to work on /home/airflow/.local/lib/python3.7/site-packages/airflow/example_dags/example_datasets.py
[2022-10-13T05:16:57.391+0000] {processor.py:758} INFO - Processing file /home/airflow/.local/lib/python3.7/site-packages/airflow/example_dags/example_datasets.py for tasks to queue
[2022-10-13T05:16:57.391+0000] {logging_mixin.py:117} INFO - [2022-10-13T05:16:57.391+0000] {dagbag.py:525} INFO - Filling up the DagBag from /home/airflow/.local/lib/python3.7/site-packages/airflow/example_dags/example_datasets.py
[2022-10-13T05:16:57.401+0000] {processor.py:768} INFO - DAG(s) dict_keys(['dataset_produces_2', 'dataset_consumes_1_never_scheduled', 'dataset_consumes_1', 'dataset_consumes_unknown_never_scheduled', 'dataset_produces_1', 'dataset_consumes_1_and_2']) retrieved from /home/airflow/.local/lib/python3.7/site-packages/airflow/example_dags/example_datasets.py
[2022-10-13T05:16:57.432+0000] {logging_mixin.py:117} INFO - [2022-10-13T05:16:57.432+0000] {dag.py:2573} INFO - Sync 6 DAGs
[2022-10-13T05:16:57.448+0000] {logging_mixin.py:117} INFO - [2022-10-13T05:16:57.448+0000] {dag.py:3328} INFO - Setting next_dagrun for dataset_consumes_1 to None, run_after=None
[2022-10-13T05:16:57.451+0000] {logging_mixin.py:117} INFO - [2022-10-13T05:16:57.451+0000] {dag.py:3328} INFO - Setting next_dagrun for dataset_consumes_1_and_2 to None, run_after=None
[2022-10-13T05:16:57.452+0000] {logging_mixin.py:117} INFO - [2022-10-13T05:16:57.452+0000] {dag.py:3328} INFO - Setting next_dagrun for dataset_consumes_1_never_scheduled to None, run_after=None
[2022-10-13T05:16:57.453+0000] {logging_mixin.py:117} INFO - [2022-10-13T05:16:57.453+0000] {dag.py:3328} INFO - Setting next_dagrun for dataset_consumes_unknown_never_scheduled to None, run_after=None
[2022-10-13T05:16:57.455+0000] {logging_mixin.py:117} INFO - [2022-10-13T05:16:57.455+0000] {dag.py:3328} INFO - Setting next_dagrun for dataset_produces_1 to 2022-10-12T00:00:00+00:00, run_after=2022-10-13T00:00:00+00:00
[2022-10-13T05:16:57.456+0000] {logging_mixin.py:117} INFO - [2022-10-13T05:16:57.456+0000] {dag.py:3328} INFO - Setting next_dagrun for dataset_produces_2 to None, run_after=None
[2022-10-13T05:16:57.473+0000] {processor.py:178} INFO - Processing /home/airflow/.local/lib/python3.7/site-packages/airflow/example_dags/example_datasets.py took 0.085 seconds
[2022-10-13T05:17:28.046+0000] {processor.py:156} INFO - Started process (PID=1853) to work on /home/airflow/.local/lib/python3.7/site-packages/airflow/example_dags/example_datasets.py
[2022-10-13T05:17:28.047+0000] {processor.py:758} INFO - Processing file /home/airflow/.local/lib/python3.7/site-packages/airflow/example_dags/example_datasets.py for tasks to queue
[2022-10-13T05:17:28.047+0000] {logging_mixin.py:117} INFO - [2022-10-13T05:17:28.047+0000] {dagbag.py:525} INFO - Filling up the DagBag from /home/airflow/.local/lib/python3.7/site-packages/airflow/example_dags/example_datasets.py
[2022-10-13T05:17:28.058+0000] {processor.py:768} INFO - DAG(s) dict_keys(['dataset_consumes_unknown_never_scheduled', 'dataset_consumes_1', 'dataset_produces_1', 'dataset_produces_2', 'dataset_consumes_1_never_scheduled', 'dataset_consumes_1_and_2']) retrieved from /home/airflow/.local/lib/python3.7/site-packages/airflow/example_dags/example_datasets.py
[2022-10-13T05:17:28.090+0000] {logging_mixin.py:117} INFO - [2022-10-13T05:17:28.089+0000] {dag.py:2573} INFO - Sync 6 DAGs
[2022-10-13T05:17:28.106+0000] {logging_mixin.py:117} INFO - [2022-10-13T05:17:28.106+0000] {dag.py:3328} INFO - Setting next_dagrun for dataset_consumes_1 to None, run_after=None
[2022-10-13T05:17:28.108+0000] {logging_mixin.py:117} INFO - [2022-10-13T05:17:28.108+0000] {dag.py:3328} INFO - Setting next_dagrun for dataset_consumes_1_and_2 to None, run_after=None
[2022-10-13T05:17:28.108+0000] {logging_mixin.py:117} INFO - [2022-10-13T05:17:28.108+0000] {dag.py:3328} INFO - Setting next_dagrun for dataset_consumes_1_never_scheduled to None, run_after=None
[2022-10-13T05:17:28.109+0000] {logging_mixin.py:117} INFO - [2022-10-13T05:17:28.109+0000] {dag.py:3328} INFO - Setting next_dagrun for dataset_consumes_unknown_never_scheduled to None, run_after=None
[2022-10-13T05:17:28.111+0000] {logging_mixin.py:117} INFO - [2022-10-13T05:17:28.111+0000] {dag.py:3328} INFO - Setting next_dagrun for dataset_produces_1 to 2022-10-12T00:00:00+00:00, run_after=2022-10-13T00:00:00+00:00
[2022-10-13T05:17:28.111+0000] {logging_mixin.py:117} INFO - [2022-10-13T05:17:28.111+0000] {dag.py:3328} INFO - Setting next_dagrun for dataset_produces_2 to None, run_after=None
[2022-10-13T05:17:28.127+0000] {processor.py:178} INFO - Processing /home/airflow/.local/lib/python3.7/site-packages/airflow/example_dags/example_datasets.py took 0.083 seconds
[2022-10-13T05:17:58.716+0000] {processor.py:156} INFO - Started process (PID=2058) to work on /home/airflow/.local/lib/python3.7/site-packages/airflow/example_dags/example_datasets.py
[2022-10-13T05:17:58.716+0000] {processor.py:758} INFO - Processing file /home/airflow/.local/lib/python3.7/site-packages/airflow/example_dags/example_datasets.py for tasks to queue
[2022-10-13T05:17:58.717+0000] {logging_mixin.py:117} INFO - [2022-10-13T05:17:58.717+0000] {dagbag.py:525} INFO - Filling up the DagBag from /home/airflow/.local/lib/python3.7/site-packages/airflow/example_dags/example_datasets.py
[2022-10-13T05:17:58.728+0000] {processor.py:768} INFO - DAG(s) dict_keys(['dataset_consumes_1', 'dataset_consumes_1_and_2', 'dataset_consumes_unknown_never_scheduled', 'dataset_produces_1', 'dataset_consumes_1_never_scheduled', 'dataset_produces_2']) retrieved from /home/airflow/.local/lib/python3.7/site-packages/airflow/example_dags/example_datasets.py
[2022-10-13T05:17:58.763+0000] {logging_mixin.py:117} INFO - [2022-10-13T05:17:58.763+0000] {dag.py:2573} INFO - Sync 6 DAGs
[2022-10-13T05:17:58.782+0000] {logging_mixin.py:117} INFO - [2022-10-13T05:17:58.781+0000] {dag.py:3328} INFO - Setting next_dagrun for dataset_consumes_1 to None, run_after=None
[2022-10-13T05:17:58.784+0000] {logging_mixin.py:117} INFO - [2022-10-13T05:17:58.784+0000] {dag.py:3328} INFO - Setting next_dagrun for dataset_consumes_1_and_2 to None, run_after=None
[2022-10-13T05:17:58.785+0000] {logging_mixin.py:117} INFO - [2022-10-13T05:17:58.784+0000] {dag.py:3328} INFO - Setting next_dagrun for dataset_consumes_1_never_scheduled to None, run_after=None
[2022-10-13T05:17:58.785+0000] {logging_mixin.py:117} INFO - [2022-10-13T05:17:58.785+0000] {dag.py:3328} INFO - Setting next_dagrun for dataset_consumes_unknown_never_scheduled to None, run_after=None
[2022-10-13T05:17:58.787+0000] {logging_mixin.py:117} INFO - [2022-10-13T05:17:58.787+0000] {dag.py:3328} INFO - Setting next_dagrun for dataset_produces_1 to 2022-10-12T00:00:00+00:00, run_after=2022-10-13T00:00:00+00:00
[2022-10-13T05:17:58.788+0000] {logging_mixin.py:117} INFO - [2022-10-13T05:17:58.788+0000] {dag.py:3328} INFO - Setting next_dagrun for dataset_produces_2 to None, run_after=None
[2022-10-13T05:17:58.805+0000] {processor.py:178} INFO - Processing /home/airflow/.local/lib/python3.7/site-packages/airflow/example_dags/example_datasets.py took 0.090 seconds
[2022-10-13T05:18:29.370+0000] {processor.py:156} INFO - Started process (PID=2258) to work on /home/airflow/.local/lib/python3.7/site-packages/airflow/example_dags/example_datasets.py
[2022-10-13T05:18:29.371+0000] {processor.py:758} INFO - Processing file /home/airflow/.local/lib/python3.7/site-packages/airflow/example_dags/example_datasets.py for tasks to queue
[2022-10-13T05:18:29.371+0000] {logging_mixin.py:117} INFO - [2022-10-13T05:18:29.371+0000] {dagbag.py:525} INFO - Filling up the DagBag from /home/airflow/.local/lib/python3.7/site-packages/airflow/example_dags/example_datasets.py
[2022-10-13T05:18:29.381+0000] {processor.py:768} INFO - DAG(s) dict_keys(['dataset_consumes_1_and_2', 'dataset_consumes_1', 'dataset_produces_1', 'dataset_produces_2', 'dataset_consumes_1_never_scheduled', 'dataset_consumes_unknown_never_scheduled']) retrieved from /home/airflow/.local/lib/python3.7/site-packages/airflow/example_dags/example_datasets.py
[2022-10-13T05:18:29.412+0000] {logging_mixin.py:117} INFO - [2022-10-13T05:18:29.412+0000] {dag.py:2573} INFO - Sync 6 DAGs
[2022-10-13T05:18:29.428+0000] {logging_mixin.py:117} INFO - [2022-10-13T05:18:29.428+0000] {dag.py:3328} INFO - Setting next_dagrun for dataset_consumes_1 to None, run_after=None
[2022-10-13T05:18:29.430+0000] {logging_mixin.py:117} INFO - [2022-10-13T05:18:29.430+0000] {dag.py:3328} INFO - Setting next_dagrun for dataset_consumes_1_and_2 to None, run_after=None
[2022-10-13T05:18:29.431+0000] {logging_mixin.py:117} INFO - [2022-10-13T05:18:29.431+0000] {dag.py:3328} INFO - Setting next_dagrun for dataset_consumes_1_never_scheduled to None, run_after=None
[2022-10-13T05:18:29.432+0000] {logging_mixin.py:117} INFO - [2022-10-13T05:18:29.432+0000] {dag.py:3328} INFO - Setting next_dagrun for dataset_consumes_unknown_never_scheduled to None, run_after=None
[2022-10-13T05:18:29.433+0000] {logging_mixin.py:117} INFO - [2022-10-13T05:18:29.433+0000] {dag.py:3328} INFO - Setting next_dagrun for dataset_produces_1 to 2022-10-12T00:00:00+00:00, run_after=2022-10-13T00:00:00+00:00
[2022-10-13T05:18:29.434+0000] {logging_mixin.py:117} INFO - [2022-10-13T05:18:29.434+0000] {dag.py:3328} INFO - Setting next_dagrun for dataset_produces_2 to None, run_after=None
[2022-10-13T05:18:29.451+0000] {processor.py:178} INFO - Processing /home/airflow/.local/lib/python3.7/site-packages/airflow/example_dags/example_datasets.py took 0.083 seconds
[2022-10-13T05:18:59.962+0000] {processor.py:156} INFO - Started process (PID=2465) to work on /home/airflow/.local/lib/python3.7/site-packages/airflow/example_dags/example_datasets.py
[2022-10-13T05:18:59.963+0000] {processor.py:758} INFO - Processing file /home/airflow/.local/lib/python3.7/site-packages/airflow/example_dags/example_datasets.py for tasks to queue
[2022-10-13T05:18:59.963+0000] {logging_mixin.py:117} INFO - [2022-10-13T05:18:59.963+0000] {dagbag.py:525} INFO - Filling up the DagBag from /home/airflow/.local/lib/python3.7/site-packages/airflow/example_dags/example_datasets.py
[2022-10-13T05:18:59.973+0000] {processor.py:768} INFO - DAG(s) dict_keys(['dataset_produces_2', 'dataset_produces_1', 'dataset_consumes_1', 'dataset_consumes_unknown_never_scheduled', 'dataset_consumes_1_and_2', 'dataset_consumes_1_never_scheduled']) retrieved from /home/airflow/.local/lib/python3.7/site-packages/airflow/example_dags/example_datasets.py
[2022-10-13T05:19:00.004+0000] {logging_mixin.py:117} INFO - [2022-10-13T05:19:00.004+0000] {dag.py:2573} INFO - Sync 6 DAGs
[2022-10-13T05:19:00.019+0000] {logging_mixin.py:117} INFO - [2022-10-13T05:19:00.019+0000] {dag.py:3328} INFO - Setting next_dagrun for dataset_consumes_1 to None, run_after=None
[2022-10-13T05:19:00.021+0000] {logging_mixin.py:117} INFO - [2022-10-13T05:19:00.021+0000] {dag.py:3328} INFO - Setting next_dagrun for dataset_consumes_1_and_2 to None, run_after=None
[2022-10-13T05:19:00.022+0000] {logging_mixin.py:117} INFO - [2022-10-13T05:19:00.022+0000] {dag.py:3328} INFO - Setting next_dagrun for dataset_consumes_1_never_scheduled to None, run_after=None
[2022-10-13T05:19:00.022+0000] {logging_mixin.py:117} INFO - [2022-10-13T05:19:00.022+0000] {dag.py:3328} INFO - Setting next_dagrun for dataset_consumes_unknown_never_scheduled to None, run_after=None
[2022-10-13T05:19:00.024+0000] {logging_mixin.py:117} INFO - [2022-10-13T05:19:00.024+0000] {dag.py:3328} INFO - Setting next_dagrun for dataset_produces_1 to 2022-10-12T00:00:00+00:00, run_after=2022-10-13T00:00:00+00:00
[2022-10-13T05:19:00.025+0000] {logging_mixin.py:117} INFO - [2022-10-13T05:19:00.025+0000] {dag.py:3328} INFO - Setting next_dagrun for dataset_produces_2 to None, run_after=None
[2022-10-13T05:19:00.042+0000] {processor.py:178} INFO - Processing /home/airflow/.local/lib/python3.7/site-packages/airflow/example_dags/example_datasets.py took 0.081 seconds
