[2022-10-13T05:13:23.067+0000] {processor.py:156} INFO - Started process (PID=312) to work on /home/airflow/.local/lib/python3.7/site-packages/airflow/example_dags/example_short_circuit_operator.py
[2022-10-13T05:13:23.067+0000] {processor.py:758} INFO - Processing file /home/airflow/.local/lib/python3.7/site-packages/airflow/example_dags/example_short_circuit_operator.py for tasks to queue
[2022-10-13T05:13:23.068+0000] {logging_mixin.py:117} INFO - [2022-10-13T05:13:23.068+0000] {dagbag.py:525} INFO - Filling up the DagBag from /home/airflow/.local/lib/python3.7/site-packages/airflow/example_dags/example_short_circuit_operator.py
[2022-10-13T05:13:23.079+0000] {processor.py:768} INFO - DAG(s) dict_keys(['example_short_circuit_operator']) retrieved from /home/airflow/.local/lib/python3.7/site-packages/airflow/example_dags/example_short_circuit_operator.py
[2022-10-13T05:13:23.093+0000] {logging_mixin.py:117} INFO - [2022-10-13T05:13:23.093+0000] {dag.py:2573} INFO - Sync 1 DAGs
[2022-10-13T05:13:23.108+0000] {logging_mixin.py:117} INFO - [2022-10-13T05:13:23.107+0000] {dag.py:3328} INFO - Setting next_dagrun for example_short_circuit_operator to 2022-10-12T05:13:23.107773+00:00, run_after=2022-10-13T05:13:23.107773+00:00
[2022-10-13T05:13:23.119+0000] {processor.py:178} INFO - Processing /home/airflow/.local/lib/python3.7/site-packages/airflow/example_dags/example_short_circuit_operator.py took 0.053 seconds
[2022-10-13T05:13:54.679+0000] {processor.py:156} INFO - Started process (PID=521) to work on /home/airflow/.local/lib/python3.7/site-packages/airflow/example_dags/example_short_circuit_operator.py
[2022-10-13T05:13:54.679+0000] {processor.py:758} INFO - Processing file /home/airflow/.local/lib/python3.7/site-packages/airflow/example_dags/example_short_circuit_operator.py for tasks to queue
[2022-10-13T05:13:54.680+0000] {logging_mixin.py:117} INFO - [2022-10-13T05:13:54.680+0000] {dagbag.py:525} INFO - Filling up the DagBag from /home/airflow/.local/lib/python3.7/site-packages/airflow/example_dags/example_short_circuit_operator.py
[2022-10-13T05:13:54.689+0000] {processor.py:768} INFO - DAG(s) dict_keys(['example_short_circuit_operator']) retrieved from /home/airflow/.local/lib/python3.7/site-packages/airflow/example_dags/example_short_circuit_operator.py
[2022-10-13T05:13:54.711+0000] {logging_mixin.py:117} INFO - [2022-10-13T05:13:54.711+0000] {dag.py:2573} INFO - Sync 1 DAGs
[2022-10-13T05:13:54.797+0000] {logging_mixin.py:117} INFO - [2022-10-13T05:13:54.797+0000] {dag.py:3328} INFO - Setting next_dagrun for example_short_circuit_operator to 2022-10-12T05:13:54.797215+00:00, run_after=2022-10-13T05:13:54.797215+00:00
[2022-10-13T05:13:54.808+0000] {processor.py:178} INFO - Processing /home/airflow/.local/lib/python3.7/site-packages/airflow/example_dags/example_short_circuit_operator.py took 0.130 seconds
[2022-10-13T05:14:25.584+0000] {processor.py:156} INFO - Started process (PID=729) to work on /home/airflow/.local/lib/python3.7/site-packages/airflow/example_dags/example_short_circuit_operator.py
[2022-10-13T05:14:25.585+0000] {processor.py:758} INFO - Processing file /home/airflow/.local/lib/python3.7/site-packages/airflow/example_dags/example_short_circuit_operator.py for tasks to queue
[2022-10-13T05:14:25.585+0000] {logging_mixin.py:117} INFO - [2022-10-13T05:14:25.585+0000] {dagbag.py:525} INFO - Filling up the DagBag from /home/airflow/.local/lib/python3.7/site-packages/airflow/example_dags/example_short_circuit_operator.py
[2022-10-13T05:14:25.595+0000] {processor.py:768} INFO - DAG(s) dict_keys(['example_short_circuit_operator']) retrieved from /home/airflow/.local/lib/python3.7/site-packages/airflow/example_dags/example_short_circuit_operator.py
[2022-10-13T05:14:25.619+0000] {logging_mixin.py:117} INFO - [2022-10-13T05:14:25.619+0000] {dag.py:2573} INFO - Sync 1 DAGs
[2022-10-13T05:14:25.709+0000] {logging_mixin.py:117} INFO - [2022-10-13T05:14:25.709+0000] {dag.py:3328} INFO - Setting next_dagrun for example_short_circuit_operator to 2022-10-12T05:14:25.708911+00:00, run_after=2022-10-13T05:14:25.708911+00:00
[2022-10-13T05:14:25.719+0000] {processor.py:178} INFO - Processing /home/airflow/.local/lib/python3.7/site-packages/airflow/example_dags/example_short_circuit_operator.py took 0.136 seconds
[2022-10-13T05:14:56.350+0000] {processor.py:156} INFO - Started process (PID=934) to work on /home/airflow/.local/lib/python3.7/site-packages/airflow/example_dags/example_short_circuit_operator.py
[2022-10-13T05:14:56.350+0000] {processor.py:758} INFO - Processing file /home/airflow/.local/lib/python3.7/site-packages/airflow/example_dags/example_short_circuit_operator.py for tasks to queue
[2022-10-13T05:14:56.351+0000] {logging_mixin.py:117} INFO - [2022-10-13T05:14:56.351+0000] {dagbag.py:525} INFO - Filling up the DagBag from /home/airflow/.local/lib/python3.7/site-packages/airflow/example_dags/example_short_circuit_operator.py
[2022-10-13T05:14:56.360+0000] {processor.py:768} INFO - DAG(s) dict_keys(['example_short_circuit_operator']) retrieved from /home/airflow/.local/lib/python3.7/site-packages/airflow/example_dags/example_short_circuit_operator.py
[2022-10-13T05:14:56.452+0000] {logging_mixin.py:117} INFO - [2022-10-13T05:14:56.452+0000] {dag.py:2573} INFO - Sync 1 DAGs
[2022-10-13T05:14:56.465+0000] {logging_mixin.py:117} INFO - [2022-10-13T05:14:56.465+0000] {dag.py:3328} INFO - Setting next_dagrun for example_short_circuit_operator to 2022-10-12T05:14:56.465456+00:00, run_after=2022-10-13T05:14:56.465456+00:00
[2022-10-13T05:14:56.476+0000] {processor.py:178} INFO - Processing /home/airflow/.local/lib/python3.7/site-packages/airflow/example_dags/example_short_circuit_operator.py took 0.128 seconds
[2022-10-13T05:15:27.063+0000] {processor.py:156} INFO - Started process (PID=1141) to work on /home/airflow/.local/lib/python3.7/site-packages/airflow/example_dags/example_short_circuit_operator.py
[2022-10-13T05:15:27.064+0000] {processor.py:758} INFO - Processing file /home/airflow/.local/lib/python3.7/site-packages/airflow/example_dags/example_short_circuit_operator.py for tasks to queue
[2022-10-13T05:15:27.064+0000] {logging_mixin.py:117} INFO - [2022-10-13T05:15:27.064+0000] {dagbag.py:525} INFO - Filling up the DagBag from /home/airflow/.local/lib/python3.7/site-packages/airflow/example_dags/example_short_circuit_operator.py
[2022-10-13T05:15:27.074+0000] {processor.py:768} INFO - DAG(s) dict_keys(['example_short_circuit_operator']) retrieved from /home/airflow/.local/lib/python3.7/site-packages/airflow/example_dags/example_short_circuit_operator.py
[2022-10-13T05:15:27.169+0000] {logging_mixin.py:117} INFO - [2022-10-13T05:15:27.169+0000] {dag.py:2573} INFO - Sync 1 DAGs
[2022-10-13T05:15:27.183+0000] {logging_mixin.py:117} INFO - [2022-10-13T05:15:27.183+0000] {dag.py:3328} INFO - Setting next_dagrun for example_short_circuit_operator to 2022-10-12T05:15:27.183011+00:00, run_after=2022-10-13T05:15:27.183011+00:00
[2022-10-13T05:15:27.196+0000] {processor.py:178} INFO - Processing /home/airflow/.local/lib/python3.7/site-packages/airflow/example_dags/example_short_circuit_operator.py took 0.134 seconds
[2022-10-13T05:15:57.796+0000] {processor.py:156} INFO - Started process (PID=1339) to work on /home/airflow/.local/lib/python3.7/site-packages/airflow/example_dags/example_short_circuit_operator.py
[2022-10-13T05:15:57.796+0000] {processor.py:758} INFO - Processing file /home/airflow/.local/lib/python3.7/site-packages/airflow/example_dags/example_short_circuit_operator.py for tasks to queue
[2022-10-13T05:15:57.797+0000] {logging_mixin.py:117} INFO - [2022-10-13T05:15:57.796+0000] {dagbag.py:525} INFO - Filling up the DagBag from /home/airflow/.local/lib/python3.7/site-packages/airflow/example_dags/example_short_circuit_operator.py
[2022-10-13T05:15:57.876+0000] {processor.py:768} INFO - DAG(s) dict_keys(['example_short_circuit_operator']) retrieved from /home/airflow/.local/lib/python3.7/site-packages/airflow/example_dags/example_short_circuit_operator.py
[2022-10-13T05:15:57.896+0000] {logging_mixin.py:117} INFO - [2022-10-13T05:15:57.896+0000] {dag.py:2573} INFO - Sync 1 DAGs
[2022-10-13T05:15:57.910+0000] {logging_mixin.py:117} INFO - [2022-10-13T05:15:57.910+0000] {dag.py:3328} INFO - Setting next_dagrun for example_short_circuit_operator to 2022-10-12T05:15:57.910429+00:00, run_after=2022-10-13T05:15:57.910429+00:00
[2022-10-13T05:15:57.920+0000] {processor.py:178} INFO - Processing /home/airflow/.local/lib/python3.7/site-packages/airflow/example_dags/example_short_circuit_operator.py took 0.126 seconds
[2022-10-13T05:16:28.703+0000] {processor.py:156} INFO - Started process (PID=1544) to work on /home/airflow/.local/lib/python3.7/site-packages/airflow/example_dags/example_short_circuit_operator.py
[2022-10-13T05:16:28.704+0000] {processor.py:758} INFO - Processing file /home/airflow/.local/lib/python3.7/site-packages/airflow/example_dags/example_short_circuit_operator.py for tasks to queue
[2022-10-13T05:16:28.704+0000] {logging_mixin.py:117} INFO - [2022-10-13T05:16:28.704+0000] {dagbag.py:525} INFO - Filling up the DagBag from /home/airflow/.local/lib/python3.7/site-packages/airflow/example_dags/example_short_circuit_operator.py
[2022-10-13T05:16:28.718+0000] {processor.py:768} INFO - DAG(s) dict_keys(['example_short_circuit_operator']) retrieved from /home/airflow/.local/lib/python3.7/site-packages/airflow/example_dags/example_short_circuit_operator.py
[2022-10-13T05:16:28.741+0000] {logging_mixin.py:117} INFO - [2022-10-13T05:16:28.741+0000] {dag.py:2573} INFO - Sync 1 DAGs
[2022-10-13T05:16:28.756+0000] {logging_mixin.py:117} INFO - [2022-10-13T05:16:28.756+0000] {dag.py:3328} INFO - Setting next_dagrun for example_short_circuit_operator to 2022-10-12T05:16:28.755969+00:00, run_after=2022-10-13T05:16:28.755969+00:00
[2022-10-13T05:16:28.766+0000] {processor.py:178} INFO - Processing /home/airflow/.local/lib/python3.7/site-packages/airflow/example_dags/example_short_circuit_operator.py took 0.065 seconds
[2022-10-13T05:16:59.330+0000] {processor.py:156} INFO - Started process (PID=1751) to work on /home/airflow/.local/lib/python3.7/site-packages/airflow/example_dags/example_short_circuit_operator.py
[2022-10-13T05:16:59.331+0000] {processor.py:758} INFO - Processing file /home/airflow/.local/lib/python3.7/site-packages/airflow/example_dags/example_short_circuit_operator.py for tasks to queue
[2022-10-13T05:16:59.331+0000] {logging_mixin.py:117} INFO - [2022-10-13T05:16:59.331+0000] {dagbag.py:525} INFO - Filling up the DagBag from /home/airflow/.local/lib/python3.7/site-packages/airflow/example_dags/example_short_circuit_operator.py
[2022-10-13T05:16:59.342+0000] {processor.py:768} INFO - DAG(s) dict_keys(['example_short_circuit_operator']) retrieved from /home/airflow/.local/lib/python3.7/site-packages/airflow/example_dags/example_short_circuit_operator.py
[2022-10-13T05:16:59.366+0000] {logging_mixin.py:117} INFO - [2022-10-13T05:16:59.366+0000] {dag.py:2573} INFO - Sync 1 DAGs
[2022-10-13T05:16:59.382+0000] {logging_mixin.py:117} INFO - [2022-10-13T05:16:59.382+0000] {dag.py:3328} INFO - Setting next_dagrun for example_short_circuit_operator to 2022-10-12T05:16:59.381900+00:00, run_after=2022-10-13T05:16:59.381900+00:00
[2022-10-13T05:16:59.394+0000] {processor.py:178} INFO - Processing /home/airflow/.local/lib/python3.7/site-packages/airflow/example_dags/example_short_circuit_operator.py took 0.065 seconds
[2022-10-13T05:17:29.971+0000] {processor.py:156} INFO - Started process (PID=1958) to work on /home/airflow/.local/lib/python3.7/site-packages/airflow/example_dags/example_short_circuit_operator.py
[2022-10-13T05:17:29.971+0000] {processor.py:758} INFO - Processing file /home/airflow/.local/lib/python3.7/site-packages/airflow/example_dags/example_short_circuit_operator.py for tasks to queue
[2022-10-13T05:17:29.972+0000] {logging_mixin.py:117} INFO - [2022-10-13T05:17:29.971+0000] {dagbag.py:525} INFO - Filling up the DagBag from /home/airflow/.local/lib/python3.7/site-packages/airflow/example_dags/example_short_circuit_operator.py
[2022-10-13T05:17:29.981+0000] {processor.py:768} INFO - DAG(s) dict_keys(['example_short_circuit_operator']) retrieved from /home/airflow/.local/lib/python3.7/site-packages/airflow/example_dags/example_short_circuit_operator.py
[2022-10-13T05:17:30.005+0000] {logging_mixin.py:117} INFO - [2022-10-13T05:17:30.005+0000] {dag.py:2573} INFO - Sync 1 DAGs
[2022-10-13T05:17:30.020+0000] {logging_mixin.py:117} INFO - [2022-10-13T05:17:30.020+0000] {dag.py:3328} INFO - Setting next_dagrun for example_short_circuit_operator to 2022-10-12T05:17:30.020282+00:00, run_after=2022-10-13T05:17:30.020282+00:00
[2022-10-13T05:17:30.031+0000] {processor.py:178} INFO - Processing /home/airflow/.local/lib/python3.7/site-packages/airflow/example_dags/example_short_circuit_operator.py took 0.061 seconds
[2022-10-13T05:18:00.619+0000] {processor.py:156} INFO - Started process (PID=2167) to work on /home/airflow/.local/lib/python3.7/site-packages/airflow/example_dags/example_short_circuit_operator.py
[2022-10-13T05:18:00.620+0000] {processor.py:758} INFO - Processing file /home/airflow/.local/lib/python3.7/site-packages/airflow/example_dags/example_short_circuit_operator.py for tasks to queue
[2022-10-13T05:18:00.620+0000] {logging_mixin.py:117} INFO - [2022-10-13T05:18:00.620+0000] {dagbag.py:525} INFO - Filling up the DagBag from /home/airflow/.local/lib/python3.7/site-packages/airflow/example_dags/example_short_circuit_operator.py
[2022-10-13T05:18:00.630+0000] {processor.py:768} INFO - DAG(s) dict_keys(['example_short_circuit_operator']) retrieved from /home/airflow/.local/lib/python3.7/site-packages/airflow/example_dags/example_short_circuit_operator.py
[2022-10-13T05:18:00.653+0000] {logging_mixin.py:117} INFO - [2022-10-13T05:18:00.653+0000] {dag.py:2573} INFO - Sync 1 DAGs
[2022-10-13T05:18:00.667+0000] {logging_mixin.py:117} INFO - [2022-10-13T05:18:00.667+0000] {dag.py:3328} INFO - Setting next_dagrun for example_short_circuit_operator to 2022-10-12T05:18:00.667750+00:00, run_after=2022-10-13T05:18:00.667750+00:00
[2022-10-13T05:18:00.679+0000] {processor.py:178} INFO - Processing /home/airflow/.local/lib/python3.7/site-packages/airflow/example_dags/example_short_circuit_operator.py took 0.061 seconds
[2022-10-13T05:18:31.274+0000] {processor.py:156} INFO - Started process (PID=2363) to work on /home/airflow/.local/lib/python3.7/site-packages/airflow/example_dags/example_short_circuit_operator.py
[2022-10-13T05:18:31.275+0000] {processor.py:758} INFO - Processing file /home/airflow/.local/lib/python3.7/site-packages/airflow/example_dags/example_short_circuit_operator.py for tasks to queue
[2022-10-13T05:18:31.275+0000] {logging_mixin.py:117} INFO - [2022-10-13T05:18:31.275+0000] {dagbag.py:525} INFO - Filling up the DagBag from /home/airflow/.local/lib/python3.7/site-packages/airflow/example_dags/example_short_circuit_operator.py
[2022-10-13T05:18:31.285+0000] {processor.py:768} INFO - DAG(s) dict_keys(['example_short_circuit_operator']) retrieved from /home/airflow/.local/lib/python3.7/site-packages/airflow/example_dags/example_short_circuit_operator.py
[2022-10-13T05:18:31.309+0000] {logging_mixin.py:117} INFO - [2022-10-13T05:18:31.309+0000] {dag.py:2573} INFO - Sync 1 DAGs
[2022-10-13T05:18:31.323+0000] {logging_mixin.py:117} INFO - [2022-10-13T05:18:31.323+0000] {dag.py:3328} INFO - Setting next_dagrun for example_short_circuit_operator to 2022-10-12T05:18:31.323228+00:00, run_after=2022-10-13T05:18:31.323228+00:00
[2022-10-13T05:18:31.333+0000] {processor.py:178} INFO - Processing /home/airflow/.local/lib/python3.7/site-packages/airflow/example_dags/example_short_circuit_operator.py took 0.061 seconds
[2022-10-13T05:19:01.827+0000] {processor.py:156} INFO - Started process (PID=2570) to work on /home/airflow/.local/lib/python3.7/site-packages/airflow/example_dags/example_short_circuit_operator.py
[2022-10-13T05:19:01.828+0000] {processor.py:758} INFO - Processing file /home/airflow/.local/lib/python3.7/site-packages/airflow/example_dags/example_short_circuit_operator.py for tasks to queue
[2022-10-13T05:19:01.828+0000] {logging_mixin.py:117} INFO - [2022-10-13T05:19:01.828+0000] {dagbag.py:525} INFO - Filling up the DagBag from /home/airflow/.local/lib/python3.7/site-packages/airflow/example_dags/example_short_circuit_operator.py
[2022-10-13T05:19:01.838+0000] {processor.py:768} INFO - DAG(s) dict_keys(['example_short_circuit_operator']) retrieved from /home/airflow/.local/lib/python3.7/site-packages/airflow/example_dags/example_short_circuit_operator.py
[2022-10-13T05:19:01.861+0000] {logging_mixin.py:117} INFO - [2022-10-13T05:19:01.861+0000] {dag.py:2573} INFO - Sync 1 DAGs
[2022-10-13T05:19:01.876+0000] {logging_mixin.py:117} INFO - [2022-10-13T05:19:01.876+0000] {dag.py:3328} INFO - Setting next_dagrun for example_short_circuit_operator to 2022-10-12T05:19:01.876071+00:00, run_after=2022-10-13T05:19:01.876071+00:00
[2022-10-13T05:19:01.886+0000] {processor.py:178} INFO - Processing /home/airflow/.local/lib/python3.7/site-packages/airflow/example_dags/example_short_circuit_operator.py took 0.060 seconds
