[2022-10-13T05:13:22.058+0000] {processor.py:156} INFO - Started process (PID=181) to work on /home/airflow/.local/lib/python3.7/site-packages/airflow/example_dags/example_short_circuit_decorator.py
[2022-10-13T05:13:22.059+0000] {processor.py:758} INFO - Processing file /home/airflow/.local/lib/python3.7/site-packages/airflow/example_dags/example_short_circuit_decorator.py for tasks to queue
[2022-10-13T05:13:22.059+0000] {logging_mixin.py:117} INFO - [2022-10-13T05:13:22.059+0000] {dagbag.py:525} INFO - Filling up the DagBag from /home/airflow/.local/lib/python3.7/site-packages/airflow/example_dags/example_short_circuit_decorator.py
[2022-10-13T05:13:22.083+0000] {processor.py:768} INFO - DAG(s) dict_keys(['example_short_circuit_decorator']) retrieved from /home/airflow/.local/lib/python3.7/site-packages/airflow/example_dags/example_short_circuit_decorator.py
[2022-10-13T05:13:22.097+0000] {logging_mixin.py:117} INFO - [2022-10-13T05:13:22.096+0000] {dag.py:2573} INFO - Sync 1 DAGs
[2022-10-13T05:13:22.111+0000] {logging_mixin.py:117} INFO - [2022-10-13T05:13:22.111+0000] {dag.py:3328} INFO - Setting next_dagrun for example_short_circuit_decorator to 2022-10-12T05:13:22.110926+00:00, run_after=2022-10-13T05:13:22.110926+00:00
[2022-10-13T05:13:22.122+0000] {processor.py:178} INFO - Processing /home/airflow/.local/lib/python3.7/site-packages/airflow/example_dags/example_short_circuit_decorator.py took 0.064 seconds
[2022-10-13T05:13:52.468+0000] {processor.py:156} INFO - Started process (PID=389) to work on /home/airflow/.local/lib/python3.7/site-packages/airflow/example_dags/example_short_circuit_decorator.py
[2022-10-13T05:13:52.474+0000] {processor.py:758} INFO - Processing file /home/airflow/.local/lib/python3.7/site-packages/airflow/example_dags/example_short_circuit_decorator.py for tasks to queue
[2022-10-13T05:13:52.474+0000] {logging_mixin.py:117} INFO - [2022-10-13T05:13:52.474+0000] {dagbag.py:525} INFO - Filling up the DagBag from /home/airflow/.local/lib/python3.7/site-packages/airflow/example_dags/example_short_circuit_decorator.py
[2022-10-13T05:13:52.489+0000] {processor.py:768} INFO - DAG(s) dict_keys(['example_short_circuit_decorator']) retrieved from /home/airflow/.local/lib/python3.7/site-packages/airflow/example_dags/example_short_circuit_decorator.py
[2022-10-13T05:13:52.513+0000] {logging_mixin.py:117} INFO - [2022-10-13T05:13:52.513+0000] {dag.py:2573} INFO - Sync 1 DAGs
[2022-10-13T05:13:52.592+0000] {logging_mixin.py:117} INFO - [2022-10-13T05:13:52.592+0000] {dag.py:3328} INFO - Setting next_dagrun for example_short_circuit_decorator to 2022-10-12T05:13:52.592191+00:00, run_after=2022-10-13T05:13:52.592191+00:00
[2022-10-13T05:13:52.602+0000] {processor.py:178} INFO - Processing /home/airflow/.local/lib/python3.7/site-packages/airflow/example_dags/example_short_circuit_decorator.py took 0.136 seconds
[2022-10-13T05:14:23.454+0000] {processor.py:156} INFO - Started process (PID=597) to work on /home/airflow/.local/lib/python3.7/site-packages/airflow/example_dags/example_short_circuit_decorator.py
[2022-10-13T05:14:23.454+0000] {processor.py:758} INFO - Processing file /home/airflow/.local/lib/python3.7/site-packages/airflow/example_dags/example_short_circuit_decorator.py for tasks to queue
[2022-10-13T05:14:23.455+0000] {logging_mixin.py:117} INFO - [2022-10-13T05:14:23.455+0000] {dagbag.py:525} INFO - Filling up the DagBag from /home/airflow/.local/lib/python3.7/site-packages/airflow/example_dags/example_short_circuit_decorator.py
[2022-10-13T05:14:23.469+0000] {processor.py:768} INFO - DAG(s) dict_keys(['example_short_circuit_decorator']) retrieved from /home/airflow/.local/lib/python3.7/site-packages/airflow/example_dags/example_short_circuit_decorator.py
[2022-10-13T05:14:23.563+0000] {logging_mixin.py:117} INFO - [2022-10-13T05:14:23.563+0000] {dag.py:2573} INFO - Sync 1 DAGs
[2022-10-13T05:14:23.577+0000] {logging_mixin.py:117} INFO - [2022-10-13T05:14:23.577+0000] {dag.py:3328} INFO - Setting next_dagrun for example_short_circuit_decorator to 2022-10-12T05:14:23.576926+00:00, run_after=2022-10-13T05:14:23.576926+00:00
[2022-10-13T05:14:23.599+0000] {processor.py:178} INFO - Processing /home/airflow/.local/lib/python3.7/site-packages/airflow/example_dags/example_short_circuit_decorator.py took 0.147 seconds
[2022-10-13T05:14:54.256+0000] {processor.py:156} INFO - Started process (PID=804) to work on /home/airflow/.local/lib/python3.7/site-packages/airflow/example_dags/example_short_circuit_decorator.py
[2022-10-13T05:14:54.262+0000] {processor.py:758} INFO - Processing file /home/airflow/.local/lib/python3.7/site-packages/airflow/example_dags/example_short_circuit_decorator.py for tasks to queue
[2022-10-13T05:14:54.262+0000] {logging_mixin.py:117} INFO - [2022-10-13T05:14:54.262+0000] {dagbag.py:525} INFO - Filling up the DagBag from /home/airflow/.local/lib/python3.7/site-packages/airflow/example_dags/example_short_circuit_decorator.py
[2022-10-13T05:14:54.277+0000] {processor.py:768} INFO - DAG(s) dict_keys(['example_short_circuit_decorator']) retrieved from /home/airflow/.local/lib/python3.7/site-packages/airflow/example_dags/example_short_circuit_decorator.py
[2022-10-13T05:14:54.376+0000] {logging_mixin.py:117} INFO - [2022-10-13T05:14:54.376+0000] {dag.py:2573} INFO - Sync 1 DAGs
[2022-10-13T05:14:54.391+0000] {logging_mixin.py:117} INFO - [2022-10-13T05:14:54.391+0000] {dag.py:3328} INFO - Setting next_dagrun for example_short_circuit_decorator to 2022-10-12T05:14:54.391294+00:00, run_after=2022-10-13T05:14:54.391294+00:00
[2022-10-13T05:14:54.402+0000] {processor.py:178} INFO - Processing /home/airflow/.local/lib/python3.7/site-packages/airflow/example_dags/example_short_circuit_decorator.py took 0.147 seconds
[2022-10-13T05:15:25.007+0000] {processor.py:156} INFO - Started process (PID=1002) to work on /home/airflow/.local/lib/python3.7/site-packages/airflow/example_dags/example_short_circuit_decorator.py
[2022-10-13T05:15:25.013+0000] {processor.py:758} INFO - Processing file /home/airflow/.local/lib/python3.7/site-packages/airflow/example_dags/example_short_circuit_decorator.py for tasks to queue
[2022-10-13T05:15:25.013+0000] {logging_mixin.py:117} INFO - [2022-10-13T05:15:25.013+0000] {dagbag.py:525} INFO - Filling up the DagBag from /home/airflow/.local/lib/python3.7/site-packages/airflow/example_dags/example_short_circuit_decorator.py
[2022-10-13T05:15:25.027+0000] {processor.py:768} INFO - DAG(s) dict_keys(['example_short_circuit_decorator']) retrieved from /home/airflow/.local/lib/python3.7/site-packages/airflow/example_dags/example_short_circuit_decorator.py
[2022-10-13T05:15:25.118+0000] {logging_mixin.py:117} INFO - [2022-10-13T05:15:25.118+0000] {dag.py:2573} INFO - Sync 1 DAGs
[2022-10-13T05:15:25.130+0000] {logging_mixin.py:117} INFO - [2022-10-13T05:15:25.130+0000] {dag.py:3328} INFO - Setting next_dagrun for example_short_circuit_decorator to 2022-10-12T05:15:25.130738+00:00, run_after=2022-10-13T05:15:25.130738+00:00
[2022-10-13T05:15:25.148+0000] {processor.py:178} INFO - Processing /home/airflow/.local/lib/python3.7/site-packages/airflow/example_dags/example_short_circuit_decorator.py took 0.143 seconds
[2022-10-13T05:15:55.780+0000] {processor.py:156} INFO - Started process (PID=1209) to work on /home/airflow/.local/lib/python3.7/site-packages/airflow/example_dags/example_short_circuit_decorator.py
[2022-10-13T05:15:55.789+0000] {processor.py:758} INFO - Processing file /home/airflow/.local/lib/python3.7/site-packages/airflow/example_dags/example_short_circuit_decorator.py for tasks to queue
[2022-10-13T05:15:55.790+0000] {logging_mixin.py:117} INFO - [2022-10-13T05:15:55.790+0000] {dagbag.py:525} INFO - Filling up the DagBag from /home/airflow/.local/lib/python3.7/site-packages/airflow/example_dags/example_short_circuit_decorator.py
[2022-10-13T05:15:55.876+0000] {processor.py:768} INFO - DAG(s) dict_keys(['example_short_circuit_decorator']) retrieved from /home/airflow/.local/lib/python3.7/site-packages/airflow/example_dags/example_short_circuit_decorator.py
[2022-10-13T05:15:55.896+0000] {logging_mixin.py:117} INFO - [2022-10-13T05:15:55.896+0000] {dag.py:2573} INFO - Sync 1 DAGs
[2022-10-13T05:15:55.909+0000] {logging_mixin.py:117} INFO - [2022-10-13T05:15:55.909+0000] {dag.py:3328} INFO - Setting next_dagrun for example_short_circuit_decorator to 2022-10-12T05:15:55.908976+00:00, run_after=2022-10-13T05:15:55.908976+00:00
[2022-10-13T05:15:55.918+0000] {processor.py:178} INFO - Processing /home/airflow/.local/lib/python3.7/site-packages/airflow/example_dags/example_short_circuit_decorator.py took 0.140 seconds
[2022-10-13T05:16:26.527+0000] {processor.py:156} INFO - Started process (PID=1414) to work on /home/airflow/.local/lib/python3.7/site-packages/airflow/example_dags/example_short_circuit_decorator.py
[2022-10-13T05:16:26.536+0000] {processor.py:758} INFO - Processing file /home/airflow/.local/lib/python3.7/site-packages/airflow/example_dags/example_short_circuit_decorator.py for tasks to queue
[2022-10-13T05:16:26.536+0000] {logging_mixin.py:117} INFO - [2022-10-13T05:16:26.536+0000] {dagbag.py:525} INFO - Filling up the DagBag from /home/airflow/.local/lib/python3.7/site-packages/airflow/example_dags/example_short_circuit_decorator.py
[2022-10-13T05:16:26.552+0000] {processor.py:768} INFO - DAG(s) dict_keys(['example_short_circuit_decorator']) retrieved from /home/airflow/.local/lib/python3.7/site-packages/airflow/example_dags/example_short_circuit_decorator.py
[2022-10-13T05:16:26.577+0000] {logging_mixin.py:117} INFO - [2022-10-13T05:16:26.577+0000] {dag.py:2573} INFO - Sync 1 DAGs
[2022-10-13T05:16:26.592+0000] {logging_mixin.py:117} INFO - [2022-10-13T05:16:26.592+0000] {dag.py:3328} INFO - Setting next_dagrun for example_short_circuit_decorator to 2022-10-12T05:16:26.592213+00:00, run_after=2022-10-13T05:16:26.592213+00:00
[2022-10-13T05:16:26.603+0000] {processor.py:178} INFO - Processing /home/airflow/.local/lib/python3.7/site-packages/airflow/example_dags/example_short_circuit_decorator.py took 0.078 seconds
[2022-10-13T05:16:57.115+0000] {processor.py:156} INFO - Started process (PID=1621) to work on /home/airflow/.local/lib/python3.7/site-packages/airflow/example_dags/example_short_circuit_decorator.py
[2022-10-13T05:16:57.116+0000] {processor.py:758} INFO - Processing file /home/airflow/.local/lib/python3.7/site-packages/airflow/example_dags/example_short_circuit_decorator.py for tasks to queue
[2022-10-13T05:16:57.116+0000] {logging_mixin.py:117} INFO - [2022-10-13T05:16:57.116+0000] {dagbag.py:525} INFO - Filling up the DagBag from /home/airflow/.local/lib/python3.7/site-packages/airflow/example_dags/example_short_circuit_decorator.py
[2022-10-13T05:16:57.133+0000] {processor.py:768} INFO - DAG(s) dict_keys(['example_short_circuit_decorator']) retrieved from /home/airflow/.local/lib/python3.7/site-packages/airflow/example_dags/example_short_circuit_decorator.py
[2022-10-13T05:16:57.178+0000] {logging_mixin.py:117} INFO - [2022-10-13T05:16:57.178+0000] {dag.py:2573} INFO - Sync 1 DAGs
[2022-10-13T05:16:57.194+0000] {logging_mixin.py:117} INFO - [2022-10-13T05:16:57.193+0000] {dag.py:3328} INFO - Setting next_dagrun for example_short_circuit_decorator to 2022-10-12T05:16:57.193698+00:00, run_after=2022-10-13T05:16:57.193698+00:00
[2022-10-13T05:16:57.206+0000] {processor.py:178} INFO - Processing /home/airflow/.local/lib/python3.7/site-packages/airflow/example_dags/example_short_circuit_decorator.py took 0.092 seconds
[2022-10-13T05:17:27.784+0000] {processor.py:156} INFO - Started process (PID=1828) to work on /home/airflow/.local/lib/python3.7/site-packages/airflow/example_dags/example_short_circuit_decorator.py
[2022-10-13T05:17:27.784+0000] {processor.py:758} INFO - Processing file /home/airflow/.local/lib/python3.7/site-packages/airflow/example_dags/example_short_circuit_decorator.py for tasks to queue
[2022-10-13T05:17:27.785+0000] {logging_mixin.py:117} INFO - [2022-10-13T05:17:27.785+0000] {dagbag.py:525} INFO - Filling up the DagBag from /home/airflow/.local/lib/python3.7/site-packages/airflow/example_dags/example_short_circuit_decorator.py
[2022-10-13T05:17:27.801+0000] {processor.py:768} INFO - DAG(s) dict_keys(['example_short_circuit_decorator']) retrieved from /home/airflow/.local/lib/python3.7/site-packages/airflow/example_dags/example_short_circuit_decorator.py
[2022-10-13T05:17:27.825+0000] {logging_mixin.py:117} INFO - [2022-10-13T05:17:27.825+0000] {dag.py:2573} INFO - Sync 1 DAGs
[2022-10-13T05:17:27.840+0000] {logging_mixin.py:117} INFO - [2022-10-13T05:17:27.840+0000] {dag.py:3328} INFO - Setting next_dagrun for example_short_circuit_decorator to 2022-10-12T05:17:27.840444+00:00, run_after=2022-10-13T05:17:27.840444+00:00
[2022-10-13T05:17:27.851+0000] {processor.py:178} INFO - Processing /home/airflow/.local/lib/python3.7/site-packages/airflow/example_dags/example_short_circuit_decorator.py took 0.070 seconds
[2022-10-13T05:17:58.395+0000] {processor.py:156} INFO - Started process (PID=2026) to work on /home/airflow/.local/lib/python3.7/site-packages/airflow/example_dags/example_short_circuit_decorator.py
[2022-10-13T05:17:58.395+0000] {processor.py:758} INFO - Processing file /home/airflow/.local/lib/python3.7/site-packages/airflow/example_dags/example_short_circuit_decorator.py for tasks to queue
[2022-10-13T05:17:58.396+0000] {logging_mixin.py:117} INFO - [2022-10-13T05:17:58.396+0000] {dagbag.py:525} INFO - Filling up the DagBag from /home/airflow/.local/lib/python3.7/site-packages/airflow/example_dags/example_short_circuit_decorator.py
[2022-10-13T05:17:58.411+0000] {processor.py:768} INFO - DAG(s) dict_keys(['example_short_circuit_decorator']) retrieved from /home/airflow/.local/lib/python3.7/site-packages/airflow/example_dags/example_short_circuit_decorator.py
[2022-10-13T05:17:58.433+0000] {logging_mixin.py:117} INFO - [2022-10-13T05:17:58.433+0000] {dag.py:2573} INFO - Sync 1 DAGs
[2022-10-13T05:17:58.449+0000] {logging_mixin.py:117} INFO - [2022-10-13T05:17:58.449+0000] {dag.py:3328} INFO - Setting next_dagrun for example_short_circuit_decorator to 2022-10-12T05:17:58.448908+00:00, run_after=2022-10-13T05:17:58.448908+00:00
[2022-10-13T05:17:58.460+0000] {processor.py:178} INFO - Processing /home/airflow/.local/lib/python3.7/site-packages/airflow/example_dags/example_short_circuit_decorator.py took 0.067 seconds
[2022-10-13T05:18:29.089+0000] {processor.py:156} INFO - Started process (PID=2233) to work on /home/airflow/.local/lib/python3.7/site-packages/airflow/example_dags/example_short_circuit_decorator.py
[2022-10-13T05:18:29.094+0000] {processor.py:758} INFO - Processing file /home/airflow/.local/lib/python3.7/site-packages/airflow/example_dags/example_short_circuit_decorator.py for tasks to queue
[2022-10-13T05:18:29.095+0000] {logging_mixin.py:117} INFO - [2022-10-13T05:18:29.095+0000] {dagbag.py:525} INFO - Filling up the DagBag from /home/airflow/.local/lib/python3.7/site-packages/airflow/example_dags/example_short_circuit_decorator.py
[2022-10-13T05:18:29.109+0000] {processor.py:768} INFO - DAG(s) dict_keys(['example_short_circuit_decorator']) retrieved from /home/airflow/.local/lib/python3.7/site-packages/airflow/example_dags/example_short_circuit_decorator.py
[2022-10-13T05:18:29.132+0000] {logging_mixin.py:117} INFO - [2022-10-13T05:18:29.132+0000] {dag.py:2573} INFO - Sync 1 DAGs
[2022-10-13T05:18:29.146+0000] {logging_mixin.py:117} INFO - [2022-10-13T05:18:29.146+0000] {dag.py:3328} INFO - Setting next_dagrun for example_short_circuit_decorator to 2022-10-12T05:18:29.145948+00:00, run_after=2022-10-13T05:18:29.145948+00:00
[2022-10-13T05:18:29.156+0000] {processor.py:178} INFO - Processing /home/airflow/.local/lib/python3.7/site-packages/airflow/example_dags/example_short_circuit_decorator.py took 0.068 seconds
[2022-10-13T05:18:59.709+0000] {processor.py:156} INFO - Started process (PID=2440) to work on /home/airflow/.local/lib/python3.7/site-packages/airflow/example_dags/example_short_circuit_decorator.py
[2022-10-13T05:18:59.710+0000] {processor.py:758} INFO - Processing file /home/airflow/.local/lib/python3.7/site-packages/airflow/example_dags/example_short_circuit_decorator.py for tasks to queue
[2022-10-13T05:18:59.710+0000] {logging_mixin.py:117} INFO - [2022-10-13T05:18:59.710+0000] {dagbag.py:525} INFO - Filling up the DagBag from /home/airflow/.local/lib/python3.7/site-packages/airflow/example_dags/example_short_circuit_decorator.py
[2022-10-13T05:18:59.724+0000] {processor.py:768} INFO - DAG(s) dict_keys(['example_short_circuit_decorator']) retrieved from /home/airflow/.local/lib/python3.7/site-packages/airflow/example_dags/example_short_circuit_decorator.py
[2022-10-13T05:18:59.747+0000] {logging_mixin.py:117} INFO - [2022-10-13T05:18:59.747+0000] {dag.py:2573} INFO - Sync 1 DAGs
[2022-10-13T05:18:59.761+0000] {logging_mixin.py:117} INFO - [2022-10-13T05:18:59.761+0000] {dag.py:3328} INFO - Setting next_dagrun for example_short_circuit_decorator to 2022-10-12T05:18:59.761224+00:00, run_after=2022-10-13T05:18:59.761224+00:00
[2022-10-13T05:18:59.773+0000] {processor.py:178} INFO - Processing /home/airflow/.local/lib/python3.7/site-packages/airflow/example_dags/example_short_circuit_decorator.py took 0.065 seconds
