[2022-10-13T05:13:22.200+0000] {processor.py:156} INFO - Started process (PID=197) to work on /home/airflow/.local/lib/python3.7/site-packages/airflow/example_dags/example_latest_only_with_trigger.py
[2022-10-13T05:13:22.200+0000] {processor.py:758} INFO - Processing file /home/airflow/.local/lib/python3.7/site-packages/airflow/example_dags/example_latest_only_with_trigger.py for tasks to queue
[2022-10-13T05:13:22.200+0000] {logging_mixin.py:117} INFO - [2022-10-13T05:13:22.200+0000] {dagbag.py:525} INFO - Filling up the DagBag from /home/airflow/.local/lib/python3.7/site-packages/airflow/example_dags/example_latest_only_with_trigger.py
[2022-10-13T05:13:22.209+0000] {processor.py:768} INFO - DAG(s) dict_keys(['latest_only_with_trigger']) retrieved from /home/airflow/.local/lib/python3.7/site-packages/airflow/example_dags/example_latest_only_with_trigger.py
[2022-10-13T05:13:22.224+0000] {logging_mixin.py:117} INFO - [2022-10-13T05:13:22.224+0000] {dag.py:2573} INFO - Sync 1 DAGs
[2022-10-13T05:13:22.238+0000] {logging_mixin.py:117} INFO - [2022-10-13T05:13:22.238+0000] {dag.py:3328} INFO - Setting next_dagrun for latest_only_with_trigger to 2022-10-13T01:13:22.238307+00:00, run_after=2022-10-13T05:13:22.238307+00:00
[2022-10-13T05:13:22.249+0000] {processor.py:178} INFO - Processing /home/airflow/.local/lib/python3.7/site-packages/airflow/example_dags/example_latest_only_with_trigger.py took 0.050 seconds
[2022-10-13T05:13:52.758+0000] {processor.py:156} INFO - Started process (PID=404) to work on /home/airflow/.local/lib/python3.7/site-packages/airflow/example_dags/example_latest_only_with_trigger.py
[2022-10-13T05:13:52.759+0000] {processor.py:758} INFO - Processing file /home/airflow/.local/lib/python3.7/site-packages/airflow/example_dags/example_latest_only_with_trigger.py for tasks to queue
[2022-10-13T05:13:52.759+0000] {logging_mixin.py:117} INFO - [2022-10-13T05:13:52.759+0000] {dagbag.py:525} INFO - Filling up the DagBag from /home/airflow/.local/lib/python3.7/site-packages/airflow/example_dags/example_latest_only_with_trigger.py
[2022-10-13T05:13:52.768+0000] {processor.py:768} INFO - DAG(s) dict_keys(['latest_only_with_trigger']) retrieved from /home/airflow/.local/lib/python3.7/site-packages/airflow/example_dags/example_latest_only_with_trigger.py
[2022-10-13T05:13:52.789+0000] {logging_mixin.py:117} INFO - [2022-10-13T05:13:52.789+0000] {dag.py:2573} INFO - Sync 1 DAGs
[2022-10-13T05:13:52.804+0000] {logging_mixin.py:117} INFO - [2022-10-13T05:13:52.804+0000] {dag.py:3328} INFO - Setting next_dagrun for latest_only_with_trigger to 2022-10-13T01:13:52.804540+00:00, run_after=2022-10-13T05:13:52.804540+00:00
[2022-10-13T05:13:52.884+0000] {processor.py:178} INFO - Processing /home/airflow/.local/lib/python3.7/site-packages/airflow/example_dags/example_latest_only_with_trigger.py took 0.127 seconds
[2022-10-13T05:14:23.759+0000] {processor.py:156} INFO - Started process (PID=612) to work on /home/airflow/.local/lib/python3.7/site-packages/airflow/example_dags/example_latest_only_with_trigger.py
[2022-10-13T05:14:23.760+0000] {processor.py:758} INFO - Processing file /home/airflow/.local/lib/python3.7/site-packages/airflow/example_dags/example_latest_only_with_trigger.py for tasks to queue
[2022-10-13T05:14:23.760+0000] {logging_mixin.py:117} INFO - [2022-10-13T05:14:23.760+0000] {dagbag.py:525} INFO - Filling up the DagBag from /home/airflow/.local/lib/python3.7/site-packages/airflow/example_dags/example_latest_only_with_trigger.py
[2022-10-13T05:14:23.768+0000] {processor.py:768} INFO - DAG(s) dict_keys(['latest_only_with_trigger']) retrieved from /home/airflow/.local/lib/python3.7/site-packages/airflow/example_dags/example_latest_only_with_trigger.py
[2022-10-13T05:14:23.792+0000] {logging_mixin.py:117} INFO - [2022-10-13T05:14:23.792+0000] {dag.py:2573} INFO - Sync 1 DAGs
[2022-10-13T05:14:23.880+0000] {logging_mixin.py:117} INFO - [2022-10-13T05:14:23.880+0000] {dag.py:3328} INFO - Setting next_dagrun for latest_only_with_trigger to 2022-10-13T01:14:23.880077+00:00, run_after=2022-10-13T05:14:23.880077+00:00
[2022-10-13T05:14:23.890+0000] {processor.py:178} INFO - Processing /home/airflow/.local/lib/python3.7/site-packages/airflow/example_dags/example_latest_only_with_trigger.py took 0.132 seconds
[2022-10-13T05:14:54.570+0000] {processor.py:156} INFO - Started process (PID=819) to work on /home/airflow/.local/lib/python3.7/site-packages/airflow/example_dags/example_latest_only_with_trigger.py
[2022-10-13T05:14:54.571+0000] {processor.py:758} INFO - Processing file /home/airflow/.local/lib/python3.7/site-packages/airflow/example_dags/example_latest_only_with_trigger.py for tasks to queue
[2022-10-13T05:14:54.571+0000] {logging_mixin.py:117} INFO - [2022-10-13T05:14:54.571+0000] {dagbag.py:525} INFO - Filling up the DagBag from /home/airflow/.local/lib/python3.7/site-packages/airflow/example_dags/example_latest_only_with_trigger.py
[2022-10-13T05:14:54.579+0000] {processor.py:768} INFO - DAG(s) dict_keys(['latest_only_with_trigger']) retrieved from /home/airflow/.local/lib/python3.7/site-packages/airflow/example_dags/example_latest_only_with_trigger.py
[2022-10-13T05:14:54.679+0000] {logging_mixin.py:117} INFO - [2022-10-13T05:14:54.679+0000] {dag.py:2573} INFO - Sync 1 DAGs
[2022-10-13T05:14:54.693+0000] {logging_mixin.py:117} INFO - [2022-10-13T05:14:54.693+0000] {dag.py:3328} INFO - Setting next_dagrun for latest_only_with_trigger to 2022-10-13T01:14:54.693283+00:00, run_after=2022-10-13T05:14:54.693283+00:00
[2022-10-13T05:14:54.704+0000] {processor.py:178} INFO - Processing /home/airflow/.local/lib/python3.7/site-packages/airflow/example_dags/example_latest_only_with_trigger.py took 0.135 seconds
[2022-10-13T05:15:25.305+0000] {processor.py:156} INFO - Started process (PID=1017) to work on /home/airflow/.local/lib/python3.7/site-packages/airflow/example_dags/example_latest_only_with_trigger.py
[2022-10-13T05:15:25.305+0000] {processor.py:758} INFO - Processing file /home/airflow/.local/lib/python3.7/site-packages/airflow/example_dags/example_latest_only_with_trigger.py for tasks to queue
[2022-10-13T05:15:25.306+0000] {logging_mixin.py:117} INFO - [2022-10-13T05:15:25.306+0000] {dagbag.py:525} INFO - Filling up the DagBag from /home/airflow/.local/lib/python3.7/site-packages/airflow/example_dags/example_latest_only_with_trigger.py
[2022-10-13T05:15:25.313+0000] {processor.py:768} INFO - DAG(s) dict_keys(['latest_only_with_trigger']) retrieved from /home/airflow/.local/lib/python3.7/site-packages/airflow/example_dags/example_latest_only_with_trigger.py
[2022-10-13T05:15:25.403+0000] {logging_mixin.py:117} INFO - [2022-10-13T05:15:25.403+0000] {dag.py:2573} INFO - Sync 1 DAGs
[2022-10-13T05:15:25.417+0000] {logging_mixin.py:117} INFO - [2022-10-13T05:15:25.416+0000] {dag.py:3328} INFO - Setting next_dagrun for latest_only_with_trigger to 2022-10-13T01:15:25.416791+00:00, run_after=2022-10-13T05:15:25.416791+00:00
[2022-10-13T05:15:25.427+0000] {processor.py:178} INFO - Processing /home/airflow/.local/lib/python3.7/site-packages/airflow/example_dags/example_latest_only_with_trigger.py took 0.123 seconds
[2022-10-13T05:15:56.071+0000] {processor.py:156} INFO - Started process (PID=1224) to work on /home/airflow/.local/lib/python3.7/site-packages/airflow/example_dags/example_latest_only_with_trigger.py
[2022-10-13T05:15:56.072+0000] {processor.py:758} INFO - Processing file /home/airflow/.local/lib/python3.7/site-packages/airflow/example_dags/example_latest_only_with_trigger.py for tasks to queue
[2022-10-13T05:15:56.072+0000] {logging_mixin.py:117} INFO - [2022-10-13T05:15:56.072+0000] {dagbag.py:525} INFO - Filling up the DagBag from /home/airflow/.local/lib/python3.7/site-packages/airflow/example_dags/example_latest_only_with_trigger.py
[2022-10-13T05:15:56.149+0000] {processor.py:768} INFO - DAG(s) dict_keys(['latest_only_with_trigger']) retrieved from /home/airflow/.local/lib/python3.7/site-packages/airflow/example_dags/example_latest_only_with_trigger.py
[2022-10-13T05:15:56.167+0000] {logging_mixin.py:117} INFO - [2022-10-13T05:15:56.167+0000] {dag.py:2573} INFO - Sync 1 DAGs
[2022-10-13T05:15:56.180+0000] {logging_mixin.py:117} INFO - [2022-10-13T05:15:56.180+0000] {dag.py:3328} INFO - Setting next_dagrun for latest_only_with_trigger to 2022-10-13T01:15:56.180669+00:00, run_after=2022-10-13T05:15:56.180669+00:00
[2022-10-13T05:15:56.191+0000] {processor.py:178} INFO - Processing /home/airflow/.local/lib/python3.7/site-packages/airflow/example_dags/example_latest_only_with_trigger.py took 0.122 seconds
[2022-10-13T05:16:26.732+0000] {processor.py:156} INFO - Started process (PID=1429) to work on /home/airflow/.local/lib/python3.7/site-packages/airflow/example_dags/example_latest_only_with_trigger.py
[2022-10-13T05:16:26.733+0000] {processor.py:758} INFO - Processing file /home/airflow/.local/lib/python3.7/site-packages/airflow/example_dags/example_latest_only_with_trigger.py for tasks to queue
[2022-10-13T05:16:26.733+0000] {logging_mixin.py:117} INFO - [2022-10-13T05:16:26.733+0000] {dagbag.py:525} INFO - Filling up the DagBag from /home/airflow/.local/lib/python3.7/site-packages/airflow/example_dags/example_latest_only_with_trigger.py
[2022-10-13T05:16:26.742+0000] {processor.py:768} INFO - DAG(s) dict_keys(['latest_only_with_trigger']) retrieved from /home/airflow/.local/lib/python3.7/site-packages/airflow/example_dags/example_latest_only_with_trigger.py
[2022-10-13T05:16:26.765+0000] {logging_mixin.py:117} INFO - [2022-10-13T05:16:26.765+0000] {dag.py:2573} INFO - Sync 1 DAGs
[2022-10-13T05:16:26.780+0000] {logging_mixin.py:117} INFO - [2022-10-13T05:16:26.780+0000] {dag.py:3328} INFO - Setting next_dagrun for latest_only_with_trigger to 2022-10-13T01:16:26.779886+00:00, run_after=2022-10-13T05:16:26.779886+00:00
[2022-10-13T05:16:26.793+0000] {processor.py:178} INFO - Processing /home/airflow/.local/lib/python3.7/site-packages/airflow/example_dags/example_latest_only_with_trigger.py took 0.062 seconds
[2022-10-13T05:16:57.308+0000] {processor.py:156} INFO - Started process (PID=1636) to work on /home/airflow/.local/lib/python3.7/site-packages/airflow/example_dags/example_latest_only_with_trigger.py
[2022-10-13T05:16:57.308+0000] {processor.py:758} INFO - Processing file /home/airflow/.local/lib/python3.7/site-packages/airflow/example_dags/example_latest_only_with_trigger.py for tasks to queue
[2022-10-13T05:16:57.309+0000] {logging_mixin.py:117} INFO - [2022-10-13T05:16:57.309+0000] {dagbag.py:525} INFO - Filling up the DagBag from /home/airflow/.local/lib/python3.7/site-packages/airflow/example_dags/example_latest_only_with_trigger.py
[2022-10-13T05:16:57.317+0000] {processor.py:768} INFO - DAG(s) dict_keys(['latest_only_with_trigger']) retrieved from /home/airflow/.local/lib/python3.7/site-packages/airflow/example_dags/example_latest_only_with_trigger.py
[2022-10-13T05:16:57.342+0000] {logging_mixin.py:117} INFO - [2022-10-13T05:16:57.342+0000] {dag.py:2573} INFO - Sync 1 DAGs
[2022-10-13T05:16:57.358+0000] {logging_mixin.py:117} INFO - [2022-10-13T05:16:57.357+0000] {dag.py:3328} INFO - Setting next_dagrun for latest_only_with_trigger to 2022-10-13T01:16:57.357795+00:00, run_after=2022-10-13T05:16:57.357795+00:00
[2022-10-13T05:16:57.368+0000] {processor.py:178} INFO - Processing /home/airflow/.local/lib/python3.7/site-packages/airflow/example_dags/example_latest_only_with_trigger.py took 0.062 seconds
[2022-10-13T05:17:27.973+0000] {processor.py:156} INFO - Started process (PID=1843) to work on /home/airflow/.local/lib/python3.7/site-packages/airflow/example_dags/example_latest_only_with_trigger.py
[2022-10-13T05:17:27.974+0000] {processor.py:758} INFO - Processing file /home/airflow/.local/lib/python3.7/site-packages/airflow/example_dags/example_latest_only_with_trigger.py for tasks to queue
[2022-10-13T05:17:27.974+0000] {logging_mixin.py:117} INFO - [2022-10-13T05:17:27.974+0000] {dagbag.py:525} INFO - Filling up the DagBag from /home/airflow/.local/lib/python3.7/site-packages/airflow/example_dags/example_latest_only_with_trigger.py
[2022-10-13T05:17:27.982+0000] {processor.py:768} INFO - DAG(s) dict_keys(['latest_only_with_trigger']) retrieved from /home/airflow/.local/lib/python3.7/site-packages/airflow/example_dags/example_latest_only_with_trigger.py
[2022-10-13T05:17:28.004+0000] {logging_mixin.py:117} INFO - [2022-10-13T05:17:28.004+0000] {dag.py:2573} INFO - Sync 1 DAGs
[2022-10-13T05:17:28.019+0000] {logging_mixin.py:117} INFO - [2022-10-13T05:17:28.018+0000] {dag.py:3328} INFO - Setting next_dagrun for latest_only_with_trigger to 2022-10-13T01:17:28.018808+00:00, run_after=2022-10-13T05:17:28.018808+00:00
[2022-10-13T05:17:28.032+0000] {processor.py:178} INFO - Processing /home/airflow/.local/lib/python3.7/site-packages/airflow/example_dags/example_latest_only_with_trigger.py took 0.060 seconds
[2022-10-13T05:17:58.584+0000] {processor.py:156} INFO - Started process (PID=2041) to work on /home/airflow/.local/lib/python3.7/site-packages/airflow/example_dags/example_latest_only_with_trigger.py
[2022-10-13T05:17:58.585+0000] {processor.py:758} INFO - Processing file /home/airflow/.local/lib/python3.7/site-packages/airflow/example_dags/example_latest_only_with_trigger.py for tasks to queue
[2022-10-13T05:17:58.585+0000] {logging_mixin.py:117} INFO - [2022-10-13T05:17:58.585+0000] {dagbag.py:525} INFO - Filling up the DagBag from /home/airflow/.local/lib/python3.7/site-packages/airflow/example_dags/example_latest_only_with_trigger.py
[2022-10-13T05:17:58.594+0000] {processor.py:768} INFO - DAG(s) dict_keys(['latest_only_with_trigger']) retrieved from /home/airflow/.local/lib/python3.7/site-packages/airflow/example_dags/example_latest_only_with_trigger.py
[2022-10-13T05:17:58.656+0000] {logging_mixin.py:117} INFO - [2022-10-13T05:17:58.656+0000] {dag.py:2573} INFO - Sync 1 DAGs
[2022-10-13T05:17:58.681+0000] {logging_mixin.py:117} INFO - [2022-10-13T05:17:58.681+0000] {dag.py:3328} INFO - Setting next_dagrun for latest_only_with_trigger to 2022-10-13T01:17:58.681201+00:00, run_after=2022-10-13T05:17:58.681201+00:00
[2022-10-13T05:17:58.698+0000] {processor.py:178} INFO - Processing /home/airflow/.local/lib/python3.7/site-packages/airflow/example_dags/example_latest_only_with_trigger.py took 0.116 seconds
[2022-10-13T05:18:29.290+0000] {processor.py:156} INFO - Started process (PID=2248) to work on /home/airflow/.local/lib/python3.7/site-packages/airflow/example_dags/example_latest_only_with_trigger.py
[2022-10-13T05:18:29.291+0000] {processor.py:758} INFO - Processing file /home/airflow/.local/lib/python3.7/site-packages/airflow/example_dags/example_latest_only_with_trigger.py for tasks to queue
[2022-10-13T05:18:29.291+0000] {logging_mixin.py:117} INFO - [2022-10-13T05:18:29.291+0000] {dagbag.py:525} INFO - Filling up the DagBag from /home/airflow/.local/lib/python3.7/site-packages/airflow/example_dags/example_latest_only_with_trigger.py
[2022-10-13T05:18:29.299+0000] {processor.py:768} INFO - DAG(s) dict_keys(['latest_only_with_trigger']) retrieved from /home/airflow/.local/lib/python3.7/site-packages/airflow/example_dags/example_latest_only_with_trigger.py
[2022-10-13T05:18:29.324+0000] {logging_mixin.py:117} INFO - [2022-10-13T05:18:29.324+0000] {dag.py:2573} INFO - Sync 1 DAGs
[2022-10-13T05:18:29.340+0000] {logging_mixin.py:117} INFO - [2022-10-13T05:18:29.339+0000] {dag.py:3328} INFO - Setting next_dagrun for latest_only_with_trigger to 2022-10-13T01:18:29.339810+00:00, run_after=2022-10-13T05:18:29.339810+00:00
[2022-10-13T05:18:29.352+0000] {processor.py:178} INFO - Processing /home/airflow/.local/lib/python3.7/site-packages/airflow/example_dags/example_latest_only_with_trigger.py took 0.065 seconds
[2022-10-13T05:18:59.891+0000] {processor.py:156} INFO - Started process (PID=2455) to work on /home/airflow/.local/lib/python3.7/site-packages/airflow/example_dags/example_latest_only_with_trigger.py
[2022-10-13T05:18:59.892+0000] {processor.py:758} INFO - Processing file /home/airflow/.local/lib/python3.7/site-packages/airflow/example_dags/example_latest_only_with_trigger.py for tasks to queue
[2022-10-13T05:18:59.892+0000] {logging_mixin.py:117} INFO - [2022-10-13T05:18:59.892+0000] {dagbag.py:525} INFO - Filling up the DagBag from /home/airflow/.local/lib/python3.7/site-packages/airflow/example_dags/example_latest_only_with_trigger.py
[2022-10-13T05:18:59.900+0000] {processor.py:768} INFO - DAG(s) dict_keys(['latest_only_with_trigger']) retrieved from /home/airflow/.local/lib/python3.7/site-packages/airflow/example_dags/example_latest_only_with_trigger.py
[2022-10-13T05:18:59.922+0000] {logging_mixin.py:117} INFO - [2022-10-13T05:18:59.922+0000] {dag.py:2573} INFO - Sync 1 DAGs
[2022-10-13T05:18:59.937+0000] {logging_mixin.py:117} INFO - [2022-10-13T05:18:59.937+0000] {dag.py:3328} INFO - Setting next_dagrun for latest_only_with_trigger to 2022-10-13T01:18:59.937255+00:00, run_after=2022-10-13T05:18:59.937255+00:00
[2022-10-13T05:18:59.948+0000] {processor.py:178} INFO - Processing /home/airflow/.local/lib/python3.7/site-packages/airflow/example_dags/example_latest_only_with_trigger.py took 0.059 seconds
