[2022-10-13T05:13:22.672+0000] {processor.py:156} INFO - Started process (PID=257) to work on /home/airflow/.local/lib/python3.7/site-packages/airflow/example_dags/example_nested_branch_dag.py
[2022-10-13T05:13:22.673+0000] {processor.py:758} INFO - Processing file /home/airflow/.local/lib/python3.7/site-packages/airflow/example_dags/example_nested_branch_dag.py for tasks to queue
[2022-10-13T05:13:22.673+0000] {logging_mixin.py:117} INFO - [2022-10-13T05:13:22.673+0000] {dagbag.py:525} INFO - Filling up the DagBag from /home/airflow/.local/lib/python3.7/site-packages/airflow/example_dags/example_nested_branch_dag.py
[2022-10-13T05:13:22.691+0000] {processor.py:768} INFO - DAG(s) dict_keys(['example_nested_branch_dag']) retrieved from /home/airflow/.local/lib/python3.7/site-packages/airflow/example_dags/example_nested_branch_dag.py
[2022-10-13T05:13:22.724+0000] {logging_mixin.py:117} INFO - [2022-10-13T05:13:22.724+0000] {dag.py:2573} INFO - Sync 1 DAGs
[2022-10-13T05:13:22.742+0000] {logging_mixin.py:117} INFO - [2022-10-13T05:13:22.742+0000] {dag.py:3328} INFO - Setting next_dagrun for example_nested_branch_dag to 2022-10-12T00:00:00+00:00, run_after=2022-10-13T00:00:00+00:00
[2022-10-13T05:13:22.754+0000] {processor.py:178} INFO - Processing /home/airflow/.local/lib/python3.7/site-packages/airflow/example_dags/example_nested_branch_dag.py took 0.083 seconds
[2022-10-13T05:13:53.702+0000] {processor.py:156} INFO - Started process (PID=464) to work on /home/airflow/.local/lib/python3.7/site-packages/airflow/example_dags/example_nested_branch_dag.py
[2022-10-13T05:13:53.703+0000] {processor.py:758} INFO - Processing file /home/airflow/.local/lib/python3.7/site-packages/airflow/example_dags/example_nested_branch_dag.py for tasks to queue
[2022-10-13T05:13:53.703+0000] {logging_mixin.py:117} INFO - [2022-10-13T05:13:53.703+0000] {dagbag.py:525} INFO - Filling up the DagBag from /home/airflow/.local/lib/python3.7/site-packages/airflow/example_dags/example_nested_branch_dag.py
[2022-10-13T05:13:53.719+0000] {processor.py:768} INFO - DAG(s) dict_keys(['example_nested_branch_dag']) retrieved from /home/airflow/.local/lib/python3.7/site-packages/airflow/example_dags/example_nested_branch_dag.py
[2022-10-13T05:13:53.740+0000] {logging_mixin.py:117} INFO - [2022-10-13T05:13:53.740+0000] {dag.py:2573} INFO - Sync 1 DAGs
[2022-10-13T05:13:53.824+0000] {logging_mixin.py:117} INFO - [2022-10-13T05:13:53.824+0000] {dag.py:3328} INFO - Setting next_dagrun for example_nested_branch_dag to 2022-10-12T00:00:00+00:00, run_after=2022-10-13T00:00:00+00:00
[2022-10-13T05:13:53.835+0000] {processor.py:178} INFO - Processing /home/airflow/.local/lib/python3.7/site-packages/airflow/example_dags/example_nested_branch_dag.py took 0.134 seconds
[2022-10-13T05:14:24.709+0000] {processor.py:156} INFO - Started process (PID=672) to work on /home/airflow/.local/lib/python3.7/site-packages/airflow/example_dags/example_nested_branch_dag.py
[2022-10-13T05:14:24.709+0000] {processor.py:758} INFO - Processing file /home/airflow/.local/lib/python3.7/site-packages/airflow/example_dags/example_nested_branch_dag.py for tasks to queue
[2022-10-13T05:14:24.710+0000] {logging_mixin.py:117} INFO - [2022-10-13T05:14:24.710+0000] {dagbag.py:525} INFO - Filling up the DagBag from /home/airflow/.local/lib/python3.7/site-packages/airflow/example_dags/example_nested_branch_dag.py
[2022-10-13T05:14:24.725+0000] {processor.py:768} INFO - DAG(s) dict_keys(['example_nested_branch_dag']) retrieved from /home/airflow/.local/lib/python3.7/site-packages/airflow/example_dags/example_nested_branch_dag.py
[2022-10-13T05:14:24.825+0000] {logging_mixin.py:117} INFO - [2022-10-13T05:14:24.825+0000] {dag.py:2573} INFO - Sync 1 DAGs
[2022-10-13T05:14:24.840+0000] {logging_mixin.py:117} INFO - [2022-10-13T05:14:24.840+0000] {dag.py:3328} INFO - Setting next_dagrun for example_nested_branch_dag to 2022-10-12T00:00:00+00:00, run_after=2022-10-13T00:00:00+00:00
[2022-10-13T05:14:24.851+0000] {processor.py:178} INFO - Processing /home/airflow/.local/lib/python3.7/site-packages/airflow/example_dags/example_nested_branch_dag.py took 0.144 seconds
[2022-10-13T05:14:55.533+0000] {processor.py:156} INFO - Started process (PID=879) to work on /home/airflow/.local/lib/python3.7/site-packages/airflow/example_dags/example_nested_branch_dag.py
[2022-10-13T05:14:55.534+0000] {processor.py:758} INFO - Processing file /home/airflow/.local/lib/python3.7/site-packages/airflow/example_dags/example_nested_branch_dag.py for tasks to queue
[2022-10-13T05:14:55.534+0000] {logging_mixin.py:117} INFO - [2022-10-13T05:14:55.534+0000] {dagbag.py:525} INFO - Filling up the DagBag from /home/airflow/.local/lib/python3.7/site-packages/airflow/example_dags/example_nested_branch_dag.py
[2022-10-13T05:14:55.549+0000] {processor.py:768} INFO - DAG(s) dict_keys(['example_nested_branch_dag']) retrieved from /home/airflow/.local/lib/python3.7/site-packages/airflow/example_dags/example_nested_branch_dag.py
[2022-10-13T05:14:55.641+0000] {logging_mixin.py:117} INFO - [2022-10-13T05:14:55.641+0000] {dag.py:2573} INFO - Sync 1 DAGs
[2022-10-13T05:14:55.655+0000] {logging_mixin.py:117} INFO - [2022-10-13T05:14:55.655+0000] {dag.py:3328} INFO - Setting next_dagrun for example_nested_branch_dag to 2022-10-12T00:00:00+00:00, run_after=2022-10-13T00:00:00+00:00
[2022-10-13T05:14:55.665+0000] {processor.py:178} INFO - Processing /home/airflow/.local/lib/python3.7/site-packages/airflow/example_dags/example_nested_branch_dag.py took 0.134 seconds
[2022-10-13T05:15:26.224+0000] {processor.py:156} INFO - Started process (PID=1077) to work on /home/airflow/.local/lib/python3.7/site-packages/airflow/example_dags/example_nested_branch_dag.py
[2022-10-13T05:15:26.225+0000] {processor.py:758} INFO - Processing file /home/airflow/.local/lib/python3.7/site-packages/airflow/example_dags/example_nested_branch_dag.py for tasks to queue
[2022-10-13T05:15:26.225+0000] {logging_mixin.py:117} INFO - [2022-10-13T05:15:26.225+0000] {dagbag.py:525} INFO - Filling up the DagBag from /home/airflow/.local/lib/python3.7/site-packages/airflow/example_dags/example_nested_branch_dag.py
[2022-10-13T05:15:26.310+0000] {processor.py:768} INFO - DAG(s) dict_keys(['example_nested_branch_dag']) retrieved from /home/airflow/.local/lib/python3.7/site-packages/airflow/example_dags/example_nested_branch_dag.py
[2022-10-13T05:15:26.329+0000] {logging_mixin.py:117} INFO - [2022-10-13T05:15:26.329+0000] {dag.py:2573} INFO - Sync 1 DAGs
[2022-10-13T05:15:26.344+0000] {logging_mixin.py:117} INFO - [2022-10-13T05:15:26.344+0000] {dag.py:3328} INFO - Setting next_dagrun for example_nested_branch_dag to 2022-10-12T00:00:00+00:00, run_after=2022-10-13T00:00:00+00:00
[2022-10-13T05:15:26.353+0000] {processor.py:178} INFO - Processing /home/airflow/.local/lib/python3.7/site-packages/airflow/example_dags/example_nested_branch_dag.py took 0.131 seconds
[2022-10-13T05:15:57.006+0000] {processor.py:156} INFO - Started process (PID=1284) to work on /home/airflow/.local/lib/python3.7/site-packages/airflow/example_dags/example_nested_branch_dag.py
[2022-10-13T05:15:57.006+0000] {processor.py:758} INFO - Processing file /home/airflow/.local/lib/python3.7/site-packages/airflow/example_dags/example_nested_branch_dag.py for tasks to queue
[2022-10-13T05:15:57.006+0000] {logging_mixin.py:117} INFO - [2022-10-13T05:15:57.006+0000] {dagbag.py:525} INFO - Filling up the DagBag from /home/airflow/.local/lib/python3.7/site-packages/airflow/example_dags/example_nested_branch_dag.py
[2022-10-13T05:15:57.090+0000] {processor.py:768} INFO - DAG(s) dict_keys(['example_nested_branch_dag']) retrieved from /home/airflow/.local/lib/python3.7/site-packages/airflow/example_dags/example_nested_branch_dag.py
[2022-10-13T05:15:57.109+0000] {logging_mixin.py:117} INFO - [2022-10-13T05:15:57.108+0000] {dag.py:2573} INFO - Sync 1 DAGs
[2022-10-13T05:15:57.123+0000] {logging_mixin.py:117} INFO - [2022-10-13T05:15:57.123+0000] {dag.py:3328} INFO - Setting next_dagrun for example_nested_branch_dag to 2022-10-12T00:00:00+00:00, run_after=2022-10-13T00:00:00+00:00
[2022-10-13T05:15:57.133+0000] {processor.py:178} INFO - Processing /home/airflow/.local/lib/python3.7/site-packages/airflow/example_dags/example_nested_branch_dag.py took 0.129 seconds
[2022-10-13T05:16:27.278+0000] {processor.py:156} INFO - Started process (PID=1489) to work on /home/airflow/.local/lib/python3.7/site-packages/airflow/example_dags/example_nested_branch_dag.py
[2022-10-13T05:16:27.279+0000] {processor.py:758} INFO - Processing file /home/airflow/.local/lib/python3.7/site-packages/airflow/example_dags/example_nested_branch_dag.py for tasks to queue
[2022-10-13T05:16:27.279+0000] {logging_mixin.py:117} INFO - [2022-10-13T05:16:27.279+0000] {dagbag.py:525} INFO - Filling up the DagBag from /home/airflow/.local/lib/python3.7/site-packages/airflow/example_dags/example_nested_branch_dag.py
[2022-10-13T05:16:27.294+0000] {processor.py:768} INFO - DAG(s) dict_keys(['example_nested_branch_dag']) retrieved from /home/airflow/.local/lib/python3.7/site-packages/airflow/example_dags/example_nested_branch_dag.py
[2022-10-13T05:16:27.319+0000] {logging_mixin.py:117} INFO - [2022-10-13T05:16:27.319+0000] {dag.py:2573} INFO - Sync 1 DAGs
[2022-10-13T05:16:27.334+0000] {logging_mixin.py:117} INFO - [2022-10-13T05:16:27.334+0000] {dag.py:3328} INFO - Setting next_dagrun for example_nested_branch_dag to 2022-10-12T00:00:00+00:00, run_after=2022-10-13T00:00:00+00:00
[2022-10-13T05:16:27.346+0000] {processor.py:178} INFO - Processing /home/airflow/.local/lib/python3.7/site-packages/airflow/example_dags/example_nested_branch_dag.py took 0.069 seconds
[2022-10-13T05:16:57.874+0000] {processor.py:156} INFO - Started process (PID=1696) to work on /home/airflow/.local/lib/python3.7/site-packages/airflow/example_dags/example_nested_branch_dag.py
[2022-10-13T05:16:57.874+0000] {processor.py:758} INFO - Processing file /home/airflow/.local/lib/python3.7/site-packages/airflow/example_dags/example_nested_branch_dag.py for tasks to queue
[2022-10-13T05:16:57.875+0000] {logging_mixin.py:117} INFO - [2022-10-13T05:16:57.875+0000] {dagbag.py:525} INFO - Filling up the DagBag from /home/airflow/.local/lib/python3.7/site-packages/airflow/example_dags/example_nested_branch_dag.py
[2022-10-13T05:16:57.891+0000] {processor.py:768} INFO - DAG(s) dict_keys(['example_nested_branch_dag']) retrieved from /home/airflow/.local/lib/python3.7/site-packages/airflow/example_dags/example_nested_branch_dag.py
[2022-10-13T05:16:57.915+0000] {logging_mixin.py:117} INFO - [2022-10-13T05:16:57.915+0000] {dag.py:2573} INFO - Sync 1 DAGs
[2022-10-13T05:16:57.932+0000] {logging_mixin.py:117} INFO - [2022-10-13T05:16:57.932+0000] {dag.py:3328} INFO - Setting next_dagrun for example_nested_branch_dag to 2022-10-12T00:00:00+00:00, run_after=2022-10-13T00:00:00+00:00
[2022-10-13T05:16:57.945+0000] {processor.py:178} INFO - Processing /home/airflow/.local/lib/python3.7/site-packages/airflow/example_dags/example_nested_branch_dag.py took 0.073 seconds
[2022-10-13T05:17:28.515+0000] {processor.py:156} INFO - Started process (PID=1903) to work on /home/airflow/.local/lib/python3.7/site-packages/airflow/example_dags/example_nested_branch_dag.py
[2022-10-13T05:17:28.516+0000] {processor.py:758} INFO - Processing file /home/airflow/.local/lib/python3.7/site-packages/airflow/example_dags/example_nested_branch_dag.py for tasks to queue
[2022-10-13T05:17:28.516+0000] {logging_mixin.py:117} INFO - [2022-10-13T05:17:28.516+0000] {dagbag.py:525} INFO - Filling up the DagBag from /home/airflow/.local/lib/python3.7/site-packages/airflow/example_dags/example_nested_branch_dag.py
[2022-10-13T05:17:28.531+0000] {processor.py:768} INFO - DAG(s) dict_keys(['example_nested_branch_dag']) retrieved from /home/airflow/.local/lib/python3.7/site-packages/airflow/example_dags/example_nested_branch_dag.py
[2022-10-13T05:17:28.554+0000] {logging_mixin.py:117} INFO - [2022-10-13T05:17:28.554+0000] {dag.py:2573} INFO - Sync 1 DAGs
[2022-10-13T05:17:28.570+0000] {logging_mixin.py:117} INFO - [2022-10-13T05:17:28.570+0000] {dag.py:3328} INFO - Setting next_dagrun for example_nested_branch_dag to 2022-10-12T00:00:00+00:00, run_after=2022-10-13T00:00:00+00:00
[2022-10-13T05:17:28.581+0000] {processor.py:178} INFO - Processing /home/airflow/.local/lib/python3.7/site-packages/airflow/example_dags/example_nested_branch_dag.py took 0.067 seconds
[2022-10-13T05:17:59.203+0000] {processor.py:156} INFO - Started process (PID=2110) to work on /home/airflow/.local/lib/python3.7/site-packages/airflow/example_dags/example_nested_branch_dag.py
[2022-10-13T05:17:59.203+0000] {processor.py:758} INFO - Processing file /home/airflow/.local/lib/python3.7/site-packages/airflow/example_dags/example_nested_branch_dag.py for tasks to queue
[2022-10-13T05:17:59.204+0000] {logging_mixin.py:117} INFO - [2022-10-13T05:17:59.203+0000] {dagbag.py:525} INFO - Filling up the DagBag from /home/airflow/.local/lib/python3.7/site-packages/airflow/example_dags/example_nested_branch_dag.py
[2022-10-13T05:17:59.219+0000] {processor.py:768} INFO - DAG(s) dict_keys(['example_nested_branch_dag']) retrieved from /home/airflow/.local/lib/python3.7/site-packages/airflow/example_dags/example_nested_branch_dag.py
[2022-10-13T05:17:59.245+0000] {logging_mixin.py:117} INFO - [2022-10-13T05:17:59.244+0000] {dag.py:2573} INFO - Sync 1 DAGs
[2022-10-13T05:17:59.261+0000] {logging_mixin.py:117} INFO - [2022-10-13T05:17:59.261+0000] {dag.py:3328} INFO - Setting next_dagrun for example_nested_branch_dag to 2022-10-12T00:00:00+00:00, run_after=2022-10-13T00:00:00+00:00
[2022-10-13T05:17:59.273+0000] {processor.py:178} INFO - Processing /home/airflow/.local/lib/python3.7/site-packages/airflow/example_dags/example_nested_branch_dag.py took 0.073 seconds
[2022-10-13T05:18:29.831+0000] {processor.py:156} INFO - Started process (PID=2308) to work on /home/airflow/.local/lib/python3.7/site-packages/airflow/example_dags/example_nested_branch_dag.py
[2022-10-13T05:18:29.831+0000] {processor.py:758} INFO - Processing file /home/airflow/.local/lib/python3.7/site-packages/airflow/example_dags/example_nested_branch_dag.py for tasks to queue
[2022-10-13T05:18:29.831+0000] {logging_mixin.py:117} INFO - [2022-10-13T05:18:29.831+0000] {dagbag.py:525} INFO - Filling up the DagBag from /home/airflow/.local/lib/python3.7/site-packages/airflow/example_dags/example_nested_branch_dag.py
[2022-10-13T05:18:29.846+0000] {processor.py:768} INFO - DAG(s) dict_keys(['example_nested_branch_dag']) retrieved from /home/airflow/.local/lib/python3.7/site-packages/airflow/example_dags/example_nested_branch_dag.py
[2022-10-13T05:18:29.870+0000] {logging_mixin.py:117} INFO - [2022-10-13T05:18:29.870+0000] {dag.py:2573} INFO - Sync 1 DAGs
[2022-10-13T05:18:29.886+0000] {logging_mixin.py:117} INFO - [2022-10-13T05:18:29.886+0000] {dag.py:3328} INFO - Setting next_dagrun for example_nested_branch_dag to 2022-10-12T00:00:00+00:00, run_after=2022-10-13T00:00:00+00:00
[2022-10-13T05:18:29.897+0000] {processor.py:178} INFO - Processing /home/airflow/.local/lib/python3.7/site-packages/airflow/example_dags/example_nested_branch_dag.py took 0.068 seconds
[2022-10-13T05:19:00.420+0000] {processor.py:156} INFO - Started process (PID=2515) to work on /home/airflow/.local/lib/python3.7/site-packages/airflow/example_dags/example_nested_branch_dag.py
[2022-10-13T05:19:00.421+0000] {processor.py:758} INFO - Processing file /home/airflow/.local/lib/python3.7/site-packages/airflow/example_dags/example_nested_branch_dag.py for tasks to queue
[2022-10-13T05:19:00.421+0000] {logging_mixin.py:117} INFO - [2022-10-13T05:19:00.421+0000] {dagbag.py:525} INFO - Filling up the DagBag from /home/airflow/.local/lib/python3.7/site-packages/airflow/example_dags/example_nested_branch_dag.py
[2022-10-13T05:19:00.436+0000] {processor.py:768} INFO - DAG(s) dict_keys(['example_nested_branch_dag']) retrieved from /home/airflow/.local/lib/python3.7/site-packages/airflow/example_dags/example_nested_branch_dag.py
[2022-10-13T05:19:00.458+0000] {logging_mixin.py:117} INFO - [2022-10-13T05:19:00.458+0000] {dag.py:2573} INFO - Sync 1 DAGs
[2022-10-13T05:19:00.474+0000] {logging_mixin.py:117} INFO - [2022-10-13T05:19:00.473+0000] {dag.py:3328} INFO - Setting next_dagrun for example_nested_branch_dag to 2022-10-12T00:00:00+00:00, run_after=2022-10-13T00:00:00+00:00
[2022-10-13T05:19:00.485+0000] {processor.py:178} INFO - Processing /home/airflow/.local/lib/python3.7/site-packages/airflow/example_dags/example_nested_branch_dag.py took 0.066 seconds
