[2022-10-13T05:13:22.287+0000] {processor.py:156} INFO - Started process (PID=212) to work on /home/airflow/.local/lib/python3.7/site-packages/airflow/example_dags/example_latest_only.py
[2022-10-13T05:13:22.287+0000] {processor.py:758} INFO - Processing file /home/airflow/.local/lib/python3.7/site-packages/airflow/example_dags/example_latest_only.py for tasks to queue
[2022-10-13T05:13:22.287+0000] {logging_mixin.py:117} INFO - [2022-10-13T05:13:22.287+0000] {dagbag.py:525} INFO - Filling up the DagBag from /home/airflow/.local/lib/python3.7/site-packages/airflow/example_dags/example_latest_only.py
[2022-10-13T05:13:22.295+0000] {processor.py:768} INFO - DAG(s) dict_keys(['latest_only']) retrieved from /home/airflow/.local/lib/python3.7/site-packages/airflow/example_dags/example_latest_only.py
[2022-10-13T05:13:22.310+0000] {logging_mixin.py:117} INFO - [2022-10-13T05:13:22.310+0000] {dag.py:2573} INFO - Sync 1 DAGs
[2022-10-13T05:13:22.330+0000] {logging_mixin.py:117} INFO - [2022-10-13T05:13:22.330+0000] {dag.py:3328} INFO - Setting next_dagrun for latest_only to 2022-10-13T01:13:22.330141+00:00, run_after=2022-10-13T05:13:22.330141+00:00
[2022-10-13T05:13:22.401+0000] {processor.py:178} INFO - Processing /home/airflow/.local/lib/python3.7/site-packages/airflow/example_dags/example_latest_only.py took 0.116 seconds
[2022-10-13T05:13:53.032+0000] {processor.py:156} INFO - Started process (PID=419) to work on /home/airflow/.local/lib/python3.7/site-packages/airflow/example_dags/example_latest_only.py
[2022-10-13T05:13:53.033+0000] {processor.py:758} INFO - Processing file /home/airflow/.local/lib/python3.7/site-packages/airflow/example_dags/example_latest_only.py for tasks to queue
[2022-10-13T05:13:53.033+0000] {logging_mixin.py:117} INFO - [2022-10-13T05:13:53.033+0000] {dagbag.py:525} INFO - Filling up the DagBag from /home/airflow/.local/lib/python3.7/site-packages/airflow/example_dags/example_latest_only.py
[2022-10-13T05:13:53.042+0000] {processor.py:768} INFO - DAG(s) dict_keys(['latest_only']) retrieved from /home/airflow/.local/lib/python3.7/site-packages/airflow/example_dags/example_latest_only.py
[2022-10-13T05:13:53.062+0000] {logging_mixin.py:117} INFO - [2022-10-13T05:13:53.062+0000] {dag.py:2573} INFO - Sync 1 DAGs
[2022-10-13T05:13:53.077+0000] {logging_mixin.py:117} INFO - [2022-10-13T05:13:53.077+0000] {dag.py:3328} INFO - Setting next_dagrun for latest_only to 2022-10-13T01:13:53.076955+00:00, run_after=2022-10-13T05:13:53.076955+00:00
[2022-10-13T05:13:53.156+0000] {processor.py:178} INFO - Processing /home/airflow/.local/lib/python3.7/site-packages/airflow/example_dags/example_latest_only.py took 0.126 seconds
[2022-10-13T05:14:24.023+0000] {processor.py:156} INFO - Started process (PID=627) to work on /home/airflow/.local/lib/python3.7/site-packages/airflow/example_dags/example_latest_only.py
[2022-10-13T05:14:24.030+0000] {processor.py:758} INFO - Processing file /home/airflow/.local/lib/python3.7/site-packages/airflow/example_dags/example_latest_only.py for tasks to queue
[2022-10-13T05:14:24.031+0000] {logging_mixin.py:117} INFO - [2022-10-13T05:14:24.031+0000] {dagbag.py:525} INFO - Filling up the DagBag from /home/airflow/.local/lib/python3.7/site-packages/airflow/example_dags/example_latest_only.py
[2022-10-13T05:14:24.038+0000] {processor.py:768} INFO - DAG(s) dict_keys(['latest_only']) retrieved from /home/airflow/.local/lib/python3.7/site-packages/airflow/example_dags/example_latest_only.py
[2022-10-13T05:14:24.060+0000] {logging_mixin.py:117} INFO - [2022-10-13T05:14:24.060+0000] {dag.py:2573} INFO - Sync 1 DAGs
[2022-10-13T05:14:24.146+0000] {logging_mixin.py:117} INFO - [2022-10-13T05:14:24.146+0000] {dag.py:3328} INFO - Setting next_dagrun for latest_only to 2022-10-13T01:14:24.146128+00:00, run_after=2022-10-13T05:14:24.146128+00:00
[2022-10-13T05:14:24.157+0000] {processor.py:178} INFO - Processing /home/airflow/.local/lib/python3.7/site-packages/airflow/example_dags/example_latest_only.py took 0.136 seconds
[2022-10-13T05:14:54.852+0000] {processor.py:156} INFO - Started process (PID=834) to work on /home/airflow/.local/lib/python3.7/site-packages/airflow/example_dags/example_latest_only.py
[2022-10-13T05:14:54.852+0000] {processor.py:758} INFO - Processing file /home/airflow/.local/lib/python3.7/site-packages/airflow/example_dags/example_latest_only.py for tasks to queue
[2022-10-13T05:14:54.852+0000] {logging_mixin.py:117} INFO - [2022-10-13T05:14:54.852+0000] {dagbag.py:525} INFO - Filling up the DagBag from /home/airflow/.local/lib/python3.7/site-packages/airflow/example_dags/example_latest_only.py
[2022-10-13T05:14:54.860+0000] {processor.py:768} INFO - DAG(s) dict_keys(['latest_only']) retrieved from /home/airflow/.local/lib/python3.7/site-packages/airflow/example_dags/example_latest_only.py
[2022-10-13T05:14:54.960+0000] {logging_mixin.py:117} INFO - [2022-10-13T05:14:54.959+0000] {dag.py:2573} INFO - Sync 1 DAGs
[2022-10-13T05:14:54.975+0000] {logging_mixin.py:117} INFO - [2022-10-13T05:14:54.975+0000] {dag.py:3328} INFO - Setting next_dagrun for latest_only to 2022-10-13T01:14:54.974991+00:00, run_after=2022-10-13T05:14:54.974991+00:00
[2022-10-13T05:14:54.987+0000] {processor.py:178} INFO - Processing /home/airflow/.local/lib/python3.7/site-packages/airflow/example_dags/example_latest_only.py took 0.137 seconds
[2022-10-13T05:15:25.566+0000] {processor.py:156} INFO - Started process (PID=1032) to work on /home/airflow/.local/lib/python3.7/site-packages/airflow/example_dags/example_latest_only.py
[2022-10-13T05:15:25.566+0000] {processor.py:758} INFO - Processing file /home/airflow/.local/lib/python3.7/site-packages/airflow/example_dags/example_latest_only.py for tasks to queue
[2022-10-13T05:15:25.567+0000] {logging_mixin.py:117} INFO - [2022-10-13T05:15:25.567+0000] {dagbag.py:525} INFO - Filling up the DagBag from /home/airflow/.local/lib/python3.7/site-packages/airflow/example_dags/example_latest_only.py
[2022-10-13T05:15:25.574+0000] {processor.py:768} INFO - DAG(s) dict_keys(['latest_only']) retrieved from /home/airflow/.local/lib/python3.7/site-packages/airflow/example_dags/example_latest_only.py
[2022-10-13T05:15:25.665+0000] {logging_mixin.py:117} INFO - [2022-10-13T05:15:25.665+0000] {dag.py:2573} INFO - Sync 1 DAGs
[2022-10-13T05:15:25.679+0000] {logging_mixin.py:117} INFO - [2022-10-13T05:15:25.679+0000] {dag.py:3328} INFO - Setting next_dagrun for latest_only to 2022-10-13T01:15:25.679601+00:00, run_after=2022-10-13T05:15:25.679601+00:00
[2022-10-13T05:15:25.690+0000] {processor.py:178} INFO - Processing /home/airflow/.local/lib/python3.7/site-packages/airflow/example_dags/example_latest_only.py took 0.125 seconds
[2022-10-13T05:15:56.343+0000] {processor.py:156} INFO - Started process (PID=1239) to work on /home/airflow/.local/lib/python3.7/site-packages/airflow/example_dags/example_latest_only.py
[2022-10-13T05:15:56.344+0000] {processor.py:758} INFO - Processing file /home/airflow/.local/lib/python3.7/site-packages/airflow/example_dags/example_latest_only.py for tasks to queue
[2022-10-13T05:15:56.344+0000] {logging_mixin.py:117} INFO - [2022-10-13T05:15:56.344+0000] {dagbag.py:525} INFO - Filling up the DagBag from /home/airflow/.local/lib/python3.7/site-packages/airflow/example_dags/example_latest_only.py
[2022-10-13T05:15:56.424+0000] {processor.py:768} INFO - DAG(s) dict_keys(['latest_only']) retrieved from /home/airflow/.local/lib/python3.7/site-packages/airflow/example_dags/example_latest_only.py
[2022-10-13T05:15:56.444+0000] {logging_mixin.py:117} INFO - [2022-10-13T05:15:56.444+0000] {dag.py:2573} INFO - Sync 1 DAGs
[2022-10-13T05:15:56.458+0000] {logging_mixin.py:117} INFO - [2022-10-13T05:15:56.457+0000] {dag.py:3328} INFO - Setting next_dagrun for latest_only to 2022-10-13T01:15:56.457871+00:00, run_after=2022-10-13T05:15:56.457871+00:00
[2022-10-13T05:15:56.468+0000] {processor.py:178} INFO - Processing /home/airflow/.local/lib/python3.7/site-packages/airflow/example_dags/example_latest_only.py took 0.127 seconds
[2022-10-13T05:16:26.875+0000] {processor.py:156} INFO - Started process (PID=1444) to work on /home/airflow/.local/lib/python3.7/site-packages/airflow/example_dags/example_latest_only.py
[2022-10-13T05:16:26.876+0000] {processor.py:758} INFO - Processing file /home/airflow/.local/lib/python3.7/site-packages/airflow/example_dags/example_latest_only.py for tasks to queue
[2022-10-13T05:16:26.876+0000] {logging_mixin.py:117} INFO - [2022-10-13T05:16:26.876+0000] {dagbag.py:525} INFO - Filling up the DagBag from /home/airflow/.local/lib/python3.7/site-packages/airflow/example_dags/example_latest_only.py
[2022-10-13T05:16:26.884+0000] {processor.py:768} INFO - DAG(s) dict_keys(['latest_only']) retrieved from /home/airflow/.local/lib/python3.7/site-packages/airflow/example_dags/example_latest_only.py
[2022-10-13T05:16:26.907+0000] {logging_mixin.py:117} INFO - [2022-10-13T05:16:26.907+0000] {dag.py:2573} INFO - Sync 1 DAGs
[2022-10-13T05:16:26.922+0000] {logging_mixin.py:117} INFO - [2022-10-13T05:16:26.922+0000] {dag.py:3328} INFO - Setting next_dagrun for latest_only to 2022-10-13T01:16:26.922390+00:00, run_after=2022-10-13T05:16:26.922390+00:00
[2022-10-13T05:16:26.933+0000] {processor.py:178} INFO - Processing /home/airflow/.local/lib/python3.7/site-packages/airflow/example_dags/example_latest_only.py took 0.060 seconds
[2022-10-13T05:16:57.464+0000] {processor.py:156} INFO - Started process (PID=1651) to work on /home/airflow/.local/lib/python3.7/site-packages/airflow/example_dags/example_latest_only.py
[2022-10-13T05:16:57.464+0000] {processor.py:758} INFO - Processing file /home/airflow/.local/lib/python3.7/site-packages/airflow/example_dags/example_latest_only.py for tasks to queue
[2022-10-13T05:16:57.465+0000] {logging_mixin.py:117} INFO - [2022-10-13T05:16:57.464+0000] {dagbag.py:525} INFO - Filling up the DagBag from /home/airflow/.local/lib/python3.7/site-packages/airflow/example_dags/example_latest_only.py
[2022-10-13T05:16:57.473+0000] {processor.py:768} INFO - DAG(s) dict_keys(['latest_only']) retrieved from /home/airflow/.local/lib/python3.7/site-packages/airflow/example_dags/example_latest_only.py
[2022-10-13T05:16:57.496+0000] {logging_mixin.py:117} INFO - [2022-10-13T05:16:57.496+0000] {dag.py:2573} INFO - Sync 1 DAGs
[2022-10-13T05:16:57.511+0000] {logging_mixin.py:117} INFO - [2022-10-13T05:16:57.511+0000] {dag.py:3328} INFO - Setting next_dagrun for latest_only to 2022-10-13T01:16:57.511571+00:00, run_after=2022-10-13T05:16:57.511571+00:00
[2022-10-13T05:16:57.523+0000] {processor.py:178} INFO - Processing /home/airflow/.local/lib/python3.7/site-packages/airflow/example_dags/example_latest_only.py took 0.060 seconds
[2022-10-13T05:17:28.117+0000] {processor.py:156} INFO - Started process (PID=1858) to work on /home/airflow/.local/lib/python3.7/site-packages/airflow/example_dags/example_latest_only.py
[2022-10-13T05:17:28.118+0000] {processor.py:758} INFO - Processing file /home/airflow/.local/lib/python3.7/site-packages/airflow/example_dags/example_latest_only.py for tasks to queue
[2022-10-13T05:17:28.118+0000] {logging_mixin.py:117} INFO - [2022-10-13T05:17:28.118+0000] {dagbag.py:525} INFO - Filling up the DagBag from /home/airflow/.local/lib/python3.7/site-packages/airflow/example_dags/example_latest_only.py
[2022-10-13T05:17:28.126+0000] {processor.py:768} INFO - DAG(s) dict_keys(['latest_only']) retrieved from /home/airflow/.local/lib/python3.7/site-packages/airflow/example_dags/example_latest_only.py
[2022-10-13T05:17:28.149+0000] {logging_mixin.py:117} INFO - [2022-10-13T05:17:28.149+0000] {dag.py:2573} INFO - Sync 1 DAGs
[2022-10-13T05:17:28.163+0000] {logging_mixin.py:117} INFO - [2022-10-13T05:17:28.163+0000] {dag.py:3328} INFO - Setting next_dagrun for latest_only to 2022-10-13T01:17:28.163584+00:00, run_after=2022-10-13T05:17:28.163584+00:00
[2022-10-13T05:17:28.175+0000] {processor.py:178} INFO - Processing /home/airflow/.local/lib/python3.7/site-packages/airflow/example_dags/example_latest_only.py took 0.060 seconds
[2022-10-13T05:17:58.756+0000] {processor.py:156} INFO - Started process (PID=2063) to work on /home/airflow/.local/lib/python3.7/site-packages/airflow/example_dags/example_latest_only.py
[2022-10-13T05:17:58.756+0000] {processor.py:758} INFO - Processing file /home/airflow/.local/lib/python3.7/site-packages/airflow/example_dags/example_latest_only.py for tasks to queue
[2022-10-13T05:17:58.757+0000] {logging_mixin.py:117} INFO - [2022-10-13T05:17:58.756+0000] {dagbag.py:525} INFO - Filling up the DagBag from /home/airflow/.local/lib/python3.7/site-packages/airflow/example_dags/example_latest_only.py
[2022-10-13T05:17:58.765+0000] {processor.py:768} INFO - DAG(s) dict_keys(['latest_only']) retrieved from /home/airflow/.local/lib/python3.7/site-packages/airflow/example_dags/example_latest_only.py
[2022-10-13T05:17:58.790+0000] {logging_mixin.py:117} INFO - [2022-10-13T05:17:58.790+0000] {dag.py:2573} INFO - Sync 1 DAGs
[2022-10-13T05:17:58.806+0000] {logging_mixin.py:117} INFO - [2022-10-13T05:17:58.806+0000] {dag.py:3328} INFO - Setting next_dagrun for latest_only to 2022-10-13T01:17:58.806449+00:00, run_after=2022-10-13T05:17:58.806449+00:00
[2022-10-13T05:17:58.818+0000] {processor.py:178} INFO - Processing /home/airflow/.local/lib/python3.7/site-packages/airflow/example_dags/example_latest_only.py took 0.064 seconds
[2022-10-13T05:18:29.427+0000] {processor.py:156} INFO - Started process (PID=2263) to work on /home/airflow/.local/lib/python3.7/site-packages/airflow/example_dags/example_latest_only.py
[2022-10-13T05:18:29.427+0000] {processor.py:758} INFO - Processing file /home/airflow/.local/lib/python3.7/site-packages/airflow/example_dags/example_latest_only.py for tasks to queue
[2022-10-13T05:18:29.428+0000] {logging_mixin.py:117} INFO - [2022-10-13T05:18:29.428+0000] {dagbag.py:525} INFO - Filling up the DagBag from /home/airflow/.local/lib/python3.7/site-packages/airflow/example_dags/example_latest_only.py
[2022-10-13T05:18:29.435+0000] {processor.py:768} INFO - DAG(s) dict_keys(['latest_only']) retrieved from /home/airflow/.local/lib/python3.7/site-packages/airflow/example_dags/example_latest_only.py
[2022-10-13T05:18:29.459+0000] {logging_mixin.py:117} INFO - [2022-10-13T05:18:29.458+0000] {dag.py:2573} INFO - Sync 1 DAGs
[2022-10-13T05:18:29.474+0000] {logging_mixin.py:117} INFO - [2022-10-13T05:18:29.474+0000] {dag.py:3328} INFO - Setting next_dagrun for latest_only to 2022-10-13T01:18:29.474493+00:00, run_after=2022-10-13T05:18:29.474493+00:00
[2022-10-13T05:18:29.485+0000] {processor.py:178} INFO - Processing /home/airflow/.local/lib/python3.7/site-packages/airflow/example_dags/example_latest_only.py took 0.060 seconds
[2022-10-13T05:19:00.025+0000] {processor.py:156} INFO - Started process (PID=2470) to work on /home/airflow/.local/lib/python3.7/site-packages/airflow/example_dags/example_latest_only.py
[2022-10-13T05:19:00.026+0000] {processor.py:758} INFO - Processing file /home/airflow/.local/lib/python3.7/site-packages/airflow/example_dags/example_latest_only.py for tasks to queue
[2022-10-13T05:19:00.026+0000] {logging_mixin.py:117} INFO - [2022-10-13T05:19:00.026+0000] {dagbag.py:525} INFO - Filling up the DagBag from /home/airflow/.local/lib/python3.7/site-packages/airflow/example_dags/example_latest_only.py
[2022-10-13T05:19:00.033+0000] {processor.py:768} INFO - DAG(s) dict_keys(['latest_only']) retrieved from /home/airflow/.local/lib/python3.7/site-packages/airflow/example_dags/example_latest_only.py
[2022-10-13T05:19:00.057+0000] {logging_mixin.py:117} INFO - [2022-10-13T05:19:00.057+0000] {dag.py:2573} INFO - Sync 1 DAGs
[2022-10-13T05:19:00.071+0000] {logging_mixin.py:117} INFO - [2022-10-13T05:19:00.071+0000] {dag.py:3328} INFO - Setting next_dagrun for latest_only to 2022-10-13T01:19:00.071221+00:00, run_after=2022-10-13T05:19:00.071221+00:00
[2022-10-13T05:19:00.082+0000] {processor.py:178} INFO - Processing /home/airflow/.local/lib/python3.7/site-packages/airflow/example_dags/example_latest_only.py took 0.058 seconds
