[2022-10-13T05:13:22.426+0000] {processor.py:156} INFO - Started process (PID=222) to work on /home/airflow/.local/lib/python3.7/site-packages/airflow/example_dags/example_time_delta_sensor_async.py
[2022-10-13T05:13:22.427+0000] {processor.py:758} INFO - Processing file /home/airflow/.local/lib/python3.7/site-packages/airflow/example_dags/example_time_delta_sensor_async.py for tasks to queue
[2022-10-13T05:13:22.427+0000] {logging_mixin.py:117} INFO - [2022-10-13T05:13:22.427+0000] {dagbag.py:525} INFO - Filling up the DagBag from /home/airflow/.local/lib/python3.7/site-packages/airflow/example_dags/example_time_delta_sensor_async.py
[2022-10-13T05:13:22.435+0000] {processor.py:768} INFO - DAG(s) dict_keys(['example_time_delta_sensor_async']) retrieved from /home/airflow/.local/lib/python3.7/site-packages/airflow/example_dags/example_time_delta_sensor_async.py
[2022-10-13T05:13:22.450+0000] {logging_mixin.py:117} INFO - [2022-10-13T05:13:22.450+0000] {dag.py:2573} INFO - Sync 1 DAGs
[2022-10-13T05:13:22.465+0000] {logging_mixin.py:117} INFO - [2022-10-13T05:13:22.465+0000] {dag.py:3328} INFO - Setting next_dagrun for example_time_delta_sensor_async to None, run_after=None
[2022-10-13T05:13:22.477+0000] {processor.py:178} INFO - Processing /home/airflow/.local/lib/python3.7/site-packages/airflow/example_dags/example_time_delta_sensor_async.py took 0.052 seconds
[2022-10-13T05:13:53.171+0000] {processor.py:156} INFO - Started process (PID=429) to work on /home/airflow/.local/lib/python3.7/site-packages/airflow/example_dags/example_time_delta_sensor_async.py
[2022-10-13T05:13:53.172+0000] {processor.py:758} INFO - Processing file /home/airflow/.local/lib/python3.7/site-packages/airflow/example_dags/example_time_delta_sensor_async.py for tasks to queue
[2022-10-13T05:13:53.172+0000] {logging_mixin.py:117} INFO - [2022-10-13T05:13:53.172+0000] {dagbag.py:525} INFO - Filling up the DagBag from /home/airflow/.local/lib/python3.7/site-packages/airflow/example_dags/example_time_delta_sensor_async.py
[2022-10-13T05:13:53.181+0000] {processor.py:768} INFO - DAG(s) dict_keys(['example_time_delta_sensor_async']) retrieved from /home/airflow/.local/lib/python3.7/site-packages/airflow/example_dags/example_time_delta_sensor_async.py
[2022-10-13T05:13:53.303+0000] {logging_mixin.py:117} INFO - [2022-10-13T05:13:53.303+0000] {dag.py:2573} INFO - Sync 1 DAGs
[2022-10-13T05:13:53.388+0000] {logging_mixin.py:117} INFO - [2022-10-13T05:13:53.388+0000] {dag.py:3328} INFO - Setting next_dagrun for example_time_delta_sensor_async to None, run_after=None
[2022-10-13T05:13:53.397+0000] {processor.py:178} INFO - Processing /home/airflow/.local/lib/python3.7/site-packages/airflow/example_dags/example_time_delta_sensor_async.py took 0.228 seconds
[2022-10-13T05:14:24.172+0000] {processor.py:156} INFO - Started process (PID=637) to work on /home/airflow/.local/lib/python3.7/site-packages/airflow/example_dags/example_time_delta_sensor_async.py
[2022-10-13T05:14:24.173+0000] {processor.py:758} INFO - Processing file /home/airflow/.local/lib/python3.7/site-packages/airflow/example_dags/example_time_delta_sensor_async.py for tasks to queue
[2022-10-13T05:14:24.173+0000] {logging_mixin.py:117} INFO - [2022-10-13T05:14:24.173+0000] {dagbag.py:525} INFO - Filling up the DagBag from /home/airflow/.local/lib/python3.7/site-packages/airflow/example_dags/example_time_delta_sensor_async.py
[2022-10-13T05:14:24.180+0000] {processor.py:768} INFO - DAG(s) dict_keys(['example_time_delta_sensor_async']) retrieved from /home/airflow/.local/lib/python3.7/site-packages/airflow/example_dags/example_time_delta_sensor_async.py
[2022-10-13T05:14:24.371+0000] {logging_mixin.py:117} INFO - [2022-10-13T05:14:24.371+0000] {dag.py:2573} INFO - Sync 1 DAGs
[2022-10-13T05:14:24.384+0000] {logging_mixin.py:117} INFO - [2022-10-13T05:14:24.384+0000] {dag.py:3328} INFO - Setting next_dagrun for example_time_delta_sensor_async to None, run_after=None
[2022-10-13T05:14:24.394+0000] {processor.py:178} INFO - Processing /home/airflow/.local/lib/python3.7/site-packages/airflow/example_dags/example_time_delta_sensor_async.py took 0.224 seconds
[2022-10-13T05:14:55.003+0000] {processor.py:156} INFO - Started process (PID=844) to work on /home/airflow/.local/lib/python3.7/site-packages/airflow/example_dags/example_time_delta_sensor_async.py
[2022-10-13T05:14:55.004+0000] {processor.py:758} INFO - Processing file /home/airflow/.local/lib/python3.7/site-packages/airflow/example_dags/example_time_delta_sensor_async.py for tasks to queue
[2022-10-13T05:14:55.004+0000] {logging_mixin.py:117} INFO - [2022-10-13T05:14:55.004+0000] {dagbag.py:525} INFO - Filling up the DagBag from /home/airflow/.local/lib/python3.7/site-packages/airflow/example_dags/example_time_delta_sensor_async.py
[2022-10-13T05:14:55.012+0000] {processor.py:768} INFO - DAG(s) dict_keys(['example_time_delta_sensor_async']) retrieved from /home/airflow/.local/lib/python3.7/site-packages/airflow/example_dags/example_time_delta_sensor_async.py
[2022-10-13T05:14:55.203+0000] {logging_mixin.py:117} INFO - [2022-10-13T05:14:55.203+0000] {dag.py:2573} INFO - Sync 1 DAGs
[2022-10-13T05:14:55.217+0000] {logging_mixin.py:117} INFO - [2022-10-13T05:14:55.217+0000] {dag.py:3328} INFO - Setting next_dagrun for example_time_delta_sensor_async to None, run_after=None
[2022-10-13T05:14:55.227+0000] {processor.py:178} INFO - Processing /home/airflow/.local/lib/python3.7/site-packages/airflow/example_dags/example_time_delta_sensor_async.py took 0.226 seconds
[2022-10-13T05:15:25.704+0000] {processor.py:156} INFO - Started process (PID=1042) to work on /home/airflow/.local/lib/python3.7/site-packages/airflow/example_dags/example_time_delta_sensor_async.py
[2022-10-13T05:15:25.704+0000] {processor.py:758} INFO - Processing file /home/airflow/.local/lib/python3.7/site-packages/airflow/example_dags/example_time_delta_sensor_async.py for tasks to queue
[2022-10-13T05:15:25.704+0000] {logging_mixin.py:117} INFO - [2022-10-13T05:15:25.704+0000] {dagbag.py:525} INFO - Filling up the DagBag from /home/airflow/.local/lib/python3.7/site-packages/airflow/example_dags/example_time_delta_sensor_async.py
[2022-10-13T05:15:25.712+0000] {processor.py:768} INFO - DAG(s) dict_keys(['example_time_delta_sensor_async']) retrieved from /home/airflow/.local/lib/python3.7/site-packages/airflow/example_dags/example_time_delta_sensor_async.py
[2022-10-13T05:15:25.899+0000] {logging_mixin.py:117} INFO - [2022-10-13T05:15:25.899+0000] {dag.py:2573} INFO - Sync 1 DAGs
[2022-10-13T05:15:25.912+0000] {logging_mixin.py:117} INFO - [2022-10-13T05:15:25.912+0000] {dag.py:3328} INFO - Setting next_dagrun for example_time_delta_sensor_async to None, run_after=None
[2022-10-13T05:15:25.922+0000] {processor.py:178} INFO - Processing /home/airflow/.local/lib/python3.7/site-packages/airflow/example_dags/example_time_delta_sensor_async.py took 0.220 seconds
[2022-10-13T05:15:56.483+0000] {processor.py:156} INFO - Started process (PID=1249) to work on /home/airflow/.local/lib/python3.7/site-packages/airflow/example_dags/example_time_delta_sensor_async.py
[2022-10-13T05:15:56.484+0000] {processor.py:758} INFO - Processing file /home/airflow/.local/lib/python3.7/site-packages/airflow/example_dags/example_time_delta_sensor_async.py for tasks to queue
[2022-10-13T05:15:56.484+0000] {logging_mixin.py:117} INFO - [2022-10-13T05:15:56.484+0000] {dagbag.py:525} INFO - Filling up the DagBag from /home/airflow/.local/lib/python3.7/site-packages/airflow/example_dags/example_time_delta_sensor_async.py
[2022-10-13T05:15:56.564+0000] {processor.py:768} INFO - DAG(s) dict_keys(['example_time_delta_sensor_async']) retrieved from /home/airflow/.local/lib/python3.7/site-packages/airflow/example_dags/example_time_delta_sensor_async.py
[2022-10-13T05:15:56.678+0000] {logging_mixin.py:117} INFO - [2022-10-13T05:15:56.678+0000] {dag.py:2573} INFO - Sync 1 DAGs
[2022-10-13T05:15:56.691+0000] {logging_mixin.py:117} INFO - [2022-10-13T05:15:56.691+0000] {dag.py:3328} INFO - Setting next_dagrun for example_time_delta_sensor_async to None, run_after=None
[2022-10-13T05:15:56.702+0000] {processor.py:178} INFO - Processing /home/airflow/.local/lib/python3.7/site-packages/airflow/example_dags/example_time_delta_sensor_async.py took 0.221 seconds
[2022-10-13T05:16:26.947+0000] {processor.py:156} INFO - Started process (PID=1454) to work on /home/airflow/.local/lib/python3.7/site-packages/airflow/example_dags/example_time_delta_sensor_async.py
[2022-10-13T05:16:26.948+0000] {processor.py:758} INFO - Processing file /home/airflow/.local/lib/python3.7/site-packages/airflow/example_dags/example_time_delta_sensor_async.py for tasks to queue
[2022-10-13T05:16:26.948+0000] {logging_mixin.py:117} INFO - [2022-10-13T05:16:26.948+0000] {dagbag.py:525} INFO - Filling up the DagBag from /home/airflow/.local/lib/python3.7/site-packages/airflow/example_dags/example_time_delta_sensor_async.py
[2022-10-13T05:16:26.956+0000] {processor.py:768} INFO - DAG(s) dict_keys(['example_time_delta_sensor_async']) retrieved from /home/airflow/.local/lib/python3.7/site-packages/airflow/example_dags/example_time_delta_sensor_async.py
[2022-10-13T05:16:27.079+0000] {logging_mixin.py:117} INFO - [2022-10-13T05:16:27.079+0000] {dag.py:2573} INFO - Sync 1 DAGs
[2022-10-13T05:16:27.094+0000] {logging_mixin.py:117} INFO - [2022-10-13T05:16:27.094+0000] {dag.py:3328} INFO - Setting next_dagrun for example_time_delta_sensor_async to None, run_after=None
[2022-10-13T05:16:27.105+0000] {processor.py:178} INFO - Processing /home/airflow/.local/lib/python3.7/site-packages/airflow/example_dags/example_time_delta_sensor_async.py took 0.159 seconds
[2022-10-13T05:16:57.573+0000] {processor.py:156} INFO - Started process (PID=1666) to work on /home/airflow/.local/lib/python3.7/site-packages/airflow/example_dags/example_time_delta_sensor_async.py
[2022-10-13T05:16:57.573+0000] {processor.py:758} INFO - Processing file /home/airflow/.local/lib/python3.7/site-packages/airflow/example_dags/example_time_delta_sensor_async.py for tasks to queue
[2022-10-13T05:16:57.574+0000] {logging_mixin.py:117} INFO - [2022-10-13T05:16:57.573+0000] {dagbag.py:525} INFO - Filling up the DagBag from /home/airflow/.local/lib/python3.7/site-packages/airflow/example_dags/example_time_delta_sensor_async.py
[2022-10-13T05:16:57.581+0000] {processor.py:768} INFO - DAG(s) dict_keys(['example_time_delta_sensor_async']) retrieved from /home/airflow/.local/lib/python3.7/site-packages/airflow/example_dags/example_time_delta_sensor_async.py
[2022-10-13T05:16:57.708+0000] {logging_mixin.py:117} INFO - [2022-10-13T05:16:57.708+0000] {dag.py:2573} INFO - Sync 1 DAGs
[2022-10-13T05:16:57.724+0000] {logging_mixin.py:117} INFO - [2022-10-13T05:16:57.723+0000] {dag.py:3328} INFO - Setting next_dagrun for example_time_delta_sensor_async to None, run_after=None
[2022-10-13T05:16:57.737+0000] {processor.py:178} INFO - Processing /home/airflow/.local/lib/python3.7/site-packages/airflow/example_dags/example_time_delta_sensor_async.py took 0.166 seconds
[2022-10-13T05:17:28.189+0000] {processor.py:156} INFO - Started process (PID=1868) to work on /home/airflow/.local/lib/python3.7/site-packages/airflow/example_dags/example_time_delta_sensor_async.py
[2022-10-13T05:17:28.190+0000] {processor.py:758} INFO - Processing file /home/airflow/.local/lib/python3.7/site-packages/airflow/example_dags/example_time_delta_sensor_async.py for tasks to queue
[2022-10-13T05:17:28.190+0000] {logging_mixin.py:117} INFO - [2022-10-13T05:17:28.190+0000] {dagbag.py:525} INFO - Filling up the DagBag from /home/airflow/.local/lib/python3.7/site-packages/airflow/example_dags/example_time_delta_sensor_async.py
[2022-10-13T05:17:28.198+0000] {processor.py:768} INFO - DAG(s) dict_keys(['example_time_delta_sensor_async']) retrieved from /home/airflow/.local/lib/python3.7/site-packages/airflow/example_dags/example_time_delta_sensor_async.py
[2022-10-13T05:17:28.319+0000] {logging_mixin.py:117} INFO - [2022-10-13T05:17:28.319+0000] {dag.py:2573} INFO - Sync 1 DAGs
[2022-10-13T05:17:28.334+0000] {logging_mixin.py:117} INFO - [2022-10-13T05:17:28.333+0000] {dag.py:3328} INFO - Setting next_dagrun for example_time_delta_sensor_async to None, run_after=None
[2022-10-13T05:17:28.344+0000] {processor.py:178} INFO - Processing /home/airflow/.local/lib/python3.7/site-packages/airflow/example_dags/example_time_delta_sensor_async.py took 0.156 seconds
[2022-10-13T05:17:58.832+0000] {processor.py:156} INFO - Started process (PID=2075) to work on /home/airflow/.local/lib/python3.7/site-packages/airflow/example_dags/example_time_delta_sensor_async.py
[2022-10-13T05:17:58.833+0000] {processor.py:758} INFO - Processing file /home/airflow/.local/lib/python3.7/site-packages/airflow/example_dags/example_time_delta_sensor_async.py for tasks to queue
[2022-10-13T05:17:58.833+0000] {logging_mixin.py:117} INFO - [2022-10-13T05:17:58.833+0000] {dagbag.py:525} INFO - Filling up the DagBag from /home/airflow/.local/lib/python3.7/site-packages/airflow/example_dags/example_time_delta_sensor_async.py
[2022-10-13T05:17:58.841+0000] {processor.py:768} INFO - DAG(s) dict_keys(['example_time_delta_sensor_async']) retrieved from /home/airflow/.local/lib/python3.7/site-packages/airflow/example_dags/example_time_delta_sensor_async.py
[2022-10-13T05:17:58.971+0000] {logging_mixin.py:117} INFO - [2022-10-13T05:17:58.971+0000] {dag.py:2573} INFO - Sync 1 DAGs
[2022-10-13T05:17:58.987+0000] {logging_mixin.py:117} INFO - [2022-10-13T05:17:58.987+0000] {dag.py:3328} INFO - Setting next_dagrun for example_time_delta_sensor_async to None, run_after=None
[2022-10-13T05:17:58.999+0000] {processor.py:178} INFO - Processing /home/airflow/.local/lib/python3.7/site-packages/airflow/example_dags/example_time_delta_sensor_async.py took 0.168 seconds
[2022-10-13T05:18:29.500+0000] {processor.py:156} INFO - Started process (PID=2273) to work on /home/airflow/.local/lib/python3.7/site-packages/airflow/example_dags/example_time_delta_sensor_async.py
[2022-10-13T05:18:29.500+0000] {processor.py:758} INFO - Processing file /home/airflow/.local/lib/python3.7/site-packages/airflow/example_dags/example_time_delta_sensor_async.py for tasks to queue
[2022-10-13T05:18:29.501+0000] {logging_mixin.py:117} INFO - [2022-10-13T05:18:29.501+0000] {dagbag.py:525} INFO - Filling up the DagBag from /home/airflow/.local/lib/python3.7/site-packages/airflow/example_dags/example_time_delta_sensor_async.py
[2022-10-13T05:18:29.508+0000] {processor.py:768} INFO - DAG(s) dict_keys(['example_time_delta_sensor_async']) retrieved from /home/airflow/.local/lib/python3.7/site-packages/airflow/example_dags/example_time_delta_sensor_async.py
[2022-10-13T05:18:29.631+0000] {logging_mixin.py:117} INFO - [2022-10-13T05:18:29.631+0000] {dag.py:2573} INFO - Sync 1 DAGs
[2022-10-13T05:18:29.647+0000] {logging_mixin.py:117} INFO - [2022-10-13T05:18:29.647+0000] {dag.py:3328} INFO - Setting next_dagrun for example_time_delta_sensor_async to None, run_after=None
[2022-10-13T05:18:29.658+0000] {processor.py:178} INFO - Processing /home/airflow/.local/lib/python3.7/site-packages/airflow/example_dags/example_time_delta_sensor_async.py took 0.160 seconds
[2022-10-13T05:19:00.096+0000] {processor.py:156} INFO - Started process (PID=2480) to work on /home/airflow/.local/lib/python3.7/site-packages/airflow/example_dags/example_time_delta_sensor_async.py
[2022-10-13T05:19:00.096+0000] {processor.py:758} INFO - Processing file /home/airflow/.local/lib/python3.7/site-packages/airflow/example_dags/example_time_delta_sensor_async.py for tasks to queue
[2022-10-13T05:19:00.096+0000] {logging_mixin.py:117} INFO - [2022-10-13T05:19:00.096+0000] {dagbag.py:525} INFO - Filling up the DagBag from /home/airflow/.local/lib/python3.7/site-packages/airflow/example_dags/example_time_delta_sensor_async.py
[2022-10-13T05:19:00.104+0000] {processor.py:768} INFO - DAG(s) dict_keys(['example_time_delta_sensor_async']) retrieved from /home/airflow/.local/lib/python3.7/site-packages/airflow/example_dags/example_time_delta_sensor_async.py
[2022-10-13T05:19:00.225+0000] {logging_mixin.py:117} INFO - [2022-10-13T05:19:00.225+0000] {dag.py:2573} INFO - Sync 1 DAGs
[2022-10-13T05:19:00.240+0000] {logging_mixin.py:117} INFO - [2022-10-13T05:19:00.239+0000] {dag.py:3328} INFO - Setting next_dagrun for example_time_delta_sensor_async to None, run_after=None
[2022-10-13T05:19:00.250+0000] {processor.py:178} INFO - Processing /home/airflow/.local/lib/python3.7/site-packages/airflow/example_dags/example_time_delta_sensor_async.py took 0.156 seconds
