[2022-10-13T05:13:22.556+0000] {processor.py:156} INFO - Started process (PID=242) to work on /home/airflow/.local/lib/python3.7/site-packages/airflow/example_dags/example_bash_operator.py
[2022-10-13T05:13:22.556+0000] {processor.py:758} INFO - Processing file /home/airflow/.local/lib/python3.7/site-packages/airflow/example_dags/example_bash_operator.py for tasks to queue
[2022-10-13T05:13:22.557+0000] {logging_mixin.py:117} INFO - [2022-10-13T05:13:22.557+0000] {dagbag.py:525} INFO - Filling up the DagBag from /home/airflow/.local/lib/python3.7/site-packages/airflow/example_dags/example_bash_operator.py
[2022-10-13T05:13:22.571+0000] {processor.py:768} INFO - DAG(s) dict_keys(['example_bash_operator']) retrieved from /home/airflow/.local/lib/python3.7/site-packages/airflow/example_dags/example_bash_operator.py
[2022-10-13T05:13:22.584+0000] {logging_mixin.py:117} INFO - [2022-10-13T05:13:22.584+0000] {dag.py:2573} INFO - Sync 1 DAGs
[2022-10-13T05:13:22.601+0000] {logging_mixin.py:117} INFO - [2022-10-13T05:13:22.600+0000] {dag.py:3328} INFO - Setting next_dagrun for example_bash_operator to 2022-10-12T00:00:00+00:00, run_after=2022-10-13T00:00:00+00:00
[2022-10-13T05:13:22.611+0000] {processor.py:178} INFO - Processing /home/airflow/.local/lib/python3.7/site-packages/airflow/example_dags/example_bash_operator.py took 0.057 seconds
[2022-10-13T05:13:53.527+0000] {processor.py:156} INFO - Started process (PID=449) to work on /home/airflow/.local/lib/python3.7/site-packages/airflow/example_dags/example_bash_operator.py
[2022-10-13T05:13:53.527+0000] {processor.py:758} INFO - Processing file /home/airflow/.local/lib/python3.7/site-packages/airflow/example_dags/example_bash_operator.py for tasks to queue
[2022-10-13T05:13:53.528+0000] {logging_mixin.py:117} INFO - [2022-10-13T05:13:53.527+0000] {dagbag.py:525} INFO - Filling up the DagBag from /home/airflow/.local/lib/python3.7/site-packages/airflow/example_dags/example_bash_operator.py
[2022-10-13T05:13:53.541+0000] {processor.py:768} INFO - DAG(s) dict_keys(['example_bash_operator']) retrieved from /home/airflow/.local/lib/python3.7/site-packages/airflow/example_dags/example_bash_operator.py
[2022-10-13T05:13:53.567+0000] {logging_mixin.py:117} INFO - [2022-10-13T05:13:53.567+0000] {dag.py:2573} INFO - Sync 1 DAGs
[2022-10-13T05:13:53.654+0000] {logging_mixin.py:117} INFO - [2022-10-13T05:13:53.654+0000] {dag.py:3328} INFO - Setting next_dagrun for example_bash_operator to 2022-10-12T00:00:00+00:00, run_after=2022-10-13T00:00:00+00:00
[2022-10-13T05:13:53.665+0000] {processor.py:178} INFO - Processing /home/airflow/.local/lib/python3.7/site-packages/airflow/example_dags/example_bash_operator.py took 0.140 seconds
[2022-10-13T05:14:24.501+0000] {processor.py:156} INFO - Started process (PID=657) to work on /home/airflow/.local/lib/python3.7/site-packages/airflow/example_dags/example_bash_operator.py
[2022-10-13T05:14:24.501+0000] {processor.py:758} INFO - Processing file /home/airflow/.local/lib/python3.7/site-packages/airflow/example_dags/example_bash_operator.py for tasks to queue
[2022-10-13T05:14:24.501+0000] {logging_mixin.py:117} INFO - [2022-10-13T05:14:24.501+0000] {dagbag.py:525} INFO - Filling up the DagBag from /home/airflow/.local/lib/python3.7/site-packages/airflow/example_dags/example_bash_operator.py
[2022-10-13T05:14:24.514+0000] {processor.py:768} INFO - DAG(s) dict_keys(['example_bash_operator']) retrieved from /home/airflow/.local/lib/python3.7/site-packages/airflow/example_dags/example_bash_operator.py
[2022-10-13T05:14:24.541+0000] {logging_mixin.py:117} INFO - [2022-10-13T05:14:24.541+0000] {dag.py:2573} INFO - Sync 1 DAGs
[2022-10-13T05:14:24.633+0000] {logging_mixin.py:117} INFO - [2022-10-13T05:14:24.633+0000] {dag.py:3328} INFO - Setting next_dagrun for example_bash_operator to 2022-10-12T00:00:00+00:00, run_after=2022-10-13T00:00:00+00:00
[2022-10-13T05:14:24.645+0000] {processor.py:178} INFO - Processing /home/airflow/.local/lib/python3.7/site-packages/airflow/example_dags/example_bash_operator.py took 0.145 seconds
[2022-10-13T05:14:55.328+0000] {processor.py:156} INFO - Started process (PID=864) to work on /home/airflow/.local/lib/python3.7/site-packages/airflow/example_dags/example_bash_operator.py
[2022-10-13T05:14:55.329+0000] {processor.py:758} INFO - Processing file /home/airflow/.local/lib/python3.7/site-packages/airflow/example_dags/example_bash_operator.py for tasks to queue
[2022-10-13T05:14:55.329+0000] {logging_mixin.py:117} INFO - [2022-10-13T05:14:55.329+0000] {dagbag.py:525} INFO - Filling up the DagBag from /home/airflow/.local/lib/python3.7/site-packages/airflow/example_dags/example_bash_operator.py
[2022-10-13T05:14:55.341+0000] {processor.py:768} INFO - DAG(s) dict_keys(['example_bash_operator']) retrieved from /home/airflow/.local/lib/python3.7/site-packages/airflow/example_dags/example_bash_operator.py
[2022-10-13T05:14:55.436+0000] {logging_mixin.py:117} INFO - [2022-10-13T05:14:55.436+0000] {dag.py:2573} INFO - Sync 1 DAGs
[2022-10-13T05:14:55.450+0000] {logging_mixin.py:117} INFO - [2022-10-13T05:14:55.450+0000] {dag.py:3328} INFO - Setting next_dagrun for example_bash_operator to 2022-10-12T00:00:00+00:00, run_after=2022-10-13T00:00:00+00:00
[2022-10-13T05:14:55.460+0000] {processor.py:178} INFO - Processing /home/airflow/.local/lib/python3.7/site-packages/airflow/example_dags/example_bash_operator.py took 0.133 seconds
[2022-10-13T05:15:26.029+0000] {processor.py:156} INFO - Started process (PID=1062) to work on /home/airflow/.local/lib/python3.7/site-packages/airflow/example_dags/example_bash_operator.py
[2022-10-13T05:15:26.029+0000] {processor.py:758} INFO - Processing file /home/airflow/.local/lib/python3.7/site-packages/airflow/example_dags/example_bash_operator.py for tasks to queue
[2022-10-13T05:15:26.029+0000] {logging_mixin.py:117} INFO - [2022-10-13T05:15:26.029+0000] {dagbag.py:525} INFO - Filling up the DagBag from /home/airflow/.local/lib/python3.7/site-packages/airflow/example_dags/example_bash_operator.py
[2022-10-13T05:15:26.041+0000] {processor.py:768} INFO - DAG(s) dict_keys(['example_bash_operator']) retrieved from /home/airflow/.local/lib/python3.7/site-packages/airflow/example_dags/example_bash_operator.py
[2022-10-13T05:15:26.136+0000] {logging_mixin.py:117} INFO - [2022-10-13T05:15:26.136+0000] {dag.py:2573} INFO - Sync 1 DAGs
[2022-10-13T05:15:26.151+0000] {logging_mixin.py:117} INFO - [2022-10-13T05:15:26.151+0000] {dag.py:3328} INFO - Setting next_dagrun for example_bash_operator to 2022-10-12T00:00:00+00:00, run_after=2022-10-13T00:00:00+00:00
[2022-10-13T05:15:26.162+0000] {processor.py:178} INFO - Processing /home/airflow/.local/lib/python3.7/site-packages/airflow/example_dags/example_bash_operator.py took 0.135 seconds
[2022-10-13T05:15:56.792+0000] {processor.py:156} INFO - Started process (PID=1269) to work on /home/airflow/.local/lib/python3.7/site-packages/airflow/example_dags/example_bash_operator.py
[2022-10-13T05:15:56.792+0000] {processor.py:758} INFO - Processing file /home/airflow/.local/lib/python3.7/site-packages/airflow/example_dags/example_bash_operator.py for tasks to queue
[2022-10-13T05:15:56.792+0000] {logging_mixin.py:117} INFO - [2022-10-13T05:15:56.792+0000] {dagbag.py:525} INFO - Filling up the DagBag from /home/airflow/.local/lib/python3.7/site-packages/airflow/example_dags/example_bash_operator.py
[2022-10-13T05:15:56.873+0000] {processor.py:768} INFO - DAG(s) dict_keys(['example_bash_operator']) retrieved from /home/airflow/.local/lib/python3.7/site-packages/airflow/example_dags/example_bash_operator.py
[2022-10-13T05:15:56.898+0000] {logging_mixin.py:117} INFO - [2022-10-13T05:15:56.898+0000] {dag.py:2573} INFO - Sync 1 DAGs
[2022-10-13T05:15:56.913+0000] {logging_mixin.py:117} INFO - [2022-10-13T05:15:56.913+0000] {dag.py:3328} INFO - Setting next_dagrun for example_bash_operator to 2022-10-12T00:00:00+00:00, run_after=2022-10-13T00:00:00+00:00
[2022-10-13T05:15:56.923+0000] {processor.py:178} INFO - Processing /home/airflow/.local/lib/python3.7/site-packages/airflow/example_dags/example_bash_operator.py took 0.133 seconds
[2022-10-13T05:16:27.141+0000] {processor.py:156} INFO - Started process (PID=1474) to work on /home/airflow/.local/lib/python3.7/site-packages/airflow/example_dags/example_bash_operator.py
[2022-10-13T05:16:27.142+0000] {processor.py:758} INFO - Processing file /home/airflow/.local/lib/python3.7/site-packages/airflow/example_dags/example_bash_operator.py for tasks to queue
[2022-10-13T05:16:27.142+0000] {logging_mixin.py:117} INFO - [2022-10-13T05:16:27.142+0000] {dagbag.py:525} INFO - Filling up the DagBag from /home/airflow/.local/lib/python3.7/site-packages/airflow/example_dags/example_bash_operator.py
[2022-10-13T05:16:27.155+0000] {processor.py:768} INFO - DAG(s) dict_keys(['example_bash_operator']) retrieved from /home/airflow/.local/lib/python3.7/site-packages/airflow/example_dags/example_bash_operator.py
[2022-10-13T05:16:27.183+0000] {logging_mixin.py:117} INFO - [2022-10-13T05:16:27.182+0000] {dag.py:2573} INFO - Sync 1 DAGs
[2022-10-13T05:16:27.199+0000] {logging_mixin.py:117} INFO - [2022-10-13T05:16:27.199+0000] {dag.py:3328} INFO - Setting next_dagrun for example_bash_operator to 2022-10-12T00:00:00+00:00, run_after=2022-10-13T00:00:00+00:00
[2022-10-13T05:16:27.210+0000] {processor.py:178} INFO - Processing /home/airflow/.local/lib/python3.7/site-packages/airflow/example_dags/example_bash_operator.py took 0.071 seconds
[2022-10-13T05:16:57.755+0000] {processor.py:156} INFO - Started process (PID=1681) to work on /home/airflow/.local/lib/python3.7/site-packages/airflow/example_dags/example_bash_operator.py
[2022-10-13T05:16:57.755+0000] {processor.py:758} INFO - Processing file /home/airflow/.local/lib/python3.7/site-packages/airflow/example_dags/example_bash_operator.py for tasks to queue
[2022-10-13T05:16:57.755+0000] {logging_mixin.py:117} INFO - [2022-10-13T05:16:57.755+0000] {dagbag.py:525} INFO - Filling up the DagBag from /home/airflow/.local/lib/python3.7/site-packages/airflow/example_dags/example_bash_operator.py
[2022-10-13T05:16:57.769+0000] {processor.py:768} INFO - DAG(s) dict_keys(['example_bash_operator']) retrieved from /home/airflow/.local/lib/python3.7/site-packages/airflow/example_dags/example_bash_operator.py
[2022-10-13T05:16:57.798+0000] {logging_mixin.py:117} INFO - [2022-10-13T05:16:57.798+0000] {dag.py:2573} INFO - Sync 1 DAGs
[2022-10-13T05:16:57.814+0000] {logging_mixin.py:117} INFO - [2022-10-13T05:16:57.814+0000] {dag.py:3328} INFO - Setting next_dagrun for example_bash_operator to 2022-10-12T00:00:00+00:00, run_after=2022-10-13T00:00:00+00:00
[2022-10-13T05:16:57.826+0000] {processor.py:178} INFO - Processing /home/airflow/.local/lib/python3.7/site-packages/airflow/example_dags/example_bash_operator.py took 0.073 seconds
[2022-10-13T05:17:28.377+0000] {processor.py:156} INFO - Started process (PID=1888) to work on /home/airflow/.local/lib/python3.7/site-packages/airflow/example_dags/example_bash_operator.py
[2022-10-13T05:17:28.378+0000] {processor.py:758} INFO - Processing file /home/airflow/.local/lib/python3.7/site-packages/airflow/example_dags/example_bash_operator.py for tasks to queue
[2022-10-13T05:17:28.378+0000] {logging_mixin.py:117} INFO - [2022-10-13T05:17:28.378+0000] {dagbag.py:525} INFO - Filling up the DagBag from /home/airflow/.local/lib/python3.7/site-packages/airflow/example_dags/example_bash_operator.py
[2022-10-13T05:17:28.392+0000] {processor.py:768} INFO - DAG(s) dict_keys(['example_bash_operator']) retrieved from /home/airflow/.local/lib/python3.7/site-packages/airflow/example_dags/example_bash_operator.py
[2022-10-13T05:17:28.419+0000] {logging_mixin.py:117} INFO - [2022-10-13T05:17:28.419+0000] {dag.py:2573} INFO - Sync 1 DAGs
[2022-10-13T05:17:28.435+0000] {logging_mixin.py:117} INFO - [2022-10-13T05:17:28.435+0000] {dag.py:3328} INFO - Setting next_dagrun for example_bash_operator to 2022-10-12T00:00:00+00:00, run_after=2022-10-13T00:00:00+00:00
[2022-10-13T05:17:28.446+0000] {processor.py:178} INFO - Processing /home/airflow/.local/lib/python3.7/site-packages/airflow/example_dags/example_bash_operator.py took 0.070 seconds
[2022-10-13T05:17:59.098+0000] {processor.py:156} INFO - Started process (PID=2095) to work on /home/airflow/.local/lib/python3.7/site-packages/airflow/example_dags/example_bash_operator.py
[2022-10-13T05:17:59.098+0000] {processor.py:758} INFO - Processing file /home/airflow/.local/lib/python3.7/site-packages/airflow/example_dags/example_bash_operator.py for tasks to queue
[2022-10-13T05:17:59.099+0000] {logging_mixin.py:117} INFO - [2022-10-13T05:17:59.099+0000] {dagbag.py:525} INFO - Filling up the DagBag from /home/airflow/.local/lib/python3.7/site-packages/airflow/example_dags/example_bash_operator.py
[2022-10-13T05:17:59.114+0000] {processor.py:768} INFO - DAG(s) dict_keys(['example_bash_operator']) retrieved from /home/airflow/.local/lib/python3.7/site-packages/airflow/example_dags/example_bash_operator.py
[2022-10-13T05:17:59.143+0000] {logging_mixin.py:117} INFO - [2022-10-13T05:17:59.143+0000] {dag.py:2573} INFO - Sync 1 DAGs
[2022-10-13T05:17:59.160+0000] {logging_mixin.py:117} INFO - [2022-10-13T05:17:59.160+0000] {dag.py:3328} INFO - Setting next_dagrun for example_bash_operator to 2022-10-12T00:00:00+00:00, run_after=2022-10-13T00:00:00+00:00
[2022-10-13T05:17:59.172+0000] {processor.py:178} INFO - Processing /home/airflow/.local/lib/python3.7/site-packages/airflow/example_dags/example_bash_operator.py took 0.076 seconds
[2022-10-13T05:18:29.700+0000] {processor.py:156} INFO - Started process (PID=2293) to work on /home/airflow/.local/lib/python3.7/site-packages/airflow/example_dags/example_bash_operator.py
[2022-10-13T05:18:29.700+0000] {processor.py:758} INFO - Processing file /home/airflow/.local/lib/python3.7/site-packages/airflow/example_dags/example_bash_operator.py for tasks to queue
[2022-10-13T05:18:29.701+0000] {logging_mixin.py:117} INFO - [2022-10-13T05:18:29.701+0000] {dagbag.py:525} INFO - Filling up the DagBag from /home/airflow/.local/lib/python3.7/site-packages/airflow/example_dags/example_bash_operator.py
[2022-10-13T05:18:29.713+0000] {processor.py:768} INFO - DAG(s) dict_keys(['example_bash_operator']) retrieved from /home/airflow/.local/lib/python3.7/site-packages/airflow/example_dags/example_bash_operator.py
[2022-10-13T05:18:29.741+0000] {logging_mixin.py:117} INFO - [2022-10-13T05:18:29.741+0000] {dag.py:2573} INFO - Sync 1 DAGs
[2022-10-13T05:18:29.758+0000] {logging_mixin.py:117} INFO - [2022-10-13T05:18:29.758+0000] {dag.py:3328} INFO - Setting next_dagrun for example_bash_operator to 2022-10-12T00:00:00+00:00, run_after=2022-10-13T00:00:00+00:00
[2022-10-13T05:18:29.768+0000] {processor.py:178} INFO - Processing /home/airflow/.local/lib/python3.7/site-packages/airflow/example_dags/example_bash_operator.py took 0.070 seconds
[2022-10-13T05:19:00.286+0000] {processor.py:156} INFO - Started process (PID=2500) to work on /home/airflow/.local/lib/python3.7/site-packages/airflow/example_dags/example_bash_operator.py
[2022-10-13T05:19:00.287+0000] {processor.py:758} INFO - Processing file /home/airflow/.local/lib/python3.7/site-packages/airflow/example_dags/example_bash_operator.py for tasks to queue
[2022-10-13T05:19:00.287+0000] {logging_mixin.py:117} INFO - [2022-10-13T05:19:00.287+0000] {dagbag.py:525} INFO - Filling up the DagBag from /home/airflow/.local/lib/python3.7/site-packages/airflow/example_dags/example_bash_operator.py
[2022-10-13T05:19:00.299+0000] {processor.py:768} INFO - DAG(s) dict_keys(['example_bash_operator']) retrieved from /home/airflow/.local/lib/python3.7/site-packages/airflow/example_dags/example_bash_operator.py
[2022-10-13T05:19:00.326+0000] {logging_mixin.py:117} INFO - [2022-10-13T05:19:00.326+0000] {dag.py:2573} INFO - Sync 1 DAGs
[2022-10-13T05:19:00.342+0000] {logging_mixin.py:117} INFO - [2022-10-13T05:19:00.341+0000] {dag.py:3328} INFO - Setting next_dagrun for example_bash_operator to 2022-10-12T00:00:00+00:00, run_after=2022-10-13T00:00:00+00:00
[2022-10-13T05:19:00.352+0000] {processor.py:178} INFO - Processing /home/airflow/.local/lib/python3.7/site-packages/airflow/example_dags/example_bash_operator.py took 0.067 seconds
