[2022-10-13T05:13:23.229+0000] {processor.py:156} INFO - Started process (PID=337) to work on /home/airflow/.local/lib/python3.7/site-packages/airflow/example_dags/tutorial.py
[2022-10-13T05:13:23.230+0000] {processor.py:758} INFO - Processing file /home/airflow/.local/lib/python3.7/site-packages/airflow/example_dags/tutorial.py for tasks to queue
[2022-10-13T05:13:23.230+0000] {logging_mixin.py:117} INFO - [2022-10-13T05:13:23.230+0000] {dagbag.py:525} INFO - Filling up the DagBag from /home/airflow/.local/lib/python3.7/site-packages/airflow/example_dags/tutorial.py
[2022-10-13T05:13:23.243+0000] {processor.py:768} INFO - DAG(s) dict_keys(['tutorial']) retrieved from /home/airflow/.local/lib/python3.7/site-packages/airflow/example_dags/tutorial.py
[2022-10-13T05:13:23.262+0000] {logging_mixin.py:117} INFO - [2022-10-13T05:13:23.262+0000] {dag.py:2573} INFO - Sync 1 DAGs
[2022-10-13T05:13:23.283+0000] {logging_mixin.py:117} INFO - [2022-10-13T05:13:23.283+0000] {dag.py:3328} INFO - Setting next_dagrun for tutorial to 2022-10-12T05:13:23.283080+00:00, run_after=2022-10-13T05:13:23.283080+00:00
[2022-10-13T05:13:23.297+0000] {processor.py:178} INFO - Processing /home/airflow/.local/lib/python3.7/site-packages/airflow/example_dags/tutorial.py took 0.070 seconds
[2022-10-13T05:13:55.200+0000] {processor.py:156} INFO - Started process (PID=546) to work on /home/airflow/.local/lib/python3.7/site-packages/airflow/example_dags/tutorial.py
[2022-10-13T05:13:55.200+0000] {processor.py:758} INFO - Processing file /home/airflow/.local/lib/python3.7/site-packages/airflow/example_dags/tutorial.py for tasks to queue
[2022-10-13T05:13:55.200+0000] {logging_mixin.py:117} INFO - [2022-10-13T05:13:55.200+0000] {dagbag.py:525} INFO - Filling up the DagBag from /home/airflow/.local/lib/python3.7/site-packages/airflow/example_dags/tutorial.py
[2022-10-13T05:13:55.208+0000] {processor.py:768} INFO - DAG(s) dict_keys(['tutorial']) retrieved from /home/airflow/.local/lib/python3.7/site-packages/airflow/example_dags/tutorial.py
[2022-10-13T05:13:55.229+0000] {logging_mixin.py:117} INFO - [2022-10-13T05:13:55.229+0000] {dag.py:2573} INFO - Sync 1 DAGs
[2022-10-13T05:13:55.316+0000] {logging_mixin.py:117} INFO - [2022-10-13T05:13:55.316+0000] {dag.py:3328} INFO - Setting next_dagrun for tutorial to 2022-10-12T05:13:55.316609+00:00, run_after=2022-10-13T05:13:55.316609+00:00
[2022-10-13T05:13:55.327+0000] {processor.py:178} INFO - Processing /home/airflow/.local/lib/python3.7/site-packages/airflow/example_dags/tutorial.py took 0.129 seconds
[2022-10-13T05:14:25.973+0000] {processor.py:156} INFO - Started process (PID=752) to work on /home/airflow/.local/lib/python3.7/site-packages/airflow/example_dags/tutorial.py
[2022-10-13T05:14:25.973+0000] {processor.py:758} INFO - Processing file /home/airflow/.local/lib/python3.7/site-packages/airflow/example_dags/tutorial.py for tasks to queue
[2022-10-13T05:14:25.973+0000] {logging_mixin.py:117} INFO - [2022-10-13T05:14:25.973+0000] {dagbag.py:525} INFO - Filling up the DagBag from /home/airflow/.local/lib/python3.7/site-packages/airflow/example_dags/tutorial.py
[2022-10-13T05:14:25.981+0000] {processor.py:768} INFO - DAG(s) dict_keys(['tutorial']) retrieved from /home/airflow/.local/lib/python3.7/site-packages/airflow/example_dags/tutorial.py
[2022-10-13T05:14:26.003+0000] {logging_mixin.py:117} INFO - [2022-10-13T05:14:26.002+0000] {dag.py:2573} INFO - Sync 1 DAGs
[2022-10-13T05:14:26.093+0000] {logging_mixin.py:117} INFO - [2022-10-13T05:14:26.093+0000] {dag.py:3328} INFO - Setting next_dagrun for tutorial to 2022-10-12T05:14:26.093749+00:00, run_after=2022-10-13T05:14:26.093749+00:00
[2022-10-13T05:14:26.105+0000] {processor.py:178} INFO - Processing /home/airflow/.local/lib/python3.7/site-packages/airflow/example_dags/tutorial.py took 0.134 seconds
[2022-10-13T05:14:56.725+0000] {processor.py:156} INFO - Started process (PID=959) to work on /home/airflow/.local/lib/python3.7/site-packages/airflow/example_dags/tutorial.py
[2022-10-13T05:14:56.725+0000] {processor.py:758} INFO - Processing file /home/airflow/.local/lib/python3.7/site-packages/airflow/example_dags/tutorial.py for tasks to queue
[2022-10-13T05:14:56.726+0000] {logging_mixin.py:117} INFO - [2022-10-13T05:14:56.726+0000] {dagbag.py:525} INFO - Filling up the DagBag from /home/airflow/.local/lib/python3.7/site-packages/airflow/example_dags/tutorial.py
[2022-10-13T05:14:56.734+0000] {processor.py:768} INFO - DAG(s) dict_keys(['tutorial']) retrieved from /home/airflow/.local/lib/python3.7/site-packages/airflow/example_dags/tutorial.py
[2022-10-13T05:14:56.827+0000] {logging_mixin.py:117} INFO - [2022-10-13T05:14:56.827+0000] {dag.py:2573} INFO - Sync 1 DAGs
[2022-10-13T05:14:56.840+0000] {logging_mixin.py:117} INFO - [2022-10-13T05:14:56.839+0000] {dag.py:3328} INFO - Setting next_dagrun for tutorial to 2022-10-12T05:14:56.839824+00:00, run_after=2022-10-13T05:14:56.839824+00:00
[2022-10-13T05:14:56.849+0000] {processor.py:178} INFO - Processing /home/airflow/.local/lib/python3.7/site-packages/airflow/example_dags/tutorial.py took 0.126 seconds
[2022-10-13T05:15:27.499+0000] {processor.py:156} INFO - Started process (PID=1166) to work on /home/airflow/.local/lib/python3.7/site-packages/airflow/example_dags/tutorial.py
[2022-10-13T05:15:27.500+0000] {processor.py:758} INFO - Processing file /home/airflow/.local/lib/python3.7/site-packages/airflow/example_dags/tutorial.py for tasks to queue
[2022-10-13T05:15:27.500+0000] {logging_mixin.py:117} INFO - [2022-10-13T05:15:27.500+0000] {dagbag.py:525} INFO - Filling up the DagBag from /home/airflow/.local/lib/python3.7/site-packages/airflow/example_dags/tutorial.py
[2022-10-13T05:15:27.509+0000] {processor.py:768} INFO - DAG(s) dict_keys(['tutorial']) retrieved from /home/airflow/.local/lib/python3.7/site-packages/airflow/example_dags/tutorial.py
[2022-10-13T05:15:27.601+0000] {logging_mixin.py:117} INFO - [2022-10-13T05:15:27.601+0000] {dag.py:2573} INFO - Sync 1 DAGs
[2022-10-13T05:15:27.615+0000] {logging_mixin.py:117} INFO - [2022-10-13T05:15:27.615+0000] {dag.py:3328} INFO - Setting next_dagrun for tutorial to 2022-10-12T05:15:27.614990+00:00, run_after=2022-10-13T05:15:27.614990+00:00
[2022-10-13T05:15:27.626+0000] {processor.py:178} INFO - Processing /home/airflow/.local/lib/python3.7/site-packages/airflow/example_dags/tutorial.py took 0.128 seconds
[2022-10-13T05:15:58.168+0000] {processor.py:156} INFO - Started process (PID=1364) to work on /home/airflow/.local/lib/python3.7/site-packages/airflow/example_dags/tutorial.py
[2022-10-13T05:15:58.169+0000] {processor.py:758} INFO - Processing file /home/airflow/.local/lib/python3.7/site-packages/airflow/example_dags/tutorial.py for tasks to queue
[2022-10-13T05:15:58.169+0000] {logging_mixin.py:117} INFO - [2022-10-13T05:15:58.169+0000] {dagbag.py:525} INFO - Filling up the DagBag from /home/airflow/.local/lib/python3.7/site-packages/airflow/example_dags/tutorial.py
[2022-10-13T05:15:58.246+0000] {processor.py:768} INFO - DAG(s) dict_keys(['tutorial']) retrieved from /home/airflow/.local/lib/python3.7/site-packages/airflow/example_dags/tutorial.py
[2022-10-13T05:15:58.264+0000] {logging_mixin.py:117} INFO - [2022-10-13T05:15:58.264+0000] {dag.py:2573} INFO - Sync 1 DAGs
[2022-10-13T05:15:58.278+0000] {logging_mixin.py:117} INFO - [2022-10-13T05:15:58.278+0000] {dag.py:3328} INFO - Setting next_dagrun for tutorial to 2022-10-12T05:15:58.278771+00:00, run_after=2022-10-13T05:15:58.278771+00:00
[2022-10-13T05:15:58.289+0000] {processor.py:178} INFO - Processing /home/airflow/.local/lib/python3.7/site-packages/airflow/example_dags/tutorial.py took 0.122 seconds
[2022-10-13T05:16:28.947+0000] {processor.py:156} INFO - Started process (PID=1571) to work on /home/airflow/.local/lib/python3.7/site-packages/airflow/example_dags/tutorial.py
[2022-10-13T05:16:28.948+0000] {processor.py:758} INFO - Processing file /home/airflow/.local/lib/python3.7/site-packages/airflow/example_dags/tutorial.py for tasks to queue
[2022-10-13T05:16:28.948+0000] {logging_mixin.py:117} INFO - [2022-10-13T05:16:28.948+0000] {dagbag.py:525} INFO - Filling up the DagBag from /home/airflow/.local/lib/python3.7/site-packages/airflow/example_dags/tutorial.py
[2022-10-13T05:16:28.956+0000] {processor.py:768} INFO - DAG(s) dict_keys(['tutorial']) retrieved from /home/airflow/.local/lib/python3.7/site-packages/airflow/example_dags/tutorial.py
[2022-10-13T05:16:28.979+0000] {logging_mixin.py:117} INFO - [2022-10-13T05:16:28.979+0000] {dag.py:2573} INFO - Sync 1 DAGs
[2022-10-13T05:16:28.994+0000] {logging_mixin.py:117} INFO - [2022-10-13T05:16:28.994+0000] {dag.py:3328} INFO - Setting next_dagrun for tutorial to 2022-10-12T05:16:28.994303+00:00, run_after=2022-10-13T05:16:28.994303+00:00
[2022-10-13T05:16:29.006+0000] {processor.py:178} INFO - Processing /home/airflow/.local/lib/python3.7/site-packages/airflow/example_dags/tutorial.py took 0.060 seconds
[2022-10-13T05:16:59.595+0000] {processor.py:156} INFO - Started process (PID=1776) to work on /home/airflow/.local/lib/python3.7/site-packages/airflow/example_dags/tutorial.py
[2022-10-13T05:16:59.596+0000] {processor.py:758} INFO - Processing file /home/airflow/.local/lib/python3.7/site-packages/airflow/example_dags/tutorial.py for tasks to queue
[2022-10-13T05:16:59.596+0000] {logging_mixin.py:117} INFO - [2022-10-13T05:16:59.596+0000] {dagbag.py:525} INFO - Filling up the DagBag from /home/airflow/.local/lib/python3.7/site-packages/airflow/example_dags/tutorial.py
[2022-10-13T05:16:59.604+0000] {processor.py:768} INFO - DAG(s) dict_keys(['tutorial']) retrieved from /home/airflow/.local/lib/python3.7/site-packages/airflow/example_dags/tutorial.py
[2022-10-13T05:16:59.628+0000] {logging_mixin.py:117} INFO - [2022-10-13T05:16:59.628+0000] {dag.py:2573} INFO - Sync 1 DAGs
[2022-10-13T05:16:59.645+0000] {logging_mixin.py:117} INFO - [2022-10-13T05:16:59.644+0000] {dag.py:3328} INFO - Setting next_dagrun for tutorial to 2022-10-12T05:16:59.644865+00:00, run_after=2022-10-13T05:16:59.644865+00:00
[2022-10-13T05:16:59.658+0000] {processor.py:178} INFO - Processing /home/airflow/.local/lib/python3.7/site-packages/airflow/example_dags/tutorial.py took 0.064 seconds
[2022-10-13T05:17:30.224+0000] {processor.py:156} INFO - Started process (PID=1985) to work on /home/airflow/.local/lib/python3.7/site-packages/airflow/example_dags/tutorial.py
[2022-10-13T05:17:30.224+0000] {processor.py:758} INFO - Processing file /home/airflow/.local/lib/python3.7/site-packages/airflow/example_dags/tutorial.py for tasks to queue
[2022-10-13T05:17:30.224+0000] {logging_mixin.py:117} INFO - [2022-10-13T05:17:30.224+0000] {dagbag.py:525} INFO - Filling up the DagBag from /home/airflow/.local/lib/python3.7/site-packages/airflow/example_dags/tutorial.py
[2022-10-13T05:17:30.233+0000] {processor.py:768} INFO - DAG(s) dict_keys(['tutorial']) retrieved from /home/airflow/.local/lib/python3.7/site-packages/airflow/example_dags/tutorial.py
[2022-10-13T05:17:30.256+0000] {logging_mixin.py:117} INFO - [2022-10-13T05:17:30.256+0000] {dag.py:2573} INFO - Sync 1 DAGs
[2022-10-13T05:17:30.273+0000] {logging_mixin.py:117} INFO - [2022-10-13T05:17:30.273+0000] {dag.py:3328} INFO - Setting next_dagrun for tutorial to 2022-10-12T05:17:30.273186+00:00, run_after=2022-10-13T05:17:30.273186+00:00
[2022-10-13T05:17:30.284+0000] {processor.py:178} INFO - Processing /home/airflow/.local/lib/python3.7/site-packages/airflow/example_dags/tutorial.py took 0.061 seconds
[2022-10-13T05:18:00.884+0000] {processor.py:156} INFO - Started process (PID=2190) to work on /home/airflow/.local/lib/python3.7/site-packages/airflow/example_dags/tutorial.py
[2022-10-13T05:18:00.884+0000] {processor.py:758} INFO - Processing file /home/airflow/.local/lib/python3.7/site-packages/airflow/example_dags/tutorial.py for tasks to queue
[2022-10-13T05:18:00.885+0000] {logging_mixin.py:117} INFO - [2022-10-13T05:18:00.885+0000] {dagbag.py:525} INFO - Filling up the DagBag from /home/airflow/.local/lib/python3.7/site-packages/airflow/example_dags/tutorial.py
[2022-10-13T05:18:00.893+0000] {processor.py:768} INFO - DAG(s) dict_keys(['tutorial']) retrieved from /home/airflow/.local/lib/python3.7/site-packages/airflow/example_dags/tutorial.py
[2022-10-13T05:18:00.915+0000] {logging_mixin.py:117} INFO - [2022-10-13T05:18:00.915+0000] {dag.py:2573} INFO - Sync 1 DAGs
[2022-10-13T05:18:00.931+0000] {logging_mixin.py:117} INFO - [2022-10-13T05:18:00.931+0000] {dag.py:3328} INFO - Setting next_dagrun for tutorial to 2022-10-12T05:18:00.931374+00:00, run_after=2022-10-13T05:18:00.931374+00:00
[2022-10-13T05:18:00.943+0000] {processor.py:178} INFO - Processing /home/airflow/.local/lib/python3.7/site-packages/airflow/example_dags/tutorial.py took 0.060 seconds
[2022-10-13T05:18:31.533+0000] {processor.py:156} INFO - Started process (PID=2397) to work on /home/airflow/.local/lib/python3.7/site-packages/airflow/example_dags/tutorial.py
[2022-10-13T05:18:31.533+0000] {processor.py:758} INFO - Processing file /home/airflow/.local/lib/python3.7/site-packages/airflow/example_dags/tutorial.py for tasks to queue
[2022-10-13T05:18:31.534+0000] {logging_mixin.py:117} INFO - [2022-10-13T05:18:31.534+0000] {dagbag.py:525} INFO - Filling up the DagBag from /home/airflow/.local/lib/python3.7/site-packages/airflow/example_dags/tutorial.py
[2022-10-13T05:18:31.542+0000] {processor.py:768} INFO - DAG(s) dict_keys(['tutorial']) retrieved from /home/airflow/.local/lib/python3.7/site-packages/airflow/example_dags/tutorial.py
[2022-10-13T05:18:31.567+0000] {logging_mixin.py:117} INFO - [2022-10-13T05:18:31.567+0000] {dag.py:2573} INFO - Sync 1 DAGs
[2022-10-13T05:18:31.584+0000] {logging_mixin.py:117} INFO - [2022-10-13T05:18:31.584+0000] {dag.py:3328} INFO - Setting next_dagrun for tutorial to 2022-10-12T05:18:31.584310+00:00, run_after=2022-10-13T05:18:31.584310+00:00
[2022-10-13T05:18:31.595+0000] {processor.py:178} INFO - Processing /home/airflow/.local/lib/python3.7/site-packages/airflow/example_dags/tutorial.py took 0.065 seconds
[2022-10-13T05:19:02.108+0000] {processor.py:156} INFO - Started process (PID=2607) to work on /home/airflow/.local/lib/python3.7/site-packages/airflow/example_dags/tutorial.py
[2022-10-13T05:19:02.108+0000] {processor.py:758} INFO - Processing file /home/airflow/.local/lib/python3.7/site-packages/airflow/example_dags/tutorial.py for tasks to queue
[2022-10-13T05:19:02.109+0000] {logging_mixin.py:117} INFO - [2022-10-13T05:19:02.109+0000] {dagbag.py:525} INFO - Filling up the DagBag from /home/airflow/.local/lib/python3.7/site-packages/airflow/example_dags/tutorial.py
[2022-10-13T05:19:02.117+0000] {processor.py:768} INFO - DAG(s) dict_keys(['tutorial']) retrieved from /home/airflow/.local/lib/python3.7/site-packages/airflow/example_dags/tutorial.py
[2022-10-13T05:19:02.139+0000] {logging_mixin.py:117} INFO - [2022-10-13T05:19:02.139+0000] {dag.py:2573} INFO - Sync 1 DAGs
[2022-10-13T05:19:02.154+0000] {logging_mixin.py:117} INFO - [2022-10-13T05:19:02.153+0000] {dag.py:3328} INFO - Setting next_dagrun for tutorial to 2022-10-12T05:19:02.153791+00:00, run_after=2022-10-13T05:19:02.153791+00:00
[2022-10-13T05:19:02.164+0000] {processor.py:178} INFO - Processing /home/airflow/.local/lib/python3.7/site-packages/airflow/example_dags/tutorial.py took 0.058 seconds
